ARM GAS  C:\Users\HARTO_~1\AppData\Local\Temp\cct3mHWc.s 			page 1


   1              		.cpu cortex-m3
   2              		.eabi_attribute 20, 1
   3              		.eabi_attribute 21, 1
   4              		.eabi_attribute 23, 3
   5              		.eabi_attribute 24, 1
   6              		.eabi_attribute 25, 1
   7              		.eabi_attribute 26, 1
   8              		.eabi_attribute 30, 1
   9              		.eabi_attribute 34, 1
  10              		.eabi_attribute 18, 4
  11              		.file	"main.c"
  12              		.text
  13              	.Ltext0:
  14              		.cfi_sections	.debug_frame
  15              		.section	.text.vTaskSendValue,"ax",%progbits
  16              		.align	1
  17              		.global	vTaskSendValue
  18              		.arch armv7-m
  19              		.syntax unified
  20              		.thumb
  21              		.thumb_func
  22              		.fpu softvfp
  24              	vTaskSendValue:
  25              	.LFB70:
  26              		.file 1 "Code/src/main.c"
   1:Code/src/main.c **** /***************************Library*******************************/
   2:Code/src/main.c **** 
   3:Code/src/main.c **** #include "main.h"
   4:Code/src/main.c **** 
   5:Code/src/main.c **** /*****************************Main*******************************/
   6:Code/src/main.c **** 
   7:Code/src/main.c **** int main(void)
   8:Code/src/main.c **** {
   9:Code/src/main.c ****     RCC_Init();
  10:Code/src/main.c ****     GPIO_Init();
  11:Code/src/main.c **** 	USART3_Init();
  12:Code/src/main.c **** 	adcInit();
  13:Code/src/main.c **** 
  14:Code/src/main.c **** 	xTaskCreate(vTaskSendValue, "Value", 128, NULL, 1, NULL);
  15:Code/src/main.c **** 	xTaskCreate(vTaskConvertADC, "ADC", 128, NULL, 1, NULL);
  16:Code/src/main.c **** 
  17:Code/src/main.c **** 	SendDataADC = xQueueCreate(5, sizeof(uint16_t));
  18:Code/src/main.c **** 	
  19:Code/src/main.c **** 	vTaskStartScheduler();
  20:Code/src/main.c **** 
  21:Code/src/main.c ****     while (1)
  22:Code/src/main.c ****     {
  23:Code/src/main.c **** 
  24:Code/src/main.c ****     }
  25:Code/src/main.c ****   
  26:Code/src/main.c **** }
  27:Code/src/main.c **** 
  28:Code/src/main.c **** /*****************************Tasks*******************************/
  29:Code/src/main.c **** 
  30:Code/src/main.c **** void vTaskSendValue(void *argument)
  31:Code/src/main.c **** {
  27              		.loc 1 31 1 view -0
ARM GAS  C:\Users\HARTO_~1\AppData\Local\Temp\cct3mHWc.s 			page 2


  28              		.cfi_startproc
  29              		@ Volatile: function does not return.
  30              		@ args = 0, pretend = 0, frame = 8
  31              		@ frame_needed = 0, uses_anonymous_args = 0
  32              	.LVL0:
  33              		.loc 1 31 1 is_stmt 0 view .LVU1
  34 0000 00B5     		push	{lr}
  35              	.LCFI0:
  36              		.cfi_def_cfa_offset 4
  37              		.cfi_offset 14, -4
  38 0002 83B0     		sub	sp, sp, #12
  39              	.LCFI1:
  40              		.cfi_def_cfa_offset 16
  41 0004 02E0     		b	.L3
  42              	.LVL1:
  43              	.L2:
  32:Code/src/main.c **** 	uint16_t data;
  33:Code/src/main.c **** 
  34:Code/src/main.c **** 	while (1)
  35:Code/src/main.c **** 	{
  36:Code/src/main.c **** 		if (uxQueueMessagesWaiting(SendDataADC) != 0){
  37:Code/src/main.c **** 			
  38:Code/src/main.c **** 			xQueueReceive(SendDataADC, &data, 0);
  39:Code/src/main.c **** 			SendDataUSART3(data);
  40:Code/src/main.c **** 			
  41:Code/src/main.c **** 		}
  42:Code/src/main.c **** 		
  43:Code/src/main.c **** 		vTaskDelay(100);
  44              		.loc 1 43 3 is_stmt 1 view .LVU2
  45 0006 6420     		movs	r0, #100
  46 0008 FFF7FEFF 		bl	vTaskDelay
  47              	.LVL2:
  48              	.L3:
  32:Code/src/main.c **** 	uint16_t data;
  49              		.loc 1 32 2 view .LVU3
  34:Code/src/main.c **** 	{
  50              		.loc 1 34 2 view .LVU4
  36:Code/src/main.c **** 			
  51              		.loc 1 36 3 view .LVU5
  36:Code/src/main.c **** 			
  52              		.loc 1 36 7 is_stmt 0 view .LVU6
  53 000c 084B     		ldr	r3, .L5
  54 000e 1868     		ldr	r0, [r3]
  55 0010 FFF7FEFF 		bl	uxQueueMessagesWaiting
  56              	.LVL3:
  36:Code/src/main.c **** 			
  57              		.loc 1 36 6 view .LVU7
  58 0014 0028     		cmp	r0, #0
  59 0016 F6D0     		beq	.L2
  38:Code/src/main.c **** 			SendDataUSART3(data);
  60              		.loc 1 38 4 is_stmt 1 view .LVU8
  61 0018 0022     		movs	r2, #0
  62 001a 0DF10601 		add	r1, sp, #6
  63 001e 044B     		ldr	r3, .L5
  64 0020 1868     		ldr	r0, [r3]
  65 0022 FFF7FEFF 		bl	xQueueReceive
  66              	.LVL4:
ARM GAS  C:\Users\HARTO_~1\AppData\Local\Temp\cct3mHWc.s 			page 3


  39:Code/src/main.c **** 			
  67              		.loc 1 39 4 view .LVU9
  68 0026 BDF80600 		ldrh	r0, [sp, #6]
  69 002a FFF7FEFF 		bl	SendDataUSART3
  70              	.LVL5:
  71 002e EAE7     		b	.L2
  72              	.L6:
  73              		.align	2
  74              	.L5:
  75 0030 00000000 		.word	SendDataADC
  76              		.cfi_endproc
  77              	.LFE70:
  79              		.section	.text.vTaskConvertADC,"ax",%progbits
  80              		.align	1
  81              		.global	vTaskConvertADC
  82              		.syntax unified
  83              		.thumb
  84              		.thumb_func
  85              		.fpu softvfp
  87              	vTaskConvertADC:
  88              	.LFB71:
  44:Code/src/main.c **** 	}
  45:Code/src/main.c **** }
  46:Code/src/main.c **** 
  47:Code/src/main.c **** void vTaskConvertADC(void *argument)
  48:Code/src/main.c **** {
  89              		.loc 1 48 1 view -0
  90              		.cfi_startproc
  91              		@ Volatile: function does not return.
  92              		@ args = 0, pretend = 0, frame = 8
  93              		@ frame_needed = 0, uses_anonymous_args = 0
  94              	.LVL6:
  95              		.loc 1 48 1 is_stmt 0 view .LVU11
  96 0000 00B5     		push	{lr}
  97              	.LCFI2:
  98              		.cfi_def_cfa_offset 4
  99              		.cfi_offset 14, -4
 100 0002 83B0     		sub	sp, sp, #12
 101              	.LCFI3:
 102              		.cfi_def_cfa_offset 16
 103              	.LVL7:
 104              	.L8:
  49:Code/src/main.c **** 	uint16_t adcResult;
 105              		.loc 1 49 2 is_stmt 1 discriminator 1 view .LVU12
  50:Code/src/main.c **** 	
  51:Code/src/main.c **** 	while(1)
 106              		.loc 1 51 2 discriminator 1 view .LVU13
  52:Code/src/main.c **** 	{
  53:Code/src/main.c **** 		adcResult = adcConvert();
 107              		.loc 1 53 3 discriminator 1 view .LVU14
 108              		.loc 1 53 15 is_stmt 0 discriminator 1 view .LVU15
 109 0004 FFF7FEFF 		bl	adcConvert
 110              	.LVL8:
 111              		.loc 1 53 13 discriminator 1 view .LVU16
 112 0008 ADF80600 		strh	r0, [sp, #6]	@ movhi
  54:Code/src/main.c **** 		xQueueSend(SendDataADC, &adcResult, 0);
 113              		.loc 1 54 3 is_stmt 1 discriminator 1 view .LVU17
ARM GAS  C:\Users\HARTO_~1\AppData\Local\Temp\cct3mHWc.s 			page 4


 114 000c 0023     		movs	r3, #0
 115 000e 1A46     		mov	r2, r3
 116 0010 0DF10601 		add	r1, sp, #6
 117 0014 0348     		ldr	r0, .L10
 118 0016 0068     		ldr	r0, [r0]
 119 0018 FFF7FEFF 		bl	xQueueGenericSend
 120              	.LVL9:
  55:Code/src/main.c **** 		vTaskDelay(200);
 121              		.loc 1 55 3 discriminator 1 view .LVU18
 122 001c C820     		movs	r0, #200
 123 001e FFF7FEFF 		bl	vTaskDelay
 124              	.LVL10:
 125 0022 EFE7     		b	.L8
 126              	.L11:
 127              		.align	2
 128              	.L10:
 129 0024 00000000 		.word	SendDataADC
 130              		.cfi_endproc
 131              	.LFE71:
 133              		.section	.text.main,"ax",%progbits
 134              		.align	1
 135              		.global	main
 136              		.syntax unified
 137              		.thumb
 138              		.thumb_func
 139              		.fpu softvfp
 141              	main:
 142              	.LFB69:
   8:Code/src/main.c ****     RCC_Init();
 143              		.loc 1 8 1 view -0
 144              		.cfi_startproc
 145              		@ Volatile: function does not return.
 146              		@ args = 0, pretend = 0, frame = 0
 147              		@ frame_needed = 0, uses_anonymous_args = 0
 148 0000 00B5     		push	{lr}
 149              	.LCFI4:
 150              		.cfi_def_cfa_offset 4
 151              		.cfi_offset 14, -4
 152 0002 83B0     		sub	sp, sp, #12
 153              	.LCFI5:
 154              		.cfi_def_cfa_offset 16
   9:Code/src/main.c ****     GPIO_Init();
 155              		.loc 1 9 5 view .LVU20
 156 0004 FFF7FEFF 		bl	RCC_Init
 157              	.LVL11:
  10:Code/src/main.c **** 	USART3_Init();
 158              		.loc 1 10 5 view .LVU21
 159 0008 FFF7FEFF 		bl	GPIO_Init
 160              	.LVL12:
  11:Code/src/main.c **** 	adcInit();
 161              		.loc 1 11 2 view .LVU22
 162 000c FFF7FEFF 		bl	USART3_Init
 163              	.LVL13:
  12:Code/src/main.c **** 
 164              		.loc 1 12 2 view .LVU23
 165 0010 FFF7FEFF 		bl	adcInit
 166              	.LVL14:
ARM GAS  C:\Users\HARTO_~1\AppData\Local\Temp\cct3mHWc.s 			page 5


  14:Code/src/main.c **** 	xTaskCreate(vTaskConvertADC, "ADC", 128, NULL, 1, NULL);
 167              		.loc 1 14 2 view .LVU24
 168 0014 0024     		movs	r4, #0
 169 0016 0194     		str	r4, [sp, #4]
 170 0018 0125     		movs	r5, #1
 171 001a 0095     		str	r5, [sp]
 172 001c 2346     		mov	r3, r4
 173 001e 8022     		movs	r2, #128
 174 0020 0A49     		ldr	r1, .L15
 175 0022 0B48     		ldr	r0, .L15+4
 176 0024 FFF7FEFF 		bl	xTaskCreate
 177              	.LVL15:
  15:Code/src/main.c **** 
 178              		.loc 1 15 2 view .LVU25
 179 0028 0194     		str	r4, [sp, #4]
 180 002a 0095     		str	r5, [sp]
 181 002c 2346     		mov	r3, r4
 182 002e 8022     		movs	r2, #128
 183 0030 0849     		ldr	r1, .L15+8
 184 0032 0948     		ldr	r0, .L15+12
 185 0034 FFF7FEFF 		bl	xTaskCreate
 186              	.LVL16:
  17:Code/src/main.c **** 	
 187              		.loc 1 17 2 view .LVU26
  17:Code/src/main.c **** 	
 188              		.loc 1 17 16 is_stmt 0 view .LVU27
 189 0038 2246     		mov	r2, r4
 190 003a 0221     		movs	r1, #2
 191 003c 0520     		movs	r0, #5
 192 003e FFF7FEFF 		bl	xQueueGenericCreate
 193              	.LVL17:
  17:Code/src/main.c **** 	
 194              		.loc 1 17 14 view .LVU28
 195 0042 064B     		ldr	r3, .L15+16
 196 0044 1860     		str	r0, [r3]
  19:Code/src/main.c **** 
 197              		.loc 1 19 2 is_stmt 1 view .LVU29
 198 0046 FFF7FEFF 		bl	vTaskStartScheduler
 199              	.LVL18:
 200              	.L13:
  21:Code/src/main.c ****     {
 201              		.loc 1 21 5 discriminator 1 view .LVU30
  24:Code/src/main.c ****   
 202              		.loc 1 24 5 discriminator 1 view .LVU31
 203 004a FEE7     		b	.L13
 204              	.L16:
 205              		.align	2
 206              	.L15:
 207 004c 00000000 		.word	.LC0
 208 0050 00000000 		.word	vTaskSendValue
 209 0054 08000000 		.word	.LC1
 210 0058 00000000 		.word	vTaskConvertADC
 211 005c 00000000 		.word	SendDataADC
 212              		.cfi_endproc
 213              	.LFE69:
 215              		.comm	SendDataADC,4,4
 216              		.section	.rodata.main.str1.4,"aMS",%progbits,1
ARM GAS  C:\Users\HARTO_~1\AppData\Local\Temp\cct3mHWc.s 			page 6


 217              		.align	2
 218              	.LC0:
 219 0000 56616C75 		.ascii	"Value\000"
 219      6500
 220 0006 0000     		.space	2
 221              	.LC1:
 222 0008 41444300 		.ascii	"ADC\000"
 223              		.text
 224              	.Letext0:
 225              		.file 2 "FreeRTOS/inc/stdint.h"
 226              		.file 3 "CMSIS/inc/core_cm3.h"
 227              		.file 4 "CMSIS/inc/system_stm32f1xx.h"
 228              		.file 5 "FreeRTOS/inc/portmacro.h"
 229              		.file 6 "FreeRTOS/inc/queue.h"
 230              		.file 7 "Code/inc/main.h"
 231              		.file 8 "Code/inc/adcLib.h"
 232              		.file 9 "FreeRTOS/inc/task.h"
 233              		.file 10 "Code/inc/uartLib.h"
 234              		.file 11 "Code/inc/sysInit.h"
ARM GAS  C:\Users\HARTO_~1\AppData\Local\Temp\cct3mHWc.s 			page 7


DEFINED SYMBOLS
                            *ABS*:0000000000000000 main.c
C:\Users\HARTO_~1\AppData\Local\Temp\cct3mHWc.s:16     .text.vTaskSendValue:0000000000000000 $t
C:\Users\HARTO_~1\AppData\Local\Temp\cct3mHWc.s:24     .text.vTaskSendValue:0000000000000000 vTaskSendValue
C:\Users\HARTO_~1\AppData\Local\Temp\cct3mHWc.s:75     .text.vTaskSendValue:0000000000000030 $d
                            *COM*:0000000000000004 SendDataADC
C:\Users\HARTO_~1\AppData\Local\Temp\cct3mHWc.s:80     .text.vTaskConvertADC:0000000000000000 $t
C:\Users\HARTO_~1\AppData\Local\Temp\cct3mHWc.s:87     .text.vTaskConvertADC:0000000000000000 vTaskConvertADC
C:\Users\HARTO_~1\AppData\Local\Temp\cct3mHWc.s:129    .text.vTaskConvertADC:0000000000000024 $d
C:\Users\HARTO_~1\AppData\Local\Temp\cct3mHWc.s:134    .text.main:0000000000000000 $t
C:\Users\HARTO_~1\AppData\Local\Temp\cct3mHWc.s:141    .text.main:0000000000000000 main
C:\Users\HARTO_~1\AppData\Local\Temp\cct3mHWc.s:207    .text.main:000000000000004c $d
C:\Users\HARTO_~1\AppData\Local\Temp\cct3mHWc.s:217    .rodata.main.str1.4:0000000000000000 $d

UNDEFINED SYMBOLS
vTaskDelay
uxQueueMessagesWaiting
xQueueReceive
SendDataUSART3
adcConvert
xQueueGenericSend
RCC_Init
GPIO_Init
USART3_Init
adcInit
xTaskCreate
xQueueGenericCreate
vTaskStartScheduler
