ARM GAS  C:\Users\HARTO_~1\AppData\Local\Temp\ccX9Q7xV.s 			page 1


   1              		.cpu cortex-m3
   2              		.eabi_attribute 20, 1
   3              		.eabi_attribute 21, 1
   4              		.eabi_attribute 23, 3
   5              		.eabi_attribute 24, 1
   6              		.eabi_attribute 25, 1
   7              		.eabi_attribute 26, 1
   8              		.eabi_attribute 30, 1
   9              		.eabi_attribute 34, 1
  10              		.eabi_attribute 18, 4
  11              		.file	"pwmLib.c"
  12              		.text
  13              	.Ltext0:
  14              		.cfi_sections	.debug_frame
  15              		.section	.text.PWM_Init,"ax",%progbits
  16              		.align	1
  17              		.global	PWM_Init
  18              		.arch armv7-m
  19              		.syntax unified
  20              		.thumb
  21              		.thumb_func
  22              		.fpu softvfp
  24              	PWM_Init:
  25              	.LFB65:
  26              		.file 1 "Code/src/pwmLib.c"
   1:Code/src/pwmLib.c **** /***************************Library*******************************/
   2:Code/src/pwmLib.c **** 
   3:Code/src/pwmLib.c **** #include "pwmLib.h"
   4:Code/src/pwmLib.c **** 
   5:Code/src/pwmLib.c **** /*************************Functions*******************************/
   6:Code/src/pwmLib.c **** 
   7:Code/src/pwmLib.c **** void PWM_Init(void)
   8:Code/src/pwmLib.c **** {
  27              		.loc 1 8 1 view -0
  28              		.cfi_startproc
  29              		@ args = 0, pretend = 0, frame = 0
  30              		@ frame_needed = 0, uses_anonymous_args = 0
  31              		@ link register save eliminated.
   9:Code/src/pwmLib.c **** 	RCC->APB2ENR |= RCC_APB2ENR_IOPAEN; 									//Takt on for port A
  32              		.loc 1 9 2 view .LVU1
  33              		.loc 1 9 15 is_stmt 0 view .LVU2
  34 0000 1E4B     		ldr	r3, .L2
  35 0002 9A69     		ldr	r2, [r3, #24]
  36 0004 42F00402 		orr	r2, r2, #4
  37 0008 9A61     		str	r2, [r3, #24]
  10:Code/src/pwmLib.c **** 	RCC->APB2ENR |= RCC_APB2ENR_AFIOEN;										//Takt on Alternate function IO
  38              		.loc 1 10 2 is_stmt 1 view .LVU3
  39              		.loc 1 10 15 is_stmt 0 view .LVU4
  40 000a 9A69     		ldr	r2, [r3, #24]
  41 000c 42F00102 		orr	r2, r2, #1
  42 0010 9A61     		str	r2, [r3, #24]
  11:Code/src/pwmLib.c **** 	RCC->APB2ENR |= RCC_APB2ENR_TIM1EN;										//TIM1 Enable
  43              		.loc 1 11 2 is_stmt 1 view .LVU5
  44              		.loc 1 11 15 is_stmt 0 view .LVU6
  45 0012 9A69     		ldr	r2, [r3, #24]
  46 0014 42F40062 		orr	r2, r2, #2048
  47 0018 9A61     		str	r2, [r3, #24]
ARM GAS  C:\Users\HARTO_~1\AppData\Local\Temp\ccX9Q7xV.s 			page 2


  12:Code/src/pwmLib.c **** 
  13:Code/src/pwmLib.c **** 	GPIOA->CRH &= ~GPIO_CRH_CNF9_0; 	 	 								//PA9 in Alternate output
  48              		.loc 1 13 2 is_stmt 1 view .LVU7
  49              		.loc 1 13 13 is_stmt 0 view .LVU8
  50 001a A3F58433 		sub	r3, r3, #67584
  51 001e 5A68     		ldr	r2, [r3, #4]
  52 0020 22F04002 		bic	r2, r2, #64
  53 0024 5A60     		str	r2, [r3, #4]
  14:Code/src/pwmLib.c **** 	GPIOA->CRH |= GPIO_CRH_CNF9_1;						 	 	 			//PA9 in Alternate output
  54              		.loc 1 14 2 is_stmt 1 view .LVU9
  55              		.loc 1 14 13 is_stmt 0 view .LVU10
  56 0026 5A68     		ldr	r2, [r3, #4]
  57 0028 42F08002 		orr	r2, r2, #128
  58 002c 5A60     		str	r2, [r3, #4]
  15:Code/src/pwmLib.c **** 	GPIOA->CRH |= GPIO_CRH_MODE9; 											//PA9 in output, speed 50 MHz
  59              		.loc 1 15 2 is_stmt 1 view .LVU11
  60              		.loc 1 15 13 is_stmt 0 view .LVU12
  61 002e 5A68     		ldr	r2, [r3, #4]
  62 0030 42F03002 		orr	r2, r2, #48
  63 0034 5A60     		str	r2, [r3, #4]
  16:Code/src/pwmLib.c **** 
  17:Code/src/pwmLib.c **** 	TIM1->PSC = 48-1;														//Предделитель для TIM1
  64              		.loc 1 17 2 is_stmt 1 view .LVU13
  65              		.loc 1 17 12 is_stmt 0 view .LVU14
  66 0036 03F51053 		add	r3, r3, #9216
  67 003a 2F22     		movs	r2, #47
  68 003c 9A62     		str	r2, [r3, #40]
  18:Code/src/pwmLib.c **** 	TIM1->ARR = 1000;														//Период ШИМ
  69              		.loc 1 18 2 is_stmt 1 view .LVU15
  70              		.loc 1 18 12 is_stmt 0 view .LVU16
  71 003e 4FF47A72 		mov	r2, #1000
  72 0042 DA62     		str	r2, [r3, #44]
  19:Code/src/pwmLib.c **** 	TIM1->CCR2 = 500;														//Заполнение ШИМ
  73              		.loc 1 19 2 is_stmt 1 view .LVU17
  74              		.loc 1 19 13 is_stmt 0 view .LVU18
  75 0044 4FF4FA72 		mov	r2, #500
  76 0048 9A63     		str	r2, [r3, #56]
  20:Code/src/pwmLib.c **** 	
  21:Code/src/pwmLib.c **** 	TIM1->CCMR1 |= TIM_CCMR1_OC2M_0 | TIM_CCMR1_OC2M_1 | TIM_CCMR1_OC2M_2;	//Polarity of PWM
  77              		.loc 1 21 2 is_stmt 1 view .LVU19
  78              		.loc 1 21 14 is_stmt 0 view .LVU20
  79 004a 9A69     		ldr	r2, [r3, #24]
  80 004c 42F4E042 		orr	r2, r2, #28672
  81 0050 9A61     		str	r2, [r3, #24]
  22:Code/src/pwmLib.c **** 	TIM1->CCER |= TIM_CCER_CC2E;											//Generating PWM
  82              		.loc 1 22 2 is_stmt 1 view .LVU21
  83              		.loc 1 22 13 is_stmt 0 view .LVU22
  84 0052 1A6A     		ldr	r2, [r3, #32]
  85 0054 42F01002 		orr	r2, r2, #16
  86 0058 1A62     		str	r2, [r3, #32]
  23:Code/src/pwmLib.c **** 	TIM1->CCER |= TIM_CCER_CC2P;											//Active level
  87              		.loc 1 23 2 is_stmt 1 view .LVU23
  88              		.loc 1 23 13 is_stmt 0 view .LVU24
  89 005a 1A6A     		ldr	r2, [r3, #32]
  90 005c 42F02002 		orr	r2, r2, #32
  91 0060 1A62     		str	r2, [r3, #32]
  24:Code/src/pwmLib.c **** 
ARM GAS  C:\Users\HARTO_~1\AppData\Local\Temp\ccX9Q7xV.s 			page 3


  25:Code/src/pwmLib.c **** 	TIM1->BDTR |= TIM_BDTR_MOE;
  92              		.loc 1 25 2 is_stmt 1 view .LVU25
  93              		.loc 1 25 13 is_stmt 0 view .LVU26
  94 0062 5A6C     		ldr	r2, [r3, #68]
  95 0064 42F40042 		orr	r2, r2, #32768
  96 0068 5A64     		str	r2, [r3, #68]
  26:Code/src/pwmLib.c **** 	
  27:Code/src/pwmLib.c **** 	TIM1->CR1 &= ~TIM_CR1_DIR;												//Direction
  97              		.loc 1 27 2 is_stmt 1 view .LVU27
  98              		.loc 1 27 12 is_stmt 0 view .LVU28
  99 006a 1A68     		ldr	r2, [r3]
 100 006c 22F01002 		bic	r2, r2, #16
 101 0070 1A60     		str	r2, [r3]
  28:Code/src/pwmLib.c **** 	TIM1->CR1 |= TIM_CR1_CEN;												//Generating PWM
 102              		.loc 1 28 2 is_stmt 1 view .LVU29
 103              		.loc 1 28 12 is_stmt 0 view .LVU30
 104 0072 1A68     		ldr	r2, [r3]
 105 0074 42F00102 		orr	r2, r2, #1
 106 0078 1A60     		str	r2, [r3]
  29:Code/src/pwmLib.c **** }...
 107              		.loc 1 29 1 view .LVU31
 108 007a 7047     		bx	lr
 109              	.L3:
 110              		.align	2
 111              	.L2:
 112 007c 00100240 		.word	1073876992
 113              		.cfi_endproc
 114              	.LFE65:
 116              		.text
 117              	.Letext0:
 118              		.file 2 "FreeRTOS/inc/stdint.h"
 119              		.file 3 "CMSIS/inc/core_cm3.h"
 120              		.file 4 "CMSIS/inc/system_stm32f1xx.h"
 121              		.file 5 "CMSIS/inc/stm32f105xc.h"
ARM GAS  C:\Users\HARTO_~1\AppData\Local\Temp\ccX9Q7xV.s 			page 4


DEFINED SYMBOLS
                            *ABS*:0000000000000000 pwmLib.c
C:\Users\HARTO_~1\AppData\Local\Temp\ccX9Q7xV.s:16     .text.PWM_Init:0000000000000000 $t
C:\Users\HARTO_~1\AppData\Local\Temp\ccX9Q7xV.s:24     .text.PWM_Init:0000000000000000 PWM_Init
C:\Users\HARTO_~1\AppData\Local\Temp\ccX9Q7xV.s:112    .text.PWM_Init:000000000000007c $d

NO UNDEFINED SYMBOLS
