ARM GAS  C:\Users\HARTO_~1\AppData\Local\Temp\cc4t2rgu.s 			page 1


   1              		.cpu cortex-m3
   2              		.eabi_attribute 20, 1
   3              		.eabi_attribute 21, 1
   4              		.eabi_attribute 23, 3
   5              		.eabi_attribute 24, 1
   6              		.eabi_attribute 25, 1
   7              		.eabi_attribute 26, 1
   8              		.eabi_attribute 30, 1
   9              		.eabi_attribute 34, 1
  10              		.eabi_attribute 18, 4
  11              		.file	"stm32f1xx_hal_msp.c"
  12              		.text
  13              	.Ltext0:
  14              		.cfi_sections	.debug_frame
  15              		.section	.text.HAL_MspInit,"ax",%progbits
  16              		.align	1
  17              		.global	HAL_MspInit
  18              		.arch armv7-m
  19              		.syntax unified
  20              		.thumb
  21              		.thumb_func
  22              		.fpu softvfp
  24              	HAL_MspInit:
  25              	.LFB65:
  26              		.file 1 "Src/stm32f1xx_hal_msp.c"
   1:Src/stm32f1xx_hal_msp.c **** /* USER CODE BEGIN Header */
   2:Src/stm32f1xx_hal_msp.c **** /**
   3:Src/stm32f1xx_hal_msp.c ****   ******************************************************************************
   4:Src/stm32f1xx_hal_msp.c ****   * File Name          : stm32f1xx_hal_msp.c
   5:Src/stm32f1xx_hal_msp.c ****   * Description        : This file provides code for the MSP Initialization 
   6:Src/stm32f1xx_hal_msp.c ****   *                      and de-Initialization codes.
   7:Src/stm32f1xx_hal_msp.c ****   ******************************************************************************
   8:Src/stm32f1xx_hal_msp.c ****   * @attention
   9:Src/stm32f1xx_hal_msp.c ****   *
  10:Src/stm32f1xx_hal_msp.c ****   * <h2><center>&copy; Copyright (c) 2019 STMicroelectronics.
  11:Src/stm32f1xx_hal_msp.c ****   * All rights reserved.</center></h2>
  12:Src/stm32f1xx_hal_msp.c ****   *
  13:Src/stm32f1xx_hal_msp.c ****   * This software component is licensed by ST under BSD 3-Clause license,
  14:Src/stm32f1xx_hal_msp.c ****   * the "License"; You may not use this file except in compliance with the
  15:Src/stm32f1xx_hal_msp.c ****   * License. You may obtain a copy of the License at:
  16:Src/stm32f1xx_hal_msp.c ****   *                        opensource.org/licenses/BSD-3-Clause
  17:Src/stm32f1xx_hal_msp.c ****   *
  18:Src/stm32f1xx_hal_msp.c ****   ******************************************************************************
  19:Src/stm32f1xx_hal_msp.c ****   */
  20:Src/stm32f1xx_hal_msp.c **** /* USER CODE END Header */
  21:Src/stm32f1xx_hal_msp.c **** 
  22:Src/stm32f1xx_hal_msp.c **** /* Includes ------------------------------------------------------------------*/
  23:Src/stm32f1xx_hal_msp.c **** #include "main.h"
  24:Src/stm32f1xx_hal_msp.c **** /* USER CODE BEGIN Includes */
  25:Src/stm32f1xx_hal_msp.c **** 
  26:Src/stm32f1xx_hal_msp.c **** /* USER CODE END Includes */
  27:Src/stm32f1xx_hal_msp.c **** 
  28:Src/stm32f1xx_hal_msp.c **** /* Private typedef -----------------------------------------------------------*/
  29:Src/stm32f1xx_hal_msp.c **** /* USER CODE BEGIN TD */
  30:Src/stm32f1xx_hal_msp.c **** 
  31:Src/stm32f1xx_hal_msp.c **** /* USER CODE END TD */
  32:Src/stm32f1xx_hal_msp.c **** 
ARM GAS  C:\Users\HARTO_~1\AppData\Local\Temp\cc4t2rgu.s 			page 2


  33:Src/stm32f1xx_hal_msp.c **** /* Private define ------------------------------------------------------------*/
  34:Src/stm32f1xx_hal_msp.c **** /* USER CODE BEGIN Define */
  35:Src/stm32f1xx_hal_msp.c ****  
  36:Src/stm32f1xx_hal_msp.c **** /* USER CODE END Define */
  37:Src/stm32f1xx_hal_msp.c **** 
  38:Src/stm32f1xx_hal_msp.c **** /* Private macro -------------------------------------------------------------*/
  39:Src/stm32f1xx_hal_msp.c **** /* USER CODE BEGIN Macro */
  40:Src/stm32f1xx_hal_msp.c **** 
  41:Src/stm32f1xx_hal_msp.c **** /* USER CODE END Macro */
  42:Src/stm32f1xx_hal_msp.c **** 
  43:Src/stm32f1xx_hal_msp.c **** /* Private variables ---------------------------------------------------------*/
  44:Src/stm32f1xx_hal_msp.c **** /* USER CODE BEGIN PV */
  45:Src/stm32f1xx_hal_msp.c **** 
  46:Src/stm32f1xx_hal_msp.c **** /* USER CODE END PV */
  47:Src/stm32f1xx_hal_msp.c **** 
  48:Src/stm32f1xx_hal_msp.c **** /* Private function prototypes -----------------------------------------------*/
  49:Src/stm32f1xx_hal_msp.c **** /* USER CODE BEGIN PFP */
  50:Src/stm32f1xx_hal_msp.c **** 
  51:Src/stm32f1xx_hal_msp.c **** /* USER CODE END PFP */
  52:Src/stm32f1xx_hal_msp.c **** 
  53:Src/stm32f1xx_hal_msp.c **** /* External functions --------------------------------------------------------*/
  54:Src/stm32f1xx_hal_msp.c **** /* USER CODE BEGIN ExternalFunctions */
  55:Src/stm32f1xx_hal_msp.c **** 
  56:Src/stm32f1xx_hal_msp.c **** /* USER CODE END ExternalFunctions */
  57:Src/stm32f1xx_hal_msp.c **** 
  58:Src/stm32f1xx_hal_msp.c **** /* USER CODE BEGIN 0 */
  59:Src/stm32f1xx_hal_msp.c **** 
  60:Src/stm32f1xx_hal_msp.c **** /* USER CODE END 0 */
  61:Src/stm32f1xx_hal_msp.c **** /**
  62:Src/stm32f1xx_hal_msp.c ****   * Initializes the Global MSP.
  63:Src/stm32f1xx_hal_msp.c ****   */
  64:Src/stm32f1xx_hal_msp.c **** void HAL_MspInit(void)
  65:Src/stm32f1xx_hal_msp.c **** {
  27              		.loc 1 65 1 view -0
  28              		.cfi_startproc
  29              		@ args = 0, pretend = 0, frame = 8
  30              		@ frame_needed = 0, uses_anonymous_args = 0
  31              		@ link register save eliminated.
  32 0000 82B0     		sub	sp, sp, #8
  33              	.LCFI0:
  34              		.cfi_def_cfa_offset 8
  66:Src/stm32f1xx_hal_msp.c ****   /* USER CODE BEGIN MspInit 0 */
  67:Src/stm32f1xx_hal_msp.c **** 
  68:Src/stm32f1xx_hal_msp.c ****   /* USER CODE END MspInit 0 */
  69:Src/stm32f1xx_hal_msp.c **** 
  70:Src/stm32f1xx_hal_msp.c ****   __HAL_RCC_AFIO_CLK_ENABLE();
  35              		.loc 1 70 3 view .LVU1
  36              	.LBB2:
  37              		.loc 1 70 3 view .LVU2
  38              		.loc 1 70 3 view .LVU3
  39 0002 0E4B     		ldr	r3, .L3
  40 0004 9A69     		ldr	r2, [r3, #24]
  41 0006 42F00102 		orr	r2, r2, #1
  42 000a 9A61     		str	r2, [r3, #24]
  43              		.loc 1 70 3 view .LVU4
  44 000c 9A69     		ldr	r2, [r3, #24]
  45 000e 02F00102 		and	r2, r2, #1
ARM GAS  C:\Users\HARTO_~1\AppData\Local\Temp\cc4t2rgu.s 			page 3


  46 0012 0092     		str	r2, [sp]
  47              		.loc 1 70 3 view .LVU5
  48 0014 009A     		ldr	r2, [sp]
  49              	.LBE2:
  71:Src/stm32f1xx_hal_msp.c ****   __HAL_RCC_PWR_CLK_ENABLE();
  50              		.loc 1 71 3 view .LVU6
  51              	.LBB3:
  52              		.loc 1 71 3 view .LVU7
  53              		.loc 1 71 3 view .LVU8
  54 0016 DA69     		ldr	r2, [r3, #28]
  55 0018 42F08052 		orr	r2, r2, #268435456
  56 001c DA61     		str	r2, [r3, #28]
  57              		.loc 1 71 3 view .LVU9
  58 001e DB69     		ldr	r3, [r3, #28]
  59 0020 03F08053 		and	r3, r3, #268435456
  60 0024 0193     		str	r3, [sp, #4]
  61              		.loc 1 71 3 view .LVU10
  62 0026 019B     		ldr	r3, [sp, #4]
  63              	.LBE3:
  72:Src/stm32f1xx_hal_msp.c **** 
  73:Src/stm32f1xx_hal_msp.c ****   /* System interrupt init*/
  74:Src/stm32f1xx_hal_msp.c **** 
  75:Src/stm32f1xx_hal_msp.c ****   /** NOJTAG: JTAG-DP Disabled and SW-DP Enabled 
  76:Src/stm32f1xx_hal_msp.c ****   */
  77:Src/stm32f1xx_hal_msp.c ****   __HAL_AFIO_REMAP_SWJ_NOJTAG();
  64              		.loc 1 77 3 view .LVU11
  65              	.LBB4:
  66              		.loc 1 77 3 view .LVU12
  67 0028 054A     		ldr	r2, .L3+4
  68 002a 5368     		ldr	r3, [r2, #4]
  69              	.LVL0:
  70              		.loc 1 77 3 view .LVU13
  71 002c 23F0E063 		bic	r3, r3, #117440512
  72              	.LVL1:
  73              		.loc 1 77 3 view .LVU14
  74 0030 43F00073 		orr	r3, r3, #33554432
  75              	.LVL2:
  76              		.loc 1 77 3 view .LVU15
  77 0034 5360     		str	r3, [r2, #4]
  78              	.LBE4:
  78:Src/stm32f1xx_hal_msp.c **** 
  79:Src/stm32f1xx_hal_msp.c ****   /* USER CODE BEGIN MspInit 1 */
  80:Src/stm32f1xx_hal_msp.c **** 
  81:Src/stm32f1xx_hal_msp.c ****   /* USER CODE END MspInit 1 */
  82:Src/stm32f1xx_hal_msp.c **** }
  79              		.loc 1 82 1 is_stmt 0 view .LVU16
  80 0036 02B0     		add	sp, sp, #8
  81              	.LCFI1:
  82              		.cfi_def_cfa_offset 0
  83              		@ sp needed
  84 0038 7047     		bx	lr
  85              	.L4:
  86 003a 00BF     		.align	2
  87              	.L3:
  88 003c 00100240 		.word	1073876992
  89 0040 00000140 		.word	1073807360
  90              		.cfi_endproc
ARM GAS  C:\Users\HARTO_~1\AppData\Local\Temp\cc4t2rgu.s 			page 4


  91              	.LFE65:
  93              		.section	.text.HAL_TIM_Base_MspInit,"ax",%progbits
  94              		.align	1
  95              		.global	HAL_TIM_Base_MspInit
  96              		.syntax unified
  97              		.thumb
  98              		.thumb_func
  99              		.fpu softvfp
 101              	HAL_TIM_Base_MspInit:
 102              	.LVL3:
 103              	.LFB66:
  83:Src/stm32f1xx_hal_msp.c **** 
  84:Src/stm32f1xx_hal_msp.c **** /**
  85:Src/stm32f1xx_hal_msp.c **** * @brief TIM_Base MSP Initialization
  86:Src/stm32f1xx_hal_msp.c **** * This function configures the hardware resources used in this example
  87:Src/stm32f1xx_hal_msp.c **** * @param htim_base: TIM_Base handle pointer
  88:Src/stm32f1xx_hal_msp.c **** * @retval None
  89:Src/stm32f1xx_hal_msp.c **** */
  90:Src/stm32f1xx_hal_msp.c **** void HAL_TIM_Base_MspInit(TIM_HandleTypeDef* htim_base)
  91:Src/stm32f1xx_hal_msp.c **** {
 104              		.loc 1 91 1 is_stmt 1 view -0
 105              		.cfi_startproc
 106              		@ args = 0, pretend = 0, frame = 8
 107              		@ frame_needed = 0, uses_anonymous_args = 0
  92:Src/stm32f1xx_hal_msp.c ****   if(htim_base->Instance==TIM6)
 108              		.loc 1 92 3 view .LVU18
 109              		.loc 1 92 15 is_stmt 0 view .LVU19
 110 0000 0268     		ldr	r2, [r0]
 111              		.loc 1 92 5 view .LVU20
 112 0002 0E4B     		ldr	r3, .L12
 113 0004 9A42     		cmp	r2, r3
 114 0006 00D0     		beq	.L11
 115 0008 7047     		bx	lr
 116              	.L11:
  91:Src/stm32f1xx_hal_msp.c ****   if(htim_base->Instance==TIM6)
 117              		.loc 1 91 1 view .LVU21
 118 000a 00B5     		push	{lr}
 119              	.LCFI2:
 120              		.cfi_def_cfa_offset 4
 121              		.cfi_offset 14, -4
 122 000c 83B0     		sub	sp, sp, #12
 123              	.LCFI3:
 124              		.cfi_def_cfa_offset 16
  93:Src/stm32f1xx_hal_msp.c ****   {
  94:Src/stm32f1xx_hal_msp.c ****   /* USER CODE BEGIN TIM6_MspInit 0 */
  95:Src/stm32f1xx_hal_msp.c **** 
  96:Src/stm32f1xx_hal_msp.c ****   /* USER CODE END TIM6_MspInit 0 */
  97:Src/stm32f1xx_hal_msp.c ****     /* Peripheral clock enable */
  98:Src/stm32f1xx_hal_msp.c ****     __HAL_RCC_TIM6_CLK_ENABLE();
 125              		.loc 1 98 5 is_stmt 1 view .LVU22
 126              	.LBB5:
 127              		.loc 1 98 5 view .LVU23
 128              		.loc 1 98 5 view .LVU24
 129 000e 03F50033 		add	r3, r3, #131072
 130 0012 DA69     		ldr	r2, [r3, #28]
 131 0014 42F01002 		orr	r2, r2, #16
 132 0018 DA61     		str	r2, [r3, #28]
ARM GAS  C:\Users\HARTO_~1\AppData\Local\Temp\cc4t2rgu.s 			page 5


 133              		.loc 1 98 5 view .LVU25
 134 001a DB69     		ldr	r3, [r3, #28]
 135 001c 03F01003 		and	r3, r3, #16
 136 0020 0193     		str	r3, [sp, #4]
 137              		.loc 1 98 5 view .LVU26
 138 0022 019B     		ldr	r3, [sp, #4]
 139              	.LBE5:
  99:Src/stm32f1xx_hal_msp.c ****     /* TIM6 interrupt Init */
 100:Src/stm32f1xx_hal_msp.c ****     HAL_NVIC_SetPriority(TIM6_IRQn, 0, 0);
 140              		.loc 1 100 5 view .LVU27
 141 0024 0022     		movs	r2, #0
 142 0026 1146     		mov	r1, r2
 143 0028 3620     		movs	r0, #54
 144              	.LVL4:
 145              		.loc 1 100 5 is_stmt 0 view .LVU28
 146 002a FFF7FEFF 		bl	HAL_NVIC_SetPriority
 147              	.LVL5:
 101:Src/stm32f1xx_hal_msp.c ****     HAL_NVIC_EnableIRQ(TIM6_IRQn);
 148              		.loc 1 101 5 is_stmt 1 view .LVU29
 149 002e 3620     		movs	r0, #54
 150 0030 FFF7FEFF 		bl	HAL_NVIC_EnableIRQ
 151              	.LVL6:
 102:Src/stm32f1xx_hal_msp.c ****   /* USER CODE BEGIN TIM6_MspInit 1 */
 103:Src/stm32f1xx_hal_msp.c **** 
 104:Src/stm32f1xx_hal_msp.c ****   /* USER CODE END TIM6_MspInit 1 */
 105:Src/stm32f1xx_hal_msp.c ****   }
 106:Src/stm32f1xx_hal_msp.c **** 
 107:Src/stm32f1xx_hal_msp.c **** }
 152              		.loc 1 107 1 is_stmt 0 view .LVU30
 153 0034 03B0     		add	sp, sp, #12
 154              	.LCFI4:
 155              		.cfi_def_cfa_offset 4
 156              		@ sp needed
 157 0036 5DF804FB 		ldr	pc, [sp], #4
 158              	.L13:
 159 003a 00BF     		.align	2
 160              	.L12:
 161 003c 00100040 		.word	1073745920
 162              		.cfi_endproc
 163              	.LFE66:
 165              		.section	.text.HAL_TIM_Base_MspDeInit,"ax",%progbits
 166              		.align	1
 167              		.global	HAL_TIM_Base_MspDeInit
 168              		.syntax unified
 169              		.thumb
 170              		.thumb_func
 171              		.fpu softvfp
 173              	HAL_TIM_Base_MspDeInit:
 174              	.LVL7:
 175              	.LFB67:
 108:Src/stm32f1xx_hal_msp.c **** 
 109:Src/stm32f1xx_hal_msp.c **** /**
 110:Src/stm32f1xx_hal_msp.c **** * @brief TIM_Base MSP De-Initialization
 111:Src/stm32f1xx_hal_msp.c **** * This function freeze the hardware resources used in this example
 112:Src/stm32f1xx_hal_msp.c **** * @param htim_base: TIM_Base handle pointer
 113:Src/stm32f1xx_hal_msp.c **** * @retval None
 114:Src/stm32f1xx_hal_msp.c **** */
ARM GAS  C:\Users\HARTO_~1\AppData\Local\Temp\cc4t2rgu.s 			page 6


 115:Src/stm32f1xx_hal_msp.c **** void HAL_TIM_Base_MspDeInit(TIM_HandleTypeDef* htim_base)
 116:Src/stm32f1xx_hal_msp.c **** {
 176              		.loc 1 116 1 is_stmt 1 view -0
 177              		.cfi_startproc
 178              		@ args = 0, pretend = 0, frame = 0
 179              		@ frame_needed = 0, uses_anonymous_args = 0
 180              		.loc 1 116 1 is_stmt 0 view .LVU32
 181 0000 08B5     		push	{r3, lr}
 182              	.LCFI5:
 183              		.cfi_def_cfa_offset 8
 184              		.cfi_offset 3, -8
 185              		.cfi_offset 14, -4
 117:Src/stm32f1xx_hal_msp.c ****   if(htim_base->Instance==TIM6)
 186              		.loc 1 117 3 is_stmt 1 view .LVU33
 187              		.loc 1 117 15 is_stmt 0 view .LVU34
 188 0002 0268     		ldr	r2, [r0]
 189              		.loc 1 117 5 view .LVU35
 190 0004 064B     		ldr	r3, .L18
 191 0006 9A42     		cmp	r2, r3
 192 0008 00D0     		beq	.L17
 193              	.LVL8:
 194              	.L14:
 118:Src/stm32f1xx_hal_msp.c ****   {
 119:Src/stm32f1xx_hal_msp.c ****   /* USER CODE BEGIN TIM6_MspDeInit 0 */
 120:Src/stm32f1xx_hal_msp.c **** 
 121:Src/stm32f1xx_hal_msp.c ****   /* USER CODE END TIM6_MspDeInit 0 */
 122:Src/stm32f1xx_hal_msp.c ****     /* Peripheral clock disable */
 123:Src/stm32f1xx_hal_msp.c ****     __HAL_RCC_TIM6_CLK_DISABLE();
 124:Src/stm32f1xx_hal_msp.c **** 
 125:Src/stm32f1xx_hal_msp.c ****     /* TIM6 interrupt DeInit */
 126:Src/stm32f1xx_hal_msp.c ****     HAL_NVIC_DisableIRQ(TIM6_IRQn);
 127:Src/stm32f1xx_hal_msp.c ****   /* USER CODE BEGIN TIM6_MspDeInit 1 */
 128:Src/stm32f1xx_hal_msp.c **** 
 129:Src/stm32f1xx_hal_msp.c ****   /* USER CODE END TIM6_MspDeInit 1 */
 130:Src/stm32f1xx_hal_msp.c ****   }
 131:Src/stm32f1xx_hal_msp.c **** 
 132:Src/stm32f1xx_hal_msp.c **** }
 195              		.loc 1 132 1 view .LVU36
 196 000a 08BD     		pop	{r3, pc}
 197              	.LVL9:
 198              	.L17:
 123:Src/stm32f1xx_hal_msp.c **** 
 199              		.loc 1 123 5 is_stmt 1 view .LVU37
 200 000c 054A     		ldr	r2, .L18+4
 201 000e D369     		ldr	r3, [r2, #28]
 202 0010 23F01003 		bic	r3, r3, #16
 203 0014 D361     		str	r3, [r2, #28]
 126:Src/stm32f1xx_hal_msp.c ****   /* USER CODE BEGIN TIM6_MspDeInit 1 */
 204              		.loc 1 126 5 view .LVU38
 205 0016 3620     		movs	r0, #54
 206              	.LVL10:
 126:Src/stm32f1xx_hal_msp.c ****   /* USER CODE BEGIN TIM6_MspDeInit 1 */
 207              		.loc 1 126 5 is_stmt 0 view .LVU39
 208 0018 FFF7FEFF 		bl	HAL_NVIC_DisableIRQ
 209              	.LVL11:
 210              		.loc 1 132 1 view .LVU40
 211 001c F5E7     		b	.L14
ARM GAS  C:\Users\HARTO_~1\AppData\Local\Temp\cc4t2rgu.s 			page 7


 212              	.L19:
 213 001e 00BF     		.align	2
 214              	.L18:
 215 0020 00100040 		.word	1073745920
 216 0024 00100240 		.word	1073876992
 217              		.cfi_endproc
 218              	.LFE67:
 220              		.text
 221              	.Letext0:
 222              		.file 2 "c:\\software\\embeddedgcc\\arm_gcc\\arm-none-eabi\\include\\machine\\_default_types.h"
 223              		.file 3 "c:\\software\\embeddedgcc\\arm_gcc\\arm-none-eabi\\include\\sys\\_stdint.h"
 224              		.file 4 "Drivers/CMSIS/Include/core_cm3.h"
 225              		.file 5 "Drivers/CMSIS/Device/ST/STM32F1xx/Include/system_stm32f1xx.h"
 226              		.file 6 "Drivers/CMSIS/Device/ST/STM32F1xx/Include/stm32f105xc.h"
 227              		.file 7 "Drivers/STM32F1xx_HAL_Driver/Inc/stm32f1xx_hal_def.h"
 228              		.file 8 "Drivers/STM32F1xx_HAL_Driver/Inc/stm32f1xx_hal_dma.h"
 229              		.file 9 "Drivers/STM32F1xx_HAL_Driver/Inc/stm32f1xx_hal_tim.h"
 230              		.file 10 "Drivers/STM32F1xx_HAL_Driver/Inc/stm32f1xx_hal.h"
 231              		.file 11 "Drivers/STM32F1xx_HAL_Driver/Inc/stm32f1xx_hal_cortex.h"
ARM GAS  C:\Users\HARTO_~1\AppData\Local\Temp\cc4t2rgu.s 			page 8


DEFINED SYMBOLS
                            *ABS*:0000000000000000 stm32f1xx_hal_msp.c
C:\Users\HARTO_~1\AppData\Local\Temp\cc4t2rgu.s:16     .text.HAL_MspInit:0000000000000000 $t
C:\Users\HARTO_~1\AppData\Local\Temp\cc4t2rgu.s:24     .text.HAL_MspInit:0000000000000000 HAL_MspInit
C:\Users\HARTO_~1\AppData\Local\Temp\cc4t2rgu.s:88     .text.HAL_MspInit:000000000000003c $d
C:\Users\HARTO_~1\AppData\Local\Temp\cc4t2rgu.s:94     .text.HAL_TIM_Base_MspInit:0000000000000000 $t
C:\Users\HARTO_~1\AppData\Local\Temp\cc4t2rgu.s:101    .text.HAL_TIM_Base_MspInit:0000000000000000 HAL_TIM_Base_MspInit
C:\Users\HARTO_~1\AppData\Local\Temp\cc4t2rgu.s:161    .text.HAL_TIM_Base_MspInit:000000000000003c $d
C:\Users\HARTO_~1\AppData\Local\Temp\cc4t2rgu.s:166    .text.HAL_TIM_Base_MspDeInit:0000000000000000 $t
C:\Users\HARTO_~1\AppData\Local\Temp\cc4t2rgu.s:173    .text.HAL_TIM_Base_MspDeInit:0000000000000000 HAL_TIM_Base_MspDeInit
C:\Users\HARTO_~1\AppData\Local\Temp\cc4t2rgu.s:215    .text.HAL_TIM_Base_MspDeInit:0000000000000020 $d

UNDEFINED SYMBOLS
HAL_NVIC_SetPriority
HAL_NVIC_EnableIRQ
HAL_NVIC_DisableIRQ
