ARM GAS  C:\Users\HARTO_~1\AppData\Local\Temp\ccowD26p.s 			page 1


   1              		.cpu cortex-m3
   2              		.eabi_attribute 20, 1
   3              		.eabi_attribute 21, 1
   4              		.eabi_attribute 23, 3
   5              		.eabi_attribute 24, 1
   6              		.eabi_attribute 25, 1
   7              		.eabi_attribute 26, 1
   8              		.eabi_attribute 30, 1
   9              		.eabi_attribute 34, 1
  10              		.eabi_attribute 18, 4
  11              		.file	"stm32f1xx_it.c"
  12              		.text
  13              	.Ltext0:
  14              		.cfi_sections	.debug_frame
  15              		.section	.text.NMI_Handler,"ax",%progbits
  16              		.align	1
  17              		.global	NMI_Handler
  18              		.arch armv7-m
  19              		.syntax unified
  20              		.thumb
  21              		.thumb_func
  22              		.fpu softvfp
  24              	NMI_Handler:
  25              	.LFB65:
  26              		.file 1 "Src/stm32f1xx_it.c"
   1:Src/stm32f1xx_it.c **** /* USER CODE BEGIN Header */
   2:Src/stm32f1xx_it.c **** /**
   3:Src/stm32f1xx_it.c ****   ******************************************************************************
   4:Src/stm32f1xx_it.c ****   * @file    stm32f1xx_it.c
   5:Src/stm32f1xx_it.c ****   * @brief   Interrupt Service Routines.
   6:Src/stm32f1xx_it.c ****   ******************************************************************************
   7:Src/stm32f1xx_it.c ****   * @attention
   8:Src/stm32f1xx_it.c ****   *
   9:Src/stm32f1xx_it.c ****   * <h2><center>&copy; Copyright (c) 2019 STMicroelectronics.
  10:Src/stm32f1xx_it.c ****   * All rights reserved.</center></h2>
  11:Src/stm32f1xx_it.c ****   *
  12:Src/stm32f1xx_it.c ****   * This software component is licensed by ST under BSD 3-Clause license,
  13:Src/stm32f1xx_it.c ****   * the "License"; You may not use this file except in compliance with the
  14:Src/stm32f1xx_it.c ****   * License. You may obtain a copy of the License at:
  15:Src/stm32f1xx_it.c ****   *                        opensource.org/licenses/BSD-3-Clause
  16:Src/stm32f1xx_it.c ****   *
  17:Src/stm32f1xx_it.c ****   ******************************************************************************
  18:Src/stm32f1xx_it.c ****   */
  19:Src/stm32f1xx_it.c **** /* USER CODE END Header */
  20:Src/stm32f1xx_it.c **** 
  21:Src/stm32f1xx_it.c **** /* Includes ------------------------------------------------------------------*/
  22:Src/stm32f1xx_it.c **** #include "main.h"
  23:Src/stm32f1xx_it.c **** #include "stm32f1xx_it.h"
  24:Src/stm32f1xx_it.c **** /* Private includes ----------------------------------------------------------*/
  25:Src/stm32f1xx_it.c **** /* USER CODE BEGIN Includes */
  26:Src/stm32f1xx_it.c **** /* USER CODE END Includes */
  27:Src/stm32f1xx_it.c **** 
  28:Src/stm32f1xx_it.c **** /* Private typedef -----------------------------------------------------------*/
  29:Src/stm32f1xx_it.c **** /* USER CODE BEGIN TD */
  30:Src/stm32f1xx_it.c **** extern uint8_t R1, R2, R3;
  31:Src/stm32f1xx_it.c **** uint8_t n_count = 0;
  32:Src/stm32f1xx_it.c **** 
ARM GAS  C:\Users\HARTO_~1\AppData\Local\Temp\ccowD26p.s 			page 2


  33:Src/stm32f1xx_it.c **** /* USER CODE END TD */
  34:Src/stm32f1xx_it.c **** 
  35:Src/stm32f1xx_it.c **** /* Private define ------------------------------------------------------------*/
  36:Src/stm32f1xx_it.c **** /* USER CODE BEGIN PD */
  37:Src/stm32f1xx_it.c ****  
  38:Src/stm32f1xx_it.c **** /* USER CODE END PD */
  39:Src/stm32f1xx_it.c **** 
  40:Src/stm32f1xx_it.c **** /* Private macro -------------------------------------------------------------*/
  41:Src/stm32f1xx_it.c **** /* USER CODE BEGIN PM */
  42:Src/stm32f1xx_it.c **** 
  43:Src/stm32f1xx_it.c **** /* USER CODE END PM */
  44:Src/stm32f1xx_it.c **** 
  45:Src/stm32f1xx_it.c **** /* Private variables ---------------------------------------------------------*/
  46:Src/stm32f1xx_it.c **** /* USER CODE BEGIN PV */
  47:Src/stm32f1xx_it.c **** 
  48:Src/stm32f1xx_it.c **** /* USER CODE END PV */
  49:Src/stm32f1xx_it.c **** 
  50:Src/stm32f1xx_it.c **** /* Private function prototypes -----------------------------------------------*/
  51:Src/stm32f1xx_it.c **** /* USER CODE BEGIN PFP */
  52:Src/stm32f1xx_it.c **** 
  53:Src/stm32f1xx_it.c **** /* USER CODE END PFP */
  54:Src/stm32f1xx_it.c **** 
  55:Src/stm32f1xx_it.c **** /* Private user code ---------------------------------------------------------*/
  56:Src/stm32f1xx_it.c **** /* USER CODE BEGIN 0 */
  57:Src/stm32f1xx_it.c **** 
  58:Src/stm32f1xx_it.c **** /* USER CODE END 0 */
  59:Src/stm32f1xx_it.c **** 
  60:Src/stm32f1xx_it.c **** /* External variables --------------------------------------------------------*/
  61:Src/stm32f1xx_it.c **** extern TIM_HandleTypeDef htim6;
  62:Src/stm32f1xx_it.c **** /* USER CODE BEGIN EV */
  63:Src/stm32f1xx_it.c **** 
  64:Src/stm32f1xx_it.c **** /* USER CODE END EV */
  65:Src/stm32f1xx_it.c **** 
  66:Src/stm32f1xx_it.c **** /******************************************************************************/
  67:Src/stm32f1xx_it.c **** /*           Cortex-M3 Processor Interruption and Exception Handlers          */ 
  68:Src/stm32f1xx_it.c **** /******************************************************************************/
  69:Src/stm32f1xx_it.c **** /**
  70:Src/stm32f1xx_it.c ****   * @brief This function handles Non maskable interrupt.
  71:Src/stm32f1xx_it.c ****   */
  72:Src/stm32f1xx_it.c **** void NMI_Handler(void)
  73:Src/stm32f1xx_it.c **** {
  27              		.loc 1 73 1 view -0
  28              		.cfi_startproc
  29              		@ args = 0, pretend = 0, frame = 0
  30              		@ frame_needed = 0, uses_anonymous_args = 0
  31              		@ link register save eliminated.
  74:Src/stm32f1xx_it.c ****   /* USER CODE BEGIN NonMaskableInt_IRQn 0 */
  75:Src/stm32f1xx_it.c **** 
  76:Src/stm32f1xx_it.c ****   /* USER CODE END NonMaskableInt_IRQn 0 */
  77:Src/stm32f1xx_it.c ****   /* USER CODE BEGIN NonMaskableInt_IRQn 1 */
  78:Src/stm32f1xx_it.c **** 
  79:Src/stm32f1xx_it.c ****   /* USER CODE END NonMaskableInt_IRQn 1 */
  80:Src/stm32f1xx_it.c **** }
  32              		.loc 1 80 1 view .LVU1
  33 0000 7047     		bx	lr
  34              		.cfi_endproc
  35              	.LFE65:
ARM GAS  C:\Users\HARTO_~1\AppData\Local\Temp\ccowD26p.s 			page 3


  37              		.section	.text.HardFault_Handler,"ax",%progbits
  38              		.align	1
  39              		.global	HardFault_Handler
  40              		.syntax unified
  41              		.thumb
  42              		.thumb_func
  43              		.fpu softvfp
  45              	HardFault_Handler:
  46              	.LFB66:
  81:Src/stm32f1xx_it.c **** 
  82:Src/stm32f1xx_it.c **** /**
  83:Src/stm32f1xx_it.c ****   * @brief This function handles Hard fault interrupt.
  84:Src/stm32f1xx_it.c ****   */
  85:Src/stm32f1xx_it.c **** void HardFault_Handler(void)
  86:Src/stm32f1xx_it.c **** {
  47              		.loc 1 86 1 view -0
  48              		.cfi_startproc
  49              		@ Volatile: function does not return.
  50              		@ args = 0, pretend = 0, frame = 0
  51              		@ frame_needed = 0, uses_anonymous_args = 0
  52              		@ link register save eliminated.
  53              	.L3:
  87:Src/stm32f1xx_it.c ****   /* USER CODE BEGIN HardFault_IRQn 0 */
  88:Src/stm32f1xx_it.c **** 
  89:Src/stm32f1xx_it.c ****   /* USER CODE END HardFault_IRQn 0 */
  90:Src/stm32f1xx_it.c ****   while (1)
  54              		.loc 1 90 3 discriminator 1 view .LVU3
  91:Src/stm32f1xx_it.c ****   {
  92:Src/stm32f1xx_it.c ****     /* USER CODE BEGIN W1_HardFault_IRQn 0 */
  93:Src/stm32f1xx_it.c ****     /* USER CODE END W1_HardFault_IRQn 0 */
  94:Src/stm32f1xx_it.c ****   }
  55              		.loc 1 94 3 discriminator 1 view .LVU4
  56 0000 FEE7     		b	.L3
  57              		.cfi_endproc
  58              	.LFE66:
  60              		.section	.text.MemManage_Handler,"ax",%progbits
  61              		.align	1
  62              		.global	MemManage_Handler
  63              		.syntax unified
  64              		.thumb
  65              		.thumb_func
  66              		.fpu softvfp
  68              	MemManage_Handler:
  69              	.LFB67:
  95:Src/stm32f1xx_it.c **** }
  96:Src/stm32f1xx_it.c **** 
  97:Src/stm32f1xx_it.c **** /**
  98:Src/stm32f1xx_it.c ****   * @brief This function handles Memory management fault.
  99:Src/stm32f1xx_it.c ****   */
 100:Src/stm32f1xx_it.c **** void MemManage_Handler(void)
 101:Src/stm32f1xx_it.c **** {
  70              		.loc 1 101 1 view -0
  71              		.cfi_startproc
  72              		@ Volatile: function does not return.
  73              		@ args = 0, pretend = 0, frame = 0
  74              		@ frame_needed = 0, uses_anonymous_args = 0
  75              		@ link register save eliminated.
ARM GAS  C:\Users\HARTO_~1\AppData\Local\Temp\ccowD26p.s 			page 4


  76              	.L5:
 102:Src/stm32f1xx_it.c ****   /* USER CODE BEGIN MemoryManagement_IRQn 0 */
 103:Src/stm32f1xx_it.c **** 
 104:Src/stm32f1xx_it.c ****   /* USER CODE END MemoryManagement_IRQn 0 */
 105:Src/stm32f1xx_it.c ****   while (1)
  77              		.loc 1 105 3 discriminator 1 view .LVU6
 106:Src/stm32f1xx_it.c ****   {
 107:Src/stm32f1xx_it.c ****     /* USER CODE BEGIN W1_MemoryManagement_IRQn 0 */
 108:Src/stm32f1xx_it.c ****     /* USER CODE END W1_MemoryManagement_IRQn 0 */
 109:Src/stm32f1xx_it.c ****   }
  78              		.loc 1 109 3 discriminator 1 view .LVU7
  79 0000 FEE7     		b	.L5
  80              		.cfi_endproc
  81              	.LFE67:
  83              		.section	.text.BusFault_Handler,"ax",%progbits
  84              		.align	1
  85              		.global	BusFault_Handler
  86              		.syntax unified
  87              		.thumb
  88              		.thumb_func
  89              		.fpu softvfp
  91              	BusFault_Handler:
  92              	.LFB68:
 110:Src/stm32f1xx_it.c **** }
 111:Src/stm32f1xx_it.c **** 
 112:Src/stm32f1xx_it.c **** /**
 113:Src/stm32f1xx_it.c ****   * @brief This function handles Prefetch fault, memory access fault.
 114:Src/stm32f1xx_it.c ****   */
 115:Src/stm32f1xx_it.c **** void BusFault_Handler(void)
 116:Src/stm32f1xx_it.c **** {
  93              		.loc 1 116 1 view -0
  94              		.cfi_startproc
  95              		@ Volatile: function does not return.
  96              		@ args = 0, pretend = 0, frame = 0
  97              		@ frame_needed = 0, uses_anonymous_args = 0
  98              		@ link register save eliminated.
  99              	.L7:
 117:Src/stm32f1xx_it.c ****   /* USER CODE BEGIN BusFault_IRQn 0 */
 118:Src/stm32f1xx_it.c **** 
 119:Src/stm32f1xx_it.c ****   /* USER CODE END BusFault_IRQn 0 */
 120:Src/stm32f1xx_it.c ****   while (1)
 100              		.loc 1 120 3 discriminator 1 view .LVU9
 121:Src/stm32f1xx_it.c ****   {
 122:Src/stm32f1xx_it.c ****     /* USER CODE BEGIN W1_BusFault_IRQn 0 */
 123:Src/stm32f1xx_it.c ****     /* USER CODE END W1_BusFault_IRQn 0 */
 124:Src/stm32f1xx_it.c ****   }
 101              		.loc 1 124 3 discriminator 1 view .LVU10
 102 0000 FEE7     		b	.L7
 103              		.cfi_endproc
 104              	.LFE68:
 106              		.section	.text.UsageFault_Handler,"ax",%progbits
 107              		.align	1
 108              		.global	UsageFault_Handler
 109              		.syntax unified
 110              		.thumb
 111              		.thumb_func
 112              		.fpu softvfp
ARM GAS  C:\Users\HARTO_~1\AppData\Local\Temp\ccowD26p.s 			page 5


 114              	UsageFault_Handler:
 115              	.LFB69:
 125:Src/stm32f1xx_it.c **** }
 126:Src/stm32f1xx_it.c **** 
 127:Src/stm32f1xx_it.c **** /**
 128:Src/stm32f1xx_it.c ****   * @brief This function handles Undefined instruction or illegal state.
 129:Src/stm32f1xx_it.c ****   */
 130:Src/stm32f1xx_it.c **** void UsageFault_Handler(void)
 131:Src/stm32f1xx_it.c **** {
 116              		.loc 1 131 1 view -0
 117              		.cfi_startproc
 118              		@ Volatile: function does not return.
 119              		@ args = 0, pretend = 0, frame = 0
 120              		@ frame_needed = 0, uses_anonymous_args = 0
 121              		@ link register save eliminated.
 122              	.L9:
 132:Src/stm32f1xx_it.c ****   /* USER CODE BEGIN UsageFault_IRQn 0 */
 133:Src/stm32f1xx_it.c **** 
 134:Src/stm32f1xx_it.c ****   /* USER CODE END UsageFault_IRQn 0 */
 135:Src/stm32f1xx_it.c ****   while (1)
 123              		.loc 1 135 3 discriminator 1 view .LVU12
 136:Src/stm32f1xx_it.c ****   {
 137:Src/stm32f1xx_it.c ****     /* USER CODE BEGIN W1_UsageFault_IRQn 0 */
 138:Src/stm32f1xx_it.c ****     /* USER CODE END W1_UsageFault_IRQn 0 */
 139:Src/stm32f1xx_it.c ****   }
 124              		.loc 1 139 3 discriminator 1 view .LVU13
 125 0000 FEE7     		b	.L9
 126              		.cfi_endproc
 127              	.LFE69:
 129              		.section	.text.SVC_Handler,"ax",%progbits
 130              		.align	1
 131              		.global	SVC_Handler
 132              		.syntax unified
 133              		.thumb
 134              		.thumb_func
 135              		.fpu softvfp
 137              	SVC_Handler:
 138              	.LFB70:
 140:Src/stm32f1xx_it.c **** }
 141:Src/stm32f1xx_it.c **** 
 142:Src/stm32f1xx_it.c **** /**
 143:Src/stm32f1xx_it.c ****   * @brief This function handles System service call via SWI instruction.
 144:Src/stm32f1xx_it.c ****   */
 145:Src/stm32f1xx_it.c **** void SVC_Handler(void)
 146:Src/stm32f1xx_it.c **** {
 139              		.loc 1 146 1 view -0
 140              		.cfi_startproc
 141              		@ args = 0, pretend = 0, frame = 0
 142              		@ frame_needed = 0, uses_anonymous_args = 0
 143              		@ link register save eliminated.
 147:Src/stm32f1xx_it.c ****   /* USER CODE BEGIN SVCall_IRQn 0 */
 148:Src/stm32f1xx_it.c **** 
 149:Src/stm32f1xx_it.c ****   /* USER CODE END SVCall_IRQn 0 */
 150:Src/stm32f1xx_it.c ****   /* USER CODE BEGIN SVCall_IRQn 1 */
 151:Src/stm32f1xx_it.c **** 
 152:Src/stm32f1xx_it.c ****   /* USER CODE END SVCall_IRQn 1 */
 153:Src/stm32f1xx_it.c **** }
ARM GAS  C:\Users\HARTO_~1\AppData\Local\Temp\ccowD26p.s 			page 6


 144              		.loc 1 153 1 view .LVU15
 145 0000 7047     		bx	lr
 146              		.cfi_endproc
 147              	.LFE70:
 149              		.section	.text.DebugMon_Handler,"ax",%progbits
 150              		.align	1
 151              		.global	DebugMon_Handler
 152              		.syntax unified
 153              		.thumb
 154              		.thumb_func
 155              		.fpu softvfp
 157              	DebugMon_Handler:
 158              	.LFB71:
 154:Src/stm32f1xx_it.c **** 
 155:Src/stm32f1xx_it.c **** /**
 156:Src/stm32f1xx_it.c ****   * @brief This function handles Debug monitor.
 157:Src/stm32f1xx_it.c ****   */
 158:Src/stm32f1xx_it.c **** void DebugMon_Handler(void)
 159:Src/stm32f1xx_it.c **** {
 159              		.loc 1 159 1 view -0
 160              		.cfi_startproc
 161              		@ args = 0, pretend = 0, frame = 0
 162              		@ frame_needed = 0, uses_anonymous_args = 0
 163              		@ link register save eliminated.
 160:Src/stm32f1xx_it.c ****   /* USER CODE BEGIN DebugMonitor_IRQn 0 */
 161:Src/stm32f1xx_it.c **** 
 162:Src/stm32f1xx_it.c ****   /* USER CODE END DebugMonitor_IRQn 0 */
 163:Src/stm32f1xx_it.c ****   /* USER CODE BEGIN DebugMonitor_IRQn 1 */
 164:Src/stm32f1xx_it.c **** 
 165:Src/stm32f1xx_it.c ****   /* USER CODE END DebugMonitor_IRQn 1 */
 166:Src/stm32f1xx_it.c **** }
 164              		.loc 1 166 1 view .LVU17
 165 0000 7047     		bx	lr
 166              		.cfi_endproc
 167              	.LFE71:
 169              		.section	.text.PendSV_Handler,"ax",%progbits
 170              		.align	1
 171              		.global	PendSV_Handler
 172              		.syntax unified
 173              		.thumb
 174              		.thumb_func
 175              		.fpu softvfp
 177              	PendSV_Handler:
 178              	.LFB72:
 167:Src/stm32f1xx_it.c **** 
 168:Src/stm32f1xx_it.c **** /**
 169:Src/stm32f1xx_it.c ****   * @brief This function handles Pendable request for system service.
 170:Src/stm32f1xx_it.c ****   */
 171:Src/stm32f1xx_it.c **** void PendSV_Handler(void)
 172:Src/stm32f1xx_it.c **** {
 179              		.loc 1 172 1 view -0
 180              		.cfi_startproc
 181              		@ args = 0, pretend = 0, frame = 0
 182              		@ frame_needed = 0, uses_anonymous_args = 0
 183              		@ link register save eliminated.
 173:Src/stm32f1xx_it.c ****   /* USER CODE BEGIN PendSV_IRQn 0 */
 174:Src/stm32f1xx_it.c **** 
ARM GAS  C:\Users\HARTO_~1\AppData\Local\Temp\ccowD26p.s 			page 7


 175:Src/stm32f1xx_it.c ****   /* USER CODE END PendSV_IRQn 0 */
 176:Src/stm32f1xx_it.c ****   /* USER CODE BEGIN PendSV_IRQn 1 */
 177:Src/stm32f1xx_it.c **** 
 178:Src/stm32f1xx_it.c ****   /* USER CODE END PendSV_IRQn 1 */
 179:Src/stm32f1xx_it.c **** }
 184              		.loc 1 179 1 view .LVU19
 185 0000 7047     		bx	lr
 186              		.cfi_endproc
 187              	.LFE72:
 189              		.section	.text.SysTick_Handler,"ax",%progbits
 190              		.align	1
 191              		.global	SysTick_Handler
 192              		.syntax unified
 193              		.thumb
 194              		.thumb_func
 195              		.fpu softvfp
 197              	SysTick_Handler:
 198              	.LFB73:
 180:Src/stm32f1xx_it.c **** 
 181:Src/stm32f1xx_it.c **** /**
 182:Src/stm32f1xx_it.c ****   * @brief This function handles System tick timer.
 183:Src/stm32f1xx_it.c ****   */
 184:Src/stm32f1xx_it.c **** void SysTick_Handler(void)
 185:Src/stm32f1xx_it.c **** {
 199              		.loc 1 185 1 view -0
 200              		.cfi_startproc
 201              		@ args = 0, pretend = 0, frame = 0
 202              		@ frame_needed = 0, uses_anonymous_args = 0
 203 0000 08B5     		push	{r3, lr}
 204              	.LCFI0:
 205              		.cfi_def_cfa_offset 8
 206              		.cfi_offset 3, -8
 207              		.cfi_offset 14, -4
 186:Src/stm32f1xx_it.c ****   /* USER CODE BEGIN SysTick_IRQn 0 */
 187:Src/stm32f1xx_it.c **** 
 188:Src/stm32f1xx_it.c ****   /* USER CODE END SysTick_IRQn 0 */
 189:Src/stm32f1xx_it.c ****   HAL_IncTick();
 208              		.loc 1 189 3 view .LVU21
 209 0002 FFF7FEFF 		bl	HAL_IncTick
 210              	.LVL0:
 190:Src/stm32f1xx_it.c ****   /* USER CODE BEGIN SysTick_IRQn 1 */
 191:Src/stm32f1xx_it.c **** 
 192:Src/stm32f1xx_it.c ****   /* USER CODE END SysTick_IRQn 1 */
 193:Src/stm32f1xx_it.c **** }
 211              		.loc 1 193 1 is_stmt 0 view .LVU22
 212 0006 08BD     		pop	{r3, pc}
 213              		.cfi_endproc
 214              	.LFE73:
 216              		.section	.text.TIM6_IRQHandler,"ax",%progbits
 217              		.align	1
 218              		.global	TIM6_IRQHandler
 219              		.syntax unified
 220              		.thumb
 221              		.thumb_func
 222              		.fpu softvfp
 224              	TIM6_IRQHandler:
 225              	.LFB74:
ARM GAS  C:\Users\HARTO_~1\AppData\Local\Temp\ccowD26p.s 			page 8


 194:Src/stm32f1xx_it.c **** 
 195:Src/stm32f1xx_it.c **** /******************************************************************************/
 196:Src/stm32f1xx_it.c **** /* STM32F1xx Peripheral Interrupt Handlers                                    */
 197:Src/stm32f1xx_it.c **** /* Add here the Interrupt Handlers for the used peripherals.                  */
 198:Src/stm32f1xx_it.c **** /* For the available peripheral interrupt handler names,                      */
 199:Src/stm32f1xx_it.c **** /* please refer to the startup file (startup_stm32f1xx.s).                    */
 200:Src/stm32f1xx_it.c **** /******************************************************************************/
 201:Src/stm32f1xx_it.c **** 
 202:Src/stm32f1xx_it.c **** /**
 203:Src/stm32f1xx_it.c ****   * @brief This function handles TIM6 global interrupt.
 204:Src/stm32f1xx_it.c ****   */
 205:Src/stm32f1xx_it.c **** void TIM6_IRQHandler(void)
 206:Src/stm32f1xx_it.c **** {
 226              		.loc 1 206 1 is_stmt 1 view -0
 227              		.cfi_startproc
 228              		@ args = 0, pretend = 0, frame = 0
 229              		@ frame_needed = 0, uses_anonymous_args = 0
 230 0000 10B5     		push	{r4, lr}
 231              	.LCFI1:
 232              		.cfi_def_cfa_offset 8
 233              		.cfi_offset 4, -8
 234              		.cfi_offset 14, -4
 207:Src/stm32f1xx_it.c ****   /* USER CODE BEGIN TIM6_IRQn 0 */
 208:Src/stm32f1xx_it.c **** 
 209:Src/stm32f1xx_it.c ****   /* USER CODE END TIM6_IRQn 0 */
 210:Src/stm32f1xx_it.c ****   HAL_TIM_IRQHandler(&htim6);
 235              		.loc 1 210 3 view .LVU24
 236 0002 2F48     		ldr	r0, .L24
 237 0004 FFF7FEFF 		bl	HAL_TIM_IRQHandler
 238              	.LVL1:
 211:Src/stm32f1xx_it.c ****   /* USER CODE BEGIN TIM6_IRQn 1 */
 212:Src/stm32f1xx_it.c ****   if (n_count == 0)
 239              		.loc 1 212 3 view .LVU25
 240              		.loc 1 212 15 is_stmt 0 view .LVU26
 241 0008 2E4B     		ldr	r3, .L24+4
 242 000a 1B78     		ldrb	r3, [r3]	@ zero_extendqisi2
 243              		.loc 1 212 6 view .LVU27
 244 000c 93B1     		cbz	r3, .L21
 245              	.L16:
 213:Src/stm32f1xx_it.c ****   {
 214:Src/stm32f1xx_it.c ****     HAL_GPIO_WritePin(GPIOC, GPIO_PIN_11, GPIO_PIN_RESET);
 215:Src/stm32f1xx_it.c ****     HAL_GPIO_WritePin(GPIOC, GPIO_PIN_12, GPIO_PIN_SET);
 216:Src/stm32f1xx_it.c ****     HAL_GPIO_WritePin(GPIOD, GPIO_PIN_0, GPIO_PIN_SET);
 217:Src/stm32f1xx_it.c ****     segchar(R1);
 218:Src/stm32f1xx_it.c ****   }
 219:Src/stm32f1xx_it.c ****   if (n_count == 1)
 246              		.loc 1 219 3 is_stmt 1 view .LVU28
 247              		.loc 1 219 15 is_stmt 0 view .LVU29
 248 000e 2D4B     		ldr	r3, .L24+4
 249 0010 1B78     		ldrb	r3, [r3]	@ zero_extendqisi2
 250              		.loc 1 219 6 view .LVU30
 251 0012 012B     		cmp	r3, #1
 252 0014 25D0     		beq	.L22
 253              	.L17:
 220:Src/stm32f1xx_it.c ****   {
 221:Src/stm32f1xx_it.c ****     HAL_GPIO_WritePin(GPIOC, GPIO_PIN_11, GPIO_PIN_SET);
 222:Src/stm32f1xx_it.c ****     HAL_GPIO_WritePin(GPIOC, GPIO_PIN_12, GPIO_PIN_RESET);
ARM GAS  C:\Users\HARTO_~1\AppData\Local\Temp\ccowD26p.s 			page 9


 223:Src/stm32f1xx_it.c ****     HAL_GPIO_WritePin(GPIOD, GPIO_PIN_0, GPIO_PIN_SET);
 224:Src/stm32f1xx_it.c ****     segchar(R2);
 225:Src/stm32f1xx_it.c ****   }
 226:Src/stm32f1xx_it.c ****   if (n_count == 2)
 254              		.loc 1 226 3 is_stmt 1 view .LVU31
 255              		.loc 1 226 15 is_stmt 0 view .LVU32
 256 0016 2B4B     		ldr	r3, .L24+4
 257 0018 1B78     		ldrb	r3, [r3]	@ zero_extendqisi2
 258              		.loc 1 226 6 view .LVU33
 259 001a 022B     		cmp	r3, #2
 260 001c 38D0     		beq	.L23
 261              	.L18:
 227:Src/stm32f1xx_it.c ****   {
 228:Src/stm32f1xx_it.c ****     HAL_GPIO_WritePin(GPIOC, GPIO_PIN_11, GPIO_PIN_SET);
 229:Src/stm32f1xx_it.c ****     HAL_GPIO_WritePin(GPIOC, GPIO_PIN_12, GPIO_PIN_SET);
 230:Src/stm32f1xx_it.c ****     HAL_GPIO_WritePin(GPIOD, GPIO_PIN_0, GPIO_PIN_RESET);
 231:Src/stm32f1xx_it.c ****     segchar(R3);
 232:Src/stm32f1xx_it.c ****   }
 233:Src/stm32f1xx_it.c ****   n_count++;
 262              		.loc 1 233 3 is_stmt 1 view .LVU34
 263              		.loc 1 233 10 is_stmt 0 view .LVU35
 264 001e 294A     		ldr	r2, .L24+4
 265 0020 1378     		ldrb	r3, [r2]	@ zero_extendqisi2
 266 0022 0133     		adds	r3, r3, #1
 267 0024 DBB2     		uxtb	r3, r3
 268 0026 1370     		strb	r3, [r2]
 234:Src/stm32f1xx_it.c ****   if (n_count > 2) n_count = 0;
 269              		.loc 1 234 3 is_stmt 1 view .LVU36
 270              		.loc 1 234 6 is_stmt 0 view .LVU37
 271 0028 022B     		cmp	r3, #2
 272 002a 02D9     		bls	.L15
 273              		.loc 1 234 20 is_stmt 1 discriminator 1 view .LVU38
 274              		.loc 1 234 28 is_stmt 0 discriminator 1 view .LVU39
 275 002c 1346     		mov	r3, r2
 276 002e 0022     		movs	r2, #0
 277 0030 1A70     		strb	r2, [r3]
 278              	.L15:
 235:Src/stm32f1xx_it.c ****   /* USER CODE END TIM6_IRQn 1 */
 236:Src/stm32f1xx_it.c **** }
 279              		.loc 1 236 1 view .LVU40
 280 0032 10BD     		pop	{r4, pc}
 281              	.L21:
 214:Src/stm32f1xx_it.c ****     HAL_GPIO_WritePin(GPIOC, GPIO_PIN_12, GPIO_PIN_SET);
 282              		.loc 1 214 5 is_stmt 1 view .LVU41
 283 0034 244C     		ldr	r4, .L24+8
 284 0036 0022     		movs	r2, #0
 285 0038 4FF40061 		mov	r1, #2048
 286 003c 2046     		mov	r0, r4
 287 003e FFF7FEFF 		bl	HAL_GPIO_WritePin
 288              	.LVL2:
 215:Src/stm32f1xx_it.c ****     HAL_GPIO_WritePin(GPIOD, GPIO_PIN_0, GPIO_PIN_SET);
 289              		.loc 1 215 5 view .LVU42
 290 0042 0122     		movs	r2, #1
 291 0044 4FF48051 		mov	r1, #4096
 292 0048 2046     		mov	r0, r4
 293 004a FFF7FEFF 		bl	HAL_GPIO_WritePin
 294              	.LVL3:
ARM GAS  C:\Users\HARTO_~1\AppData\Local\Temp\ccowD26p.s 			page 10


 216:Src/stm32f1xx_it.c ****     segchar(R1);
 295              		.loc 1 216 5 view .LVU43
 296 004e 0122     		movs	r2, #1
 297 0050 1146     		mov	r1, r2
 298 0052 1E48     		ldr	r0, .L24+12
 299 0054 FFF7FEFF 		bl	HAL_GPIO_WritePin
 300              	.LVL4:
 217:Src/stm32f1xx_it.c ****   }
 301              		.loc 1 217 5 view .LVU44
 302 0058 1D4B     		ldr	r3, .L24+16
 303 005a 1878     		ldrb	r0, [r3]	@ zero_extendqisi2
 304 005c FFF7FEFF 		bl	segchar
 305              	.LVL5:
 306 0060 D5E7     		b	.L16
 307              	.L22:
 221:Src/stm32f1xx_it.c ****     HAL_GPIO_WritePin(GPIOC, GPIO_PIN_12, GPIO_PIN_RESET);
 308              		.loc 1 221 5 view .LVU45
 309 0062 194C     		ldr	r4, .L24+8
 310 0064 0122     		movs	r2, #1
 311 0066 4FF40061 		mov	r1, #2048
 312 006a 2046     		mov	r0, r4
 313 006c FFF7FEFF 		bl	HAL_GPIO_WritePin
 314              	.LVL6:
 222:Src/stm32f1xx_it.c ****     HAL_GPIO_WritePin(GPIOD, GPIO_PIN_0, GPIO_PIN_SET);
 315              		.loc 1 222 5 view .LVU46
 316 0070 0022     		movs	r2, #0
 317 0072 4FF48051 		mov	r1, #4096
 318 0076 2046     		mov	r0, r4
 319 0078 FFF7FEFF 		bl	HAL_GPIO_WritePin
 320              	.LVL7:
 223:Src/stm32f1xx_it.c ****     segchar(R2);
 321              		.loc 1 223 5 view .LVU47
 322 007c 0122     		movs	r2, #1
 323 007e 1146     		mov	r1, r2
 324 0080 1248     		ldr	r0, .L24+12
 325 0082 FFF7FEFF 		bl	HAL_GPIO_WritePin
 326              	.LVL8:
 224:Src/stm32f1xx_it.c ****   }
 327              		.loc 1 224 5 view .LVU48
 328 0086 134B     		ldr	r3, .L24+20
 329 0088 1878     		ldrb	r0, [r3]	@ zero_extendqisi2
 330 008a FFF7FEFF 		bl	segchar
 331              	.LVL9:
 332 008e C2E7     		b	.L17
 333              	.L23:
 228:Src/stm32f1xx_it.c ****     HAL_GPIO_WritePin(GPIOC, GPIO_PIN_12, GPIO_PIN_SET);
 334              		.loc 1 228 5 view .LVU49
 335 0090 0D4C     		ldr	r4, .L24+8
 336 0092 0122     		movs	r2, #1
 337 0094 4FF40061 		mov	r1, #2048
 338 0098 2046     		mov	r0, r4
 339 009a FFF7FEFF 		bl	HAL_GPIO_WritePin
 340              	.LVL10:
 229:Src/stm32f1xx_it.c ****     HAL_GPIO_WritePin(GPIOD, GPIO_PIN_0, GPIO_PIN_RESET);
 341              		.loc 1 229 5 view .LVU50
 342 009e 0122     		movs	r2, #1
 343 00a0 4FF48051 		mov	r1, #4096
ARM GAS  C:\Users\HARTO_~1\AppData\Local\Temp\ccowD26p.s 			page 11


 344 00a4 2046     		mov	r0, r4
 345 00a6 FFF7FEFF 		bl	HAL_GPIO_WritePin
 346              	.LVL11:
 230:Src/stm32f1xx_it.c ****     segchar(R3);
 347              		.loc 1 230 5 view .LVU51
 348 00aa 0022     		movs	r2, #0
 349 00ac 0121     		movs	r1, #1
 350 00ae 0748     		ldr	r0, .L24+12
 351 00b0 FFF7FEFF 		bl	HAL_GPIO_WritePin
 352              	.LVL12:
 231:Src/stm32f1xx_it.c ****   }
 353              		.loc 1 231 5 view .LVU52
 354 00b4 084B     		ldr	r3, .L24+24
 355 00b6 1878     		ldrb	r0, [r3]	@ zero_extendqisi2
 356 00b8 FFF7FEFF 		bl	segchar
 357              	.LVL13:
 358 00bc AFE7     		b	.L18
 359              	.L25:
 360 00be 00BF     		.align	2
 361              	.L24:
 362 00c0 00000000 		.word	htim6
 363 00c4 00000000 		.word	.LANCHOR0
 364 00c8 00100140 		.word	1073811456
 365 00cc 00140140 		.word	1073812480
 366 00d0 00000000 		.word	R1
 367 00d4 00000000 		.word	R2
 368 00d8 00000000 		.word	R3
 369              		.cfi_endproc
 370              	.LFE74:
 372              		.global	n_count
 373              		.section	.bss.n_count,"aw",%nobits
 374              		.set	.LANCHOR0,. + 0
 377              	n_count:
 378 0000 00       		.space	1
 379              		.text
 380              	.Letext0:
 381              		.file 2 "c:\\software\\embeddedgcc\\arm_gcc\\arm-none-eabi\\include\\machine\\_default_types.h"
 382              		.file 3 "c:\\software\\embeddedgcc\\arm_gcc\\arm-none-eabi\\include\\sys\\_stdint.h"
 383              		.file 4 "Drivers/CMSIS/Include/core_cm3.h"
 384              		.file 5 "Drivers/CMSIS/Device/ST/STM32F1xx/Include/system_stm32f1xx.h"
 385              		.file 6 "Drivers/CMSIS/Device/ST/STM32F1xx/Include/stm32f105xc.h"
 386              		.file 7 "Drivers/STM32F1xx_HAL_Driver/Inc/stm32f1xx_hal_def.h"
 387              		.file 8 "Drivers/STM32F1xx_HAL_Driver/Inc/stm32f1xx_hal_gpio.h"
 388              		.file 9 "Drivers/STM32F1xx_HAL_Driver/Inc/stm32f1xx_hal_dma.h"
 389              		.file 10 "Drivers/STM32F1xx_HAL_Driver/Inc/stm32f1xx_hal_tim.h"
 390              		.file 11 "Drivers/STM32F1xx_HAL_Driver/Inc/stm32f1xx_hal.h"
 391              		.file 12 "Inc/led.h"
ARM GAS  C:\Users\HARTO_~1\AppData\Local\Temp\ccowD26p.s 			page 12


DEFINED SYMBOLS
                            *ABS*:0000000000000000 stm32f1xx_it.c
C:\Users\HARTO_~1\AppData\Local\Temp\ccowD26p.s:16     .text.NMI_Handler:0000000000000000 $t
C:\Users\HARTO_~1\AppData\Local\Temp\ccowD26p.s:24     .text.NMI_Handler:0000000000000000 NMI_Handler
C:\Users\HARTO_~1\AppData\Local\Temp\ccowD26p.s:38     .text.HardFault_Handler:0000000000000000 $t
C:\Users\HARTO_~1\AppData\Local\Temp\ccowD26p.s:45     .text.HardFault_Handler:0000000000000000 HardFault_Handler
C:\Users\HARTO_~1\AppData\Local\Temp\ccowD26p.s:61     .text.MemManage_Handler:0000000000000000 $t
C:\Users\HARTO_~1\AppData\Local\Temp\ccowD26p.s:68     .text.MemManage_Handler:0000000000000000 MemManage_Handler
C:\Users\HARTO_~1\AppData\Local\Temp\ccowD26p.s:84     .text.BusFault_Handler:0000000000000000 $t
C:\Users\HARTO_~1\AppData\Local\Temp\ccowD26p.s:91     .text.BusFault_Handler:0000000000000000 BusFault_Handler
C:\Users\HARTO_~1\AppData\Local\Temp\ccowD26p.s:107    .text.UsageFault_Handler:0000000000000000 $t
C:\Users\HARTO_~1\AppData\Local\Temp\ccowD26p.s:114    .text.UsageFault_Handler:0000000000000000 UsageFault_Handler
C:\Users\HARTO_~1\AppData\Local\Temp\ccowD26p.s:130    .text.SVC_Handler:0000000000000000 $t
C:\Users\HARTO_~1\AppData\Local\Temp\ccowD26p.s:137    .text.SVC_Handler:0000000000000000 SVC_Handler
C:\Users\HARTO_~1\AppData\Local\Temp\ccowD26p.s:150    .text.DebugMon_Handler:0000000000000000 $t
C:\Users\HARTO_~1\AppData\Local\Temp\ccowD26p.s:157    .text.DebugMon_Handler:0000000000000000 DebugMon_Handler
C:\Users\HARTO_~1\AppData\Local\Temp\ccowD26p.s:170    .text.PendSV_Handler:0000000000000000 $t
C:\Users\HARTO_~1\AppData\Local\Temp\ccowD26p.s:177    .text.PendSV_Handler:0000000000000000 PendSV_Handler
C:\Users\HARTO_~1\AppData\Local\Temp\ccowD26p.s:190    .text.SysTick_Handler:0000000000000000 $t
C:\Users\HARTO_~1\AppData\Local\Temp\ccowD26p.s:197    .text.SysTick_Handler:0000000000000000 SysTick_Handler
C:\Users\HARTO_~1\AppData\Local\Temp\ccowD26p.s:217    .text.TIM6_IRQHandler:0000000000000000 $t
C:\Users\HARTO_~1\AppData\Local\Temp\ccowD26p.s:224    .text.TIM6_IRQHandler:0000000000000000 TIM6_IRQHandler
C:\Users\HARTO_~1\AppData\Local\Temp\ccowD26p.s:362    .text.TIM6_IRQHandler:00000000000000c0 $d
C:\Users\HARTO_~1\AppData\Local\Temp\ccowD26p.s:377    .bss.n_count:0000000000000000 n_count
C:\Users\HARTO_~1\AppData\Local\Temp\ccowD26p.s:378    .bss.n_count:0000000000000000 $d

UNDEFINED SYMBOLS
HAL_IncTick
HAL_TIM_IRQHandler
HAL_GPIO_WritePin
segchar
htim6
R1
R2
R3
