ARM GAS  C:\Users\HARTO_~1\AppData\Local\Temp\ccK5QW7w.s 			page 1


   1              		.cpu cortex-m3
   2              		.eabi_attribute 20, 1
   3              		.eabi_attribute 21, 1
   4              		.eabi_attribute 23, 3
   5              		.eabi_attribute 24, 1
   6              		.eabi_attribute 25, 1
   7              		.eabi_attribute 26, 1
   8              		.eabi_attribute 30, 1
   9              		.eabi_attribute 34, 1
  10              		.eabi_attribute 18, 4
  11              		.file	"stm32f1xx_hal.c"
  12              		.text
  13              	.Ltext0:
  14              		.cfi_sections	.debug_frame
  15              		.section	.text.HAL_MspInit,"ax",%progbits
  16              		.align	1
  17              		.weak	HAL_MspInit
  18              		.arch armv7-m
  19              		.syntax unified
  20              		.thumb
  21              		.thumb_func
  22              		.fpu softvfp
  24              	HAL_MspInit:
  25              	.LFB67:
  26              		.file 1 "Drivers/STM32F1xx_HAL_Driver/Src/stm32f1xx_hal.c"
   1:Drivers/STM32F1xx_HAL_Driver/Src/stm32f1xx_hal.c **** /**
   2:Drivers/STM32F1xx_HAL_Driver/Src/stm32f1xx_hal.c ****   ******************************************************************************
   3:Drivers/STM32F1xx_HAL_Driver/Src/stm32f1xx_hal.c ****   * @file    stm32f1xx_hal.c
   4:Drivers/STM32F1xx_HAL_Driver/Src/stm32f1xx_hal.c ****   * @author  MCD Application Team
   5:Drivers/STM32F1xx_HAL_Driver/Src/stm32f1xx_hal.c ****   * @brief   HAL module driver.
   6:Drivers/STM32F1xx_HAL_Driver/Src/stm32f1xx_hal.c ****   *          This is the common part of the HAL initialization
   7:Drivers/STM32F1xx_HAL_Driver/Src/stm32f1xx_hal.c ****   *
   8:Drivers/STM32F1xx_HAL_Driver/Src/stm32f1xx_hal.c ****   @verbatim
   9:Drivers/STM32F1xx_HAL_Driver/Src/stm32f1xx_hal.c ****   ==============================================================================
  10:Drivers/STM32F1xx_HAL_Driver/Src/stm32f1xx_hal.c ****                      ##### How to use this driver #####
  11:Drivers/STM32F1xx_HAL_Driver/Src/stm32f1xx_hal.c ****   ==============================================================================
  12:Drivers/STM32F1xx_HAL_Driver/Src/stm32f1xx_hal.c ****     [..]
  13:Drivers/STM32F1xx_HAL_Driver/Src/stm32f1xx_hal.c ****     The common HAL driver contains a set of generic and common APIs that can be
  14:Drivers/STM32F1xx_HAL_Driver/Src/stm32f1xx_hal.c ****     used by the PPP peripheral drivers and the user to start using the HAL.
  15:Drivers/STM32F1xx_HAL_Driver/Src/stm32f1xx_hal.c ****     [..]
  16:Drivers/STM32F1xx_HAL_Driver/Src/stm32f1xx_hal.c ****     The HAL contains two APIs' categories:
  17:Drivers/STM32F1xx_HAL_Driver/Src/stm32f1xx_hal.c ****          (+) Common HAL APIs
  18:Drivers/STM32F1xx_HAL_Driver/Src/stm32f1xx_hal.c ****          (+) Services HAL APIs
  19:Drivers/STM32F1xx_HAL_Driver/Src/stm32f1xx_hal.c **** 
  20:Drivers/STM32F1xx_HAL_Driver/Src/stm32f1xx_hal.c ****   @endverbatim
  21:Drivers/STM32F1xx_HAL_Driver/Src/stm32f1xx_hal.c ****   ******************************************************************************
  22:Drivers/STM32F1xx_HAL_Driver/Src/stm32f1xx_hal.c ****   * @attention
  23:Drivers/STM32F1xx_HAL_Driver/Src/stm32f1xx_hal.c ****   *
  24:Drivers/STM32F1xx_HAL_Driver/Src/stm32f1xx_hal.c ****   * <h2><center>&copy; Copyright (c) 2016 STMicroelectronics.
  25:Drivers/STM32F1xx_HAL_Driver/Src/stm32f1xx_hal.c ****   * All rights reserved.</center></h2>
  26:Drivers/STM32F1xx_HAL_Driver/Src/stm32f1xx_hal.c ****   *
  27:Drivers/STM32F1xx_HAL_Driver/Src/stm32f1xx_hal.c ****   * This software component is licensed by ST under BSD 3-Clause license,
  28:Drivers/STM32F1xx_HAL_Driver/Src/stm32f1xx_hal.c ****   * the "License"; You may not use this file except in compliance with the
  29:Drivers/STM32F1xx_HAL_Driver/Src/stm32f1xx_hal.c ****   * License. You may obtain a copy of the License at:
  30:Drivers/STM32F1xx_HAL_Driver/Src/stm32f1xx_hal.c ****   *                        opensource.org/licenses/BSD-3-Clause
  31:Drivers/STM32F1xx_HAL_Driver/Src/stm32f1xx_hal.c ****   *
  32:Drivers/STM32F1xx_HAL_Driver/Src/stm32f1xx_hal.c ****   ******************************************************************************
ARM GAS  C:\Users\HARTO_~1\AppData\Local\Temp\ccK5QW7w.s 			page 2


  33:Drivers/STM32F1xx_HAL_Driver/Src/stm32f1xx_hal.c ****   */
  34:Drivers/STM32F1xx_HAL_Driver/Src/stm32f1xx_hal.c **** 
  35:Drivers/STM32F1xx_HAL_Driver/Src/stm32f1xx_hal.c **** /* Includes ------------------------------------------------------------------*/
  36:Drivers/STM32F1xx_HAL_Driver/Src/stm32f1xx_hal.c **** #include "stm32f1xx_hal.h"
  37:Drivers/STM32F1xx_HAL_Driver/Src/stm32f1xx_hal.c **** 
  38:Drivers/STM32F1xx_HAL_Driver/Src/stm32f1xx_hal.c **** /** @addtogroup STM32F1xx_HAL_Driver
  39:Drivers/STM32F1xx_HAL_Driver/Src/stm32f1xx_hal.c ****   * @{
  40:Drivers/STM32F1xx_HAL_Driver/Src/stm32f1xx_hal.c ****   */
  41:Drivers/STM32F1xx_HAL_Driver/Src/stm32f1xx_hal.c **** 
  42:Drivers/STM32F1xx_HAL_Driver/Src/stm32f1xx_hal.c **** /** @defgroup HAL HAL
  43:Drivers/STM32F1xx_HAL_Driver/Src/stm32f1xx_hal.c ****   * @brief HAL module driver.
  44:Drivers/STM32F1xx_HAL_Driver/Src/stm32f1xx_hal.c ****   * @{
  45:Drivers/STM32F1xx_HAL_Driver/Src/stm32f1xx_hal.c ****   */
  46:Drivers/STM32F1xx_HAL_Driver/Src/stm32f1xx_hal.c **** 
  47:Drivers/STM32F1xx_HAL_Driver/Src/stm32f1xx_hal.c **** #ifdef HAL_MODULE_ENABLED
  48:Drivers/STM32F1xx_HAL_Driver/Src/stm32f1xx_hal.c **** 
  49:Drivers/STM32F1xx_HAL_Driver/Src/stm32f1xx_hal.c **** /* Private typedef -----------------------------------------------------------*/
  50:Drivers/STM32F1xx_HAL_Driver/Src/stm32f1xx_hal.c **** /* Private define ------------------------------------------------------------*/
  51:Drivers/STM32F1xx_HAL_Driver/Src/stm32f1xx_hal.c **** 
  52:Drivers/STM32F1xx_HAL_Driver/Src/stm32f1xx_hal.c **** /** @defgroup HAL_Private_Constants HAL Private Constants
  53:Drivers/STM32F1xx_HAL_Driver/Src/stm32f1xx_hal.c ****   * @{
  54:Drivers/STM32F1xx_HAL_Driver/Src/stm32f1xx_hal.c ****   */
  55:Drivers/STM32F1xx_HAL_Driver/Src/stm32f1xx_hal.c **** /**
  56:Drivers/STM32F1xx_HAL_Driver/Src/stm32f1xx_hal.c ****  * @brief STM32F1xx HAL Driver version number V1.1.4
  57:Drivers/STM32F1xx_HAL_Driver/Src/stm32f1xx_hal.c ****    */
  58:Drivers/STM32F1xx_HAL_Driver/Src/stm32f1xx_hal.c **** #define __STM32F1xx_HAL_VERSION_MAIN   (0x01U) /*!< [31:24] main version */
  59:Drivers/STM32F1xx_HAL_Driver/Src/stm32f1xx_hal.c **** #define __STM32F1xx_HAL_VERSION_SUB1   (0x01U) /*!< [23:16] sub1 version */
  60:Drivers/STM32F1xx_HAL_Driver/Src/stm32f1xx_hal.c **** #define __STM32F1xx_HAL_VERSION_SUB2   (0x04U) /*!< [15:8]  sub2 version */
  61:Drivers/STM32F1xx_HAL_Driver/Src/stm32f1xx_hal.c **** #define __STM32F1xx_HAL_VERSION_RC     (0x00U) /*!< [7:0]  release candidate */
  62:Drivers/STM32F1xx_HAL_Driver/Src/stm32f1xx_hal.c **** #define __STM32F1xx_HAL_VERSION         ((__STM32F1xx_HAL_VERSION_MAIN << 24)\
  63:Drivers/STM32F1xx_HAL_Driver/Src/stm32f1xx_hal.c ****                                         |(__STM32F1xx_HAL_VERSION_SUB1 << 16)\
  64:Drivers/STM32F1xx_HAL_Driver/Src/stm32f1xx_hal.c ****                                         |(__STM32F1xx_HAL_VERSION_SUB2 << 8 )\
  65:Drivers/STM32F1xx_HAL_Driver/Src/stm32f1xx_hal.c ****                                         |(__STM32F1xx_HAL_VERSION_RC))
  66:Drivers/STM32F1xx_HAL_Driver/Src/stm32f1xx_hal.c **** 
  67:Drivers/STM32F1xx_HAL_Driver/Src/stm32f1xx_hal.c **** #define IDCODE_DEVID_MASK    0x00000FFFU
  68:Drivers/STM32F1xx_HAL_Driver/Src/stm32f1xx_hal.c **** 
  69:Drivers/STM32F1xx_HAL_Driver/Src/stm32f1xx_hal.c **** /**
  70:Drivers/STM32F1xx_HAL_Driver/Src/stm32f1xx_hal.c ****   * @}
  71:Drivers/STM32F1xx_HAL_Driver/Src/stm32f1xx_hal.c ****   */
  72:Drivers/STM32F1xx_HAL_Driver/Src/stm32f1xx_hal.c **** 
  73:Drivers/STM32F1xx_HAL_Driver/Src/stm32f1xx_hal.c **** /* Private macro -------------------------------------------------------------*/
  74:Drivers/STM32F1xx_HAL_Driver/Src/stm32f1xx_hal.c **** /* Private variables ---------------------------------------------------------*/
  75:Drivers/STM32F1xx_HAL_Driver/Src/stm32f1xx_hal.c **** 
  76:Drivers/STM32F1xx_HAL_Driver/Src/stm32f1xx_hal.c **** /** @defgroup HAL_Private_Variables HAL Private Variables
  77:Drivers/STM32F1xx_HAL_Driver/Src/stm32f1xx_hal.c ****   * @{
  78:Drivers/STM32F1xx_HAL_Driver/Src/stm32f1xx_hal.c ****   */
  79:Drivers/STM32F1xx_HAL_Driver/Src/stm32f1xx_hal.c **** __IO uint32_t uwTick;
  80:Drivers/STM32F1xx_HAL_Driver/Src/stm32f1xx_hal.c **** uint32_t uwTickPrio   = (1UL << __NVIC_PRIO_BITS); /* Invalid PRIO */
  81:Drivers/STM32F1xx_HAL_Driver/Src/stm32f1xx_hal.c **** HAL_TickFreqTypeDef uwTickFreq = HAL_TICK_FREQ_DEFAULT;  /* 1KHz */
  82:Drivers/STM32F1xx_HAL_Driver/Src/stm32f1xx_hal.c **** /**
  83:Drivers/STM32F1xx_HAL_Driver/Src/stm32f1xx_hal.c ****   * @}
  84:Drivers/STM32F1xx_HAL_Driver/Src/stm32f1xx_hal.c ****   */
  85:Drivers/STM32F1xx_HAL_Driver/Src/stm32f1xx_hal.c **** /* Private function prototypes -----------------------------------------------*/
  86:Drivers/STM32F1xx_HAL_Driver/Src/stm32f1xx_hal.c **** /* Exported functions ---------------------------------------------------------*/
  87:Drivers/STM32F1xx_HAL_Driver/Src/stm32f1xx_hal.c **** 
  88:Drivers/STM32F1xx_HAL_Driver/Src/stm32f1xx_hal.c **** /** @defgroup HAL_Exported_Functions HAL Exported Functions
  89:Drivers/STM32F1xx_HAL_Driver/Src/stm32f1xx_hal.c ****   * @{
ARM GAS  C:\Users\HARTO_~1\AppData\Local\Temp\ccK5QW7w.s 			page 3


  90:Drivers/STM32F1xx_HAL_Driver/Src/stm32f1xx_hal.c ****   */
  91:Drivers/STM32F1xx_HAL_Driver/Src/stm32f1xx_hal.c **** 
  92:Drivers/STM32F1xx_HAL_Driver/Src/stm32f1xx_hal.c **** /** @defgroup HAL_Exported_Functions_Group1 Initialization and de-initialization Functions
  93:Drivers/STM32F1xx_HAL_Driver/Src/stm32f1xx_hal.c ****  *  @brief    Initialization and de-initialization functions
  94:Drivers/STM32F1xx_HAL_Driver/Src/stm32f1xx_hal.c ****  *
  95:Drivers/STM32F1xx_HAL_Driver/Src/stm32f1xx_hal.c **** @verbatim
  96:Drivers/STM32F1xx_HAL_Driver/Src/stm32f1xx_hal.c ****  ===============================================================================
  97:Drivers/STM32F1xx_HAL_Driver/Src/stm32f1xx_hal.c ****               ##### Initialization and de-initialization functions #####
  98:Drivers/STM32F1xx_HAL_Driver/Src/stm32f1xx_hal.c ****  ===============================================================================
  99:Drivers/STM32F1xx_HAL_Driver/Src/stm32f1xx_hal.c ****    [..]  This section provides functions allowing to:
 100:Drivers/STM32F1xx_HAL_Driver/Src/stm32f1xx_hal.c ****       (+) Initializes the Flash interface, the NVIC allocation and initial clock
 101:Drivers/STM32F1xx_HAL_Driver/Src/stm32f1xx_hal.c ****           configuration. It initializes the systick also when timeout is needed
 102:Drivers/STM32F1xx_HAL_Driver/Src/stm32f1xx_hal.c ****           and the backup domain when enabled.
 103:Drivers/STM32F1xx_HAL_Driver/Src/stm32f1xx_hal.c ****       (+) de-Initializes common part of the HAL.
 104:Drivers/STM32F1xx_HAL_Driver/Src/stm32f1xx_hal.c ****       (+) Configure The time base source to have 1ms time base with a dedicated
 105:Drivers/STM32F1xx_HAL_Driver/Src/stm32f1xx_hal.c ****           Tick interrupt priority.
 106:Drivers/STM32F1xx_HAL_Driver/Src/stm32f1xx_hal.c ****         (++) SysTick timer is used by default as source of time base, but user
 107:Drivers/STM32F1xx_HAL_Driver/Src/stm32f1xx_hal.c ****              can eventually implement his proper time base source (a general purpose
 108:Drivers/STM32F1xx_HAL_Driver/Src/stm32f1xx_hal.c ****              timer for example or other time source), keeping in mind that Time base
 109:Drivers/STM32F1xx_HAL_Driver/Src/stm32f1xx_hal.c ****              duration should be kept 1ms since PPP_TIMEOUT_VALUEs are defined and
 110:Drivers/STM32F1xx_HAL_Driver/Src/stm32f1xx_hal.c ****              handled in milliseconds basis.
 111:Drivers/STM32F1xx_HAL_Driver/Src/stm32f1xx_hal.c ****         (++) Time base configuration function (HAL_InitTick ()) is called automatically
 112:Drivers/STM32F1xx_HAL_Driver/Src/stm32f1xx_hal.c ****              at the beginning of the program after reset by HAL_Init() or at any time
 113:Drivers/STM32F1xx_HAL_Driver/Src/stm32f1xx_hal.c ****              when clock is configured, by HAL_RCC_ClockConfig().
 114:Drivers/STM32F1xx_HAL_Driver/Src/stm32f1xx_hal.c ****         (++) Source of time base is configured  to generate interrupts at regular
 115:Drivers/STM32F1xx_HAL_Driver/Src/stm32f1xx_hal.c ****              time intervals. Care must be taken if HAL_Delay() is called from a
 116:Drivers/STM32F1xx_HAL_Driver/Src/stm32f1xx_hal.c ****              peripheral ISR process, the Tick interrupt line must have higher priority
 117:Drivers/STM32F1xx_HAL_Driver/Src/stm32f1xx_hal.c ****             (numerically lower) than the peripheral interrupt. Otherwise the caller
 118:Drivers/STM32F1xx_HAL_Driver/Src/stm32f1xx_hal.c ****             ISR process will be blocked.
 119:Drivers/STM32F1xx_HAL_Driver/Src/stm32f1xx_hal.c ****        (++) functions affecting time base configurations are declared as __weak
 120:Drivers/STM32F1xx_HAL_Driver/Src/stm32f1xx_hal.c ****              to make  override possible  in case of other  implementations in user file.
 121:Drivers/STM32F1xx_HAL_Driver/Src/stm32f1xx_hal.c **** @endverbatim
 122:Drivers/STM32F1xx_HAL_Driver/Src/stm32f1xx_hal.c ****   * @{
 123:Drivers/STM32F1xx_HAL_Driver/Src/stm32f1xx_hal.c ****   */
 124:Drivers/STM32F1xx_HAL_Driver/Src/stm32f1xx_hal.c **** 
 125:Drivers/STM32F1xx_HAL_Driver/Src/stm32f1xx_hal.c **** /**
 126:Drivers/STM32F1xx_HAL_Driver/Src/stm32f1xx_hal.c ****   * @brief  This function is used to initialize the HAL Library; it must be the first
 127:Drivers/STM32F1xx_HAL_Driver/Src/stm32f1xx_hal.c ****   *         instruction to be executed in the main program (before to call any other
 128:Drivers/STM32F1xx_HAL_Driver/Src/stm32f1xx_hal.c ****   *         HAL function), it performs the following:
 129:Drivers/STM32F1xx_HAL_Driver/Src/stm32f1xx_hal.c ****   *           Configure the Flash prefetch.
 130:Drivers/STM32F1xx_HAL_Driver/Src/stm32f1xx_hal.c ****   *           Configures the SysTick to generate an interrupt each 1 millisecond,
 131:Drivers/STM32F1xx_HAL_Driver/Src/stm32f1xx_hal.c ****   *           which is clocked by the HSI (at this stage, the clock is not yet
 132:Drivers/STM32F1xx_HAL_Driver/Src/stm32f1xx_hal.c ****   *           configured and thus the system is running from the internal HSI at 16 MHz).
 133:Drivers/STM32F1xx_HAL_Driver/Src/stm32f1xx_hal.c ****   *           Set NVIC Group Priority to 4.
 134:Drivers/STM32F1xx_HAL_Driver/Src/stm32f1xx_hal.c ****   *           Calls the HAL_MspInit() callback function defined in user file
 135:Drivers/STM32F1xx_HAL_Driver/Src/stm32f1xx_hal.c ****   *           "stm32f1xx_hal_msp.c" to do the global low level hardware initialization
 136:Drivers/STM32F1xx_HAL_Driver/Src/stm32f1xx_hal.c ****   *
 137:Drivers/STM32F1xx_HAL_Driver/Src/stm32f1xx_hal.c ****   * @note   SysTick is used as time base for the HAL_Delay() function, the application
 138:Drivers/STM32F1xx_HAL_Driver/Src/stm32f1xx_hal.c ****   *         need to ensure that the SysTick time base is always set to 1 millisecond
 139:Drivers/STM32F1xx_HAL_Driver/Src/stm32f1xx_hal.c ****   *         to have correct HAL operation.
 140:Drivers/STM32F1xx_HAL_Driver/Src/stm32f1xx_hal.c ****   * @retval HAL status
 141:Drivers/STM32F1xx_HAL_Driver/Src/stm32f1xx_hal.c ****   */
 142:Drivers/STM32F1xx_HAL_Driver/Src/stm32f1xx_hal.c **** HAL_StatusTypeDef HAL_Init(void)
 143:Drivers/STM32F1xx_HAL_Driver/Src/stm32f1xx_hal.c **** {
 144:Drivers/STM32F1xx_HAL_Driver/Src/stm32f1xx_hal.c ****   /* Configure Flash prefetch */
 145:Drivers/STM32F1xx_HAL_Driver/Src/stm32f1xx_hal.c **** #if (PREFETCH_ENABLE != 0)
 146:Drivers/STM32F1xx_HAL_Driver/Src/stm32f1xx_hal.c **** #if defined(STM32F101x6) || defined(STM32F101xB) || defined(STM32F101xE) || defined(STM32F101xG) ||
ARM GAS  C:\Users\HARTO_~1\AppData\Local\Temp\ccK5QW7w.s 			page 4


 147:Drivers/STM32F1xx_HAL_Driver/Src/stm32f1xx_hal.c ****     defined(STM32F102x6) || defined(STM32F102xB) || \
 148:Drivers/STM32F1xx_HAL_Driver/Src/stm32f1xx_hal.c ****     defined(STM32F103x6) || defined(STM32F103xB) || defined(STM32F103xE) || defined(STM32F103xG) ||
 149:Drivers/STM32F1xx_HAL_Driver/Src/stm32f1xx_hal.c ****     defined(STM32F105xC) || defined(STM32F107xC)
 150:Drivers/STM32F1xx_HAL_Driver/Src/stm32f1xx_hal.c **** 
 151:Drivers/STM32F1xx_HAL_Driver/Src/stm32f1xx_hal.c ****   /* Prefetch buffer is not available on value line devices */
 152:Drivers/STM32F1xx_HAL_Driver/Src/stm32f1xx_hal.c ****   __HAL_FLASH_PREFETCH_BUFFER_ENABLE();
 153:Drivers/STM32F1xx_HAL_Driver/Src/stm32f1xx_hal.c **** #endif
 154:Drivers/STM32F1xx_HAL_Driver/Src/stm32f1xx_hal.c **** #endif /* PREFETCH_ENABLE */
 155:Drivers/STM32F1xx_HAL_Driver/Src/stm32f1xx_hal.c **** 
 156:Drivers/STM32F1xx_HAL_Driver/Src/stm32f1xx_hal.c ****   /* Set Interrupt Group Priority */
 157:Drivers/STM32F1xx_HAL_Driver/Src/stm32f1xx_hal.c ****   HAL_NVIC_SetPriorityGrouping(NVIC_PRIORITYGROUP_4);
 158:Drivers/STM32F1xx_HAL_Driver/Src/stm32f1xx_hal.c **** 
 159:Drivers/STM32F1xx_HAL_Driver/Src/stm32f1xx_hal.c ****   /* Use systick as time base source and configure 1ms tick (default clock after Reset is HSI) */
 160:Drivers/STM32F1xx_HAL_Driver/Src/stm32f1xx_hal.c ****   HAL_InitTick(TICK_INT_PRIORITY);
 161:Drivers/STM32F1xx_HAL_Driver/Src/stm32f1xx_hal.c **** 
 162:Drivers/STM32F1xx_HAL_Driver/Src/stm32f1xx_hal.c ****   /* Init the low level hardware */
 163:Drivers/STM32F1xx_HAL_Driver/Src/stm32f1xx_hal.c ****   HAL_MspInit();
 164:Drivers/STM32F1xx_HAL_Driver/Src/stm32f1xx_hal.c **** 
 165:Drivers/STM32F1xx_HAL_Driver/Src/stm32f1xx_hal.c ****   /* Return function status */
 166:Drivers/STM32F1xx_HAL_Driver/Src/stm32f1xx_hal.c ****   return HAL_OK;
 167:Drivers/STM32F1xx_HAL_Driver/Src/stm32f1xx_hal.c **** }
 168:Drivers/STM32F1xx_HAL_Driver/Src/stm32f1xx_hal.c **** 
 169:Drivers/STM32F1xx_HAL_Driver/Src/stm32f1xx_hal.c **** /**
 170:Drivers/STM32F1xx_HAL_Driver/Src/stm32f1xx_hal.c ****   * @brief This function de-Initializes common part of the HAL and stops the systick.
 171:Drivers/STM32F1xx_HAL_Driver/Src/stm32f1xx_hal.c ****   *        of time base.
 172:Drivers/STM32F1xx_HAL_Driver/Src/stm32f1xx_hal.c ****   * @note This function is optional.
 173:Drivers/STM32F1xx_HAL_Driver/Src/stm32f1xx_hal.c ****   * @retval HAL status
 174:Drivers/STM32F1xx_HAL_Driver/Src/stm32f1xx_hal.c ****   */
 175:Drivers/STM32F1xx_HAL_Driver/Src/stm32f1xx_hal.c **** HAL_StatusTypeDef HAL_DeInit(void)
 176:Drivers/STM32F1xx_HAL_Driver/Src/stm32f1xx_hal.c **** {
 177:Drivers/STM32F1xx_HAL_Driver/Src/stm32f1xx_hal.c ****   /* Reset of all peripherals */
 178:Drivers/STM32F1xx_HAL_Driver/Src/stm32f1xx_hal.c ****   __HAL_RCC_APB1_FORCE_RESET();
 179:Drivers/STM32F1xx_HAL_Driver/Src/stm32f1xx_hal.c ****   __HAL_RCC_APB1_RELEASE_RESET();
 180:Drivers/STM32F1xx_HAL_Driver/Src/stm32f1xx_hal.c **** 
 181:Drivers/STM32F1xx_HAL_Driver/Src/stm32f1xx_hal.c ****   __HAL_RCC_APB2_FORCE_RESET();
 182:Drivers/STM32F1xx_HAL_Driver/Src/stm32f1xx_hal.c ****   __HAL_RCC_APB2_RELEASE_RESET();
 183:Drivers/STM32F1xx_HAL_Driver/Src/stm32f1xx_hal.c **** 
 184:Drivers/STM32F1xx_HAL_Driver/Src/stm32f1xx_hal.c **** #if defined(STM32F105xC) || defined(STM32F107xC)
 185:Drivers/STM32F1xx_HAL_Driver/Src/stm32f1xx_hal.c ****   __HAL_RCC_AHB_FORCE_RESET();
 186:Drivers/STM32F1xx_HAL_Driver/Src/stm32f1xx_hal.c ****   __HAL_RCC_AHB_RELEASE_RESET();
 187:Drivers/STM32F1xx_HAL_Driver/Src/stm32f1xx_hal.c **** #endif
 188:Drivers/STM32F1xx_HAL_Driver/Src/stm32f1xx_hal.c **** 
 189:Drivers/STM32F1xx_HAL_Driver/Src/stm32f1xx_hal.c ****   /* De-Init the low level hardware */
 190:Drivers/STM32F1xx_HAL_Driver/Src/stm32f1xx_hal.c ****   HAL_MspDeInit();
 191:Drivers/STM32F1xx_HAL_Driver/Src/stm32f1xx_hal.c **** 
 192:Drivers/STM32F1xx_HAL_Driver/Src/stm32f1xx_hal.c ****   /* Return function status */
 193:Drivers/STM32F1xx_HAL_Driver/Src/stm32f1xx_hal.c ****   return HAL_OK;
 194:Drivers/STM32F1xx_HAL_Driver/Src/stm32f1xx_hal.c **** }
 195:Drivers/STM32F1xx_HAL_Driver/Src/stm32f1xx_hal.c **** 
 196:Drivers/STM32F1xx_HAL_Driver/Src/stm32f1xx_hal.c **** /**
 197:Drivers/STM32F1xx_HAL_Driver/Src/stm32f1xx_hal.c ****   * @brief  Initialize the MSP.
 198:Drivers/STM32F1xx_HAL_Driver/Src/stm32f1xx_hal.c ****   * @retval None
 199:Drivers/STM32F1xx_HAL_Driver/Src/stm32f1xx_hal.c ****   */
 200:Drivers/STM32F1xx_HAL_Driver/Src/stm32f1xx_hal.c **** __weak void HAL_MspInit(void)
 201:Drivers/STM32F1xx_HAL_Driver/Src/stm32f1xx_hal.c **** {
  27              		.loc 1 201 1 view -0
  28              		.cfi_startproc
ARM GAS  C:\Users\HARTO_~1\AppData\Local\Temp\ccK5QW7w.s 			page 5


  29              		@ args = 0, pretend = 0, frame = 0
  30              		@ frame_needed = 0, uses_anonymous_args = 0
  31              		@ link register save eliminated.
 202:Drivers/STM32F1xx_HAL_Driver/Src/stm32f1xx_hal.c ****   /* NOTE : This function should not be modified, when the callback is needed,
 203:Drivers/STM32F1xx_HAL_Driver/Src/stm32f1xx_hal.c ****             the HAL_MspInit could be implemented in the user file
 204:Drivers/STM32F1xx_HAL_Driver/Src/stm32f1xx_hal.c ****    */
 205:Drivers/STM32F1xx_HAL_Driver/Src/stm32f1xx_hal.c **** }
  32              		.loc 1 205 1 view .LVU1
  33 0000 7047     		bx	lr
  34              		.cfi_endproc
  35              	.LFE67:
  37              		.section	.text.HAL_MspDeInit,"ax",%progbits
  38              		.align	1
  39              		.weak	HAL_MspDeInit
  40              		.syntax unified
  41              		.thumb
  42              		.thumb_func
  43              		.fpu softvfp
  45              	HAL_MspDeInit:
  46              	.LFB68:
 206:Drivers/STM32F1xx_HAL_Driver/Src/stm32f1xx_hal.c **** 
 207:Drivers/STM32F1xx_HAL_Driver/Src/stm32f1xx_hal.c **** /**
 208:Drivers/STM32F1xx_HAL_Driver/Src/stm32f1xx_hal.c ****   * @brief  DeInitializes the MSP.
 209:Drivers/STM32F1xx_HAL_Driver/Src/stm32f1xx_hal.c ****   * @retval None
 210:Drivers/STM32F1xx_HAL_Driver/Src/stm32f1xx_hal.c ****   */
 211:Drivers/STM32F1xx_HAL_Driver/Src/stm32f1xx_hal.c **** __weak void HAL_MspDeInit(void)
 212:Drivers/STM32F1xx_HAL_Driver/Src/stm32f1xx_hal.c **** {
  47              		.loc 1 212 1 view -0
  48              		.cfi_startproc
  49              		@ args = 0, pretend = 0, frame = 0
  50              		@ frame_needed = 0, uses_anonymous_args = 0
  51              		@ link register save eliminated.
 213:Drivers/STM32F1xx_HAL_Driver/Src/stm32f1xx_hal.c ****   /* NOTE : This function should not be modified, when the callback is needed,
 214:Drivers/STM32F1xx_HAL_Driver/Src/stm32f1xx_hal.c ****             the HAL_MspDeInit could be implemented in the user file
 215:Drivers/STM32F1xx_HAL_Driver/Src/stm32f1xx_hal.c ****    */
 216:Drivers/STM32F1xx_HAL_Driver/Src/stm32f1xx_hal.c **** }
  52              		.loc 1 216 1 view .LVU3
  53 0000 7047     		bx	lr
  54              		.cfi_endproc
  55              	.LFE68:
  57              		.section	.text.HAL_DeInit,"ax",%progbits
  58              		.align	1
  59              		.global	HAL_DeInit
  60              		.syntax unified
  61              		.thumb
  62              		.thumb_func
  63              		.fpu softvfp
  65              	HAL_DeInit:
  66              	.LFB66:
 176:Drivers/STM32F1xx_HAL_Driver/Src/stm32f1xx_hal.c ****   /* Reset of all peripherals */
  67              		.loc 1 176 1 view -0
  68              		.cfi_startproc
  69              		@ args = 0, pretend = 0, frame = 0
  70              		@ frame_needed = 0, uses_anonymous_args = 0
  71 0000 10B5     		push	{r4, lr}
  72              	.LCFI0:
  73              		.cfi_def_cfa_offset 8
ARM GAS  C:\Users\HARTO_~1\AppData\Local\Temp\ccK5QW7w.s 			page 6


  74              		.cfi_offset 4, -8
  75              		.cfi_offset 14, -4
 178:Drivers/STM32F1xx_HAL_Driver/Src/stm32f1xx_hal.c ****   __HAL_RCC_APB1_RELEASE_RESET();
  76              		.loc 1 178 3 view .LVU5
  77 0002 074B     		ldr	r3, .L5
  78 0004 4FF0FF32 		mov	r2, #-1
  79 0008 DA60     		str	r2, [r3, #12]
 179:Drivers/STM32F1xx_HAL_Driver/Src/stm32f1xx_hal.c **** 
  80              		.loc 1 179 3 view .LVU6
  81 000a 0024     		movs	r4, #0
  82 000c 1C61     		str	r4, [r3, #16]
 181:Drivers/STM32F1xx_HAL_Driver/Src/stm32f1xx_hal.c ****   __HAL_RCC_APB2_RELEASE_RESET();
  83              		.loc 1 181 3 view .LVU7
  84 000e DA60     		str	r2, [r3, #12]
 182:Drivers/STM32F1xx_HAL_Driver/Src/stm32f1xx_hal.c **** 
  85              		.loc 1 182 3 view .LVU8
  86 0010 DC60     		str	r4, [r3, #12]
 185:Drivers/STM32F1xx_HAL_Driver/Src/stm32f1xx_hal.c ****   __HAL_RCC_AHB_RELEASE_RESET();
  87              		.loc 1 185 3 view .LVU9
  88 0012 9A62     		str	r2, [r3, #40]
 186:Drivers/STM32F1xx_HAL_Driver/Src/stm32f1xx_hal.c **** #endif
  89              		.loc 1 186 3 view .LVU10
  90 0014 9C62     		str	r4, [r3, #40]
 190:Drivers/STM32F1xx_HAL_Driver/Src/stm32f1xx_hal.c **** 
  91              		.loc 1 190 3 view .LVU11
  92 0016 FFF7FEFF 		bl	HAL_MspDeInit
  93              	.LVL0:
 193:Drivers/STM32F1xx_HAL_Driver/Src/stm32f1xx_hal.c **** }
  94              		.loc 1 193 3 view .LVU12
 194:Drivers/STM32F1xx_HAL_Driver/Src/stm32f1xx_hal.c **** 
  95              		.loc 1 194 1 is_stmt 0 view .LVU13
  96 001a 2046     		mov	r0, r4
  97 001c 10BD     		pop	{r4, pc}
  98              	.L6:
  99 001e 00BF     		.align	2
 100              	.L5:
 101 0020 00100240 		.word	1073876992
 102              		.cfi_endproc
 103              	.LFE66:
 105              		.section	.text.HAL_InitTick,"ax",%progbits
 106              		.align	1
 107              		.weak	HAL_InitTick
 108              		.syntax unified
 109              		.thumb
 110              		.thumb_func
 111              		.fpu softvfp
 113              	HAL_InitTick:
 114              	.LVL1:
 115              	.LFB69:
 217:Drivers/STM32F1xx_HAL_Driver/Src/stm32f1xx_hal.c **** 
 218:Drivers/STM32F1xx_HAL_Driver/Src/stm32f1xx_hal.c **** /**
 219:Drivers/STM32F1xx_HAL_Driver/Src/stm32f1xx_hal.c ****   * @brief This function configures the source of the time base.
 220:Drivers/STM32F1xx_HAL_Driver/Src/stm32f1xx_hal.c ****   *        The time source is configured  to have 1ms time base with a dedicated
 221:Drivers/STM32F1xx_HAL_Driver/Src/stm32f1xx_hal.c ****   *        Tick interrupt priority.
 222:Drivers/STM32F1xx_HAL_Driver/Src/stm32f1xx_hal.c ****   * @note This function is called  automatically at the beginning of program after
 223:Drivers/STM32F1xx_HAL_Driver/Src/stm32f1xx_hal.c ****   *       reset by HAL_Init() or at any time when clock is reconfigured  by HAL_RCC_ClockConfig().
 224:Drivers/STM32F1xx_HAL_Driver/Src/stm32f1xx_hal.c ****   * @note In the default implementation, SysTick timer is the source of time base.
ARM GAS  C:\Users\HARTO_~1\AppData\Local\Temp\ccK5QW7w.s 			page 7


 225:Drivers/STM32F1xx_HAL_Driver/Src/stm32f1xx_hal.c ****   *       It is used to generate interrupts at regular time intervals.
 226:Drivers/STM32F1xx_HAL_Driver/Src/stm32f1xx_hal.c ****   *       Care must be taken if HAL_Delay() is called from a peripheral ISR process,
 227:Drivers/STM32F1xx_HAL_Driver/Src/stm32f1xx_hal.c ****   *       The SysTick interrupt must have higher priority (numerically lower)
 228:Drivers/STM32F1xx_HAL_Driver/Src/stm32f1xx_hal.c ****   *       than the peripheral interrupt. Otherwise the caller ISR process will be blocked.
 229:Drivers/STM32F1xx_HAL_Driver/Src/stm32f1xx_hal.c ****   *       The function is declared as __weak  to be overwritten  in case of other
 230:Drivers/STM32F1xx_HAL_Driver/Src/stm32f1xx_hal.c ****   *       implementation  in user file.
 231:Drivers/STM32F1xx_HAL_Driver/Src/stm32f1xx_hal.c ****   * @param TickPriority Tick interrupt priority.
 232:Drivers/STM32F1xx_HAL_Driver/Src/stm32f1xx_hal.c ****   * @retval HAL status
 233:Drivers/STM32F1xx_HAL_Driver/Src/stm32f1xx_hal.c ****   */
 234:Drivers/STM32F1xx_HAL_Driver/Src/stm32f1xx_hal.c **** __weak HAL_StatusTypeDef HAL_InitTick(uint32_t TickPriority)
 235:Drivers/STM32F1xx_HAL_Driver/Src/stm32f1xx_hal.c **** {
 116              		.loc 1 235 1 is_stmt 1 view -0
 117              		.cfi_startproc
 118              		@ args = 0, pretend = 0, frame = 0
 119              		@ frame_needed = 0, uses_anonymous_args = 0
 120              		.loc 1 235 1 is_stmt 0 view .LVU15
 121 0000 10B5     		push	{r4, lr}
 122              	.LCFI1:
 123              		.cfi_def_cfa_offset 8
 124              		.cfi_offset 4, -8
 125              		.cfi_offset 14, -4
 126 0002 0446     		mov	r4, r0
 236:Drivers/STM32F1xx_HAL_Driver/Src/stm32f1xx_hal.c ****   /* Configure the SysTick to have interrupt in 1ms time basis*/
 237:Drivers/STM32F1xx_HAL_Driver/Src/stm32f1xx_hal.c ****   if (HAL_SYSTICK_Config(SystemCoreClock / (1000U / uwTickFreq)) > 0U)
 127              		.loc 1 237 3 is_stmt 1 view .LVU16
 128              		.loc 1 237 51 is_stmt 0 view .LVU17
 129 0004 0E4B     		ldr	r3, .L13
 130 0006 1878     		ldrb	r0, [r3]	@ zero_extendqisi2
 131              	.LVL2:
 132              		.loc 1 237 51 view .LVU18
 133 0008 4FF47A73 		mov	r3, #1000
 134 000c B3FBF0F3 		udiv	r3, r3, r0
 135              		.loc 1 237 7 view .LVU19
 136 0010 0C4A     		ldr	r2, .L13+4
 137 0012 1068     		ldr	r0, [r2]
 138 0014 B0FBF3F0 		udiv	r0, r0, r3
 139 0018 FFF7FEFF 		bl	HAL_SYSTICK_Config
 140              	.LVL3:
 141              		.loc 1 237 6 view .LVU20
 142 001c 68B9     		cbnz	r0, .L9
 238:Drivers/STM32F1xx_HAL_Driver/Src/stm32f1xx_hal.c ****   {
 239:Drivers/STM32F1xx_HAL_Driver/Src/stm32f1xx_hal.c ****     return HAL_ERROR;
 240:Drivers/STM32F1xx_HAL_Driver/Src/stm32f1xx_hal.c ****   }
 241:Drivers/STM32F1xx_HAL_Driver/Src/stm32f1xx_hal.c **** 
 242:Drivers/STM32F1xx_HAL_Driver/Src/stm32f1xx_hal.c ****   /* Configure the SysTick IRQ priority */
 243:Drivers/STM32F1xx_HAL_Driver/Src/stm32f1xx_hal.c ****   if (TickPriority < (1UL << __NVIC_PRIO_BITS))
 143              		.loc 1 243 3 is_stmt 1 view .LVU21
 144              		.loc 1 243 6 is_stmt 0 view .LVU22
 145 001e 0F2C     		cmp	r4, #15
 146 0020 01D9     		bls	.L12
 244:Drivers/STM32F1xx_HAL_Driver/Src/stm32f1xx_hal.c ****   {
 245:Drivers/STM32F1xx_HAL_Driver/Src/stm32f1xx_hal.c ****     HAL_NVIC_SetPriority(SysTick_IRQn, TickPriority, 0U);
 246:Drivers/STM32F1xx_HAL_Driver/Src/stm32f1xx_hal.c ****     uwTickPrio = TickPriority;
 247:Drivers/STM32F1xx_HAL_Driver/Src/stm32f1xx_hal.c ****   }
 248:Drivers/STM32F1xx_HAL_Driver/Src/stm32f1xx_hal.c ****   else
 249:Drivers/STM32F1xx_HAL_Driver/Src/stm32f1xx_hal.c ****   {
 250:Drivers/STM32F1xx_HAL_Driver/Src/stm32f1xx_hal.c ****     return HAL_ERROR;
ARM GAS  C:\Users\HARTO_~1\AppData\Local\Temp\ccK5QW7w.s 			page 8


 147              		.loc 1 250 12 view .LVU23
 148 0022 0120     		movs	r0, #1
 149 0024 0AE0     		b	.L8
 150              	.L12:
 245:Drivers/STM32F1xx_HAL_Driver/Src/stm32f1xx_hal.c ****     uwTickPrio = TickPriority;
 151              		.loc 1 245 5 is_stmt 1 view .LVU24
 152 0026 0022     		movs	r2, #0
 153 0028 2146     		mov	r1, r4
 154 002a 4FF0FF30 		mov	r0, #-1
 155 002e FFF7FEFF 		bl	HAL_NVIC_SetPriority
 156              	.LVL4:
 246:Drivers/STM32F1xx_HAL_Driver/Src/stm32f1xx_hal.c ****   }
 157              		.loc 1 246 5 view .LVU25
 246:Drivers/STM32F1xx_HAL_Driver/Src/stm32f1xx_hal.c ****   }
 158              		.loc 1 246 16 is_stmt 0 view .LVU26
 159 0032 054B     		ldr	r3, .L13+8
 160 0034 1C60     		str	r4, [r3]
 251:Drivers/STM32F1xx_HAL_Driver/Src/stm32f1xx_hal.c ****   }
 252:Drivers/STM32F1xx_HAL_Driver/Src/stm32f1xx_hal.c **** 
 253:Drivers/STM32F1xx_HAL_Driver/Src/stm32f1xx_hal.c ****   /* Return function status */
 254:Drivers/STM32F1xx_HAL_Driver/Src/stm32f1xx_hal.c ****   return HAL_OK;
 161              		.loc 1 254 3 is_stmt 1 view .LVU27
 162              		.loc 1 254 10 is_stmt 0 view .LVU28
 163 0036 0020     		movs	r0, #0
 164 0038 00E0     		b	.L8
 165              	.L9:
 239:Drivers/STM32F1xx_HAL_Driver/Src/stm32f1xx_hal.c ****   }
 166              		.loc 1 239 12 view .LVU29
 167 003a 0120     		movs	r0, #1
 168              	.L8:
 255:Drivers/STM32F1xx_HAL_Driver/Src/stm32f1xx_hal.c **** }
 169              		.loc 1 255 1 view .LVU30
 170 003c 10BD     		pop	{r4, pc}
 171              	.LVL5:
 172              	.L14:
 173              		.loc 1 255 1 view .LVU31
 174 003e 00BF     		.align	2
 175              	.L13:
 176 0040 00000000 		.word	.LANCHOR0
 177 0044 00000000 		.word	SystemCoreClock
 178 0048 00000000 		.word	.LANCHOR1
 179              		.cfi_endproc
 180              	.LFE69:
 182              		.section	.text.HAL_Init,"ax",%progbits
 183              		.align	1
 184              		.global	HAL_Init
 185              		.syntax unified
 186              		.thumb
 187              		.thumb_func
 188              		.fpu softvfp
 190              	HAL_Init:
 191              	.LFB65:
 143:Drivers/STM32F1xx_HAL_Driver/Src/stm32f1xx_hal.c ****   /* Configure Flash prefetch */
 192              		.loc 1 143 1 is_stmt 1 view -0
 193              		.cfi_startproc
 194              		@ args = 0, pretend = 0, frame = 0
 195              		@ frame_needed = 0, uses_anonymous_args = 0
ARM GAS  C:\Users\HARTO_~1\AppData\Local\Temp\ccK5QW7w.s 			page 9


 196 0000 08B5     		push	{r3, lr}
 197              	.LCFI2:
 198              		.cfi_def_cfa_offset 8
 199              		.cfi_offset 3, -8
 200              		.cfi_offset 14, -4
 152:Drivers/STM32F1xx_HAL_Driver/Src/stm32f1xx_hal.c **** #endif
 201              		.loc 1 152 3 view .LVU33
 202 0002 074A     		ldr	r2, .L17
 203 0004 1368     		ldr	r3, [r2]
 204 0006 43F01003 		orr	r3, r3, #16
 205 000a 1360     		str	r3, [r2]
 157:Drivers/STM32F1xx_HAL_Driver/Src/stm32f1xx_hal.c **** 
 206              		.loc 1 157 3 view .LVU34
 207 000c 0320     		movs	r0, #3
 208 000e FFF7FEFF 		bl	HAL_NVIC_SetPriorityGrouping
 209              	.LVL6:
 160:Drivers/STM32F1xx_HAL_Driver/Src/stm32f1xx_hal.c **** 
 210              		.loc 1 160 3 view .LVU35
 211 0012 0020     		movs	r0, #0
 212 0014 FFF7FEFF 		bl	HAL_InitTick
 213              	.LVL7:
 163:Drivers/STM32F1xx_HAL_Driver/Src/stm32f1xx_hal.c **** 
 214              		.loc 1 163 3 view .LVU36
 215 0018 FFF7FEFF 		bl	HAL_MspInit
 216              	.LVL8:
 166:Drivers/STM32F1xx_HAL_Driver/Src/stm32f1xx_hal.c **** }
 217              		.loc 1 166 3 view .LVU37
 167:Drivers/STM32F1xx_HAL_Driver/Src/stm32f1xx_hal.c **** 
 218              		.loc 1 167 1 is_stmt 0 view .LVU38
 219 001c 0020     		movs	r0, #0
 220 001e 08BD     		pop	{r3, pc}
 221              	.L18:
 222              		.align	2
 223              	.L17:
 224 0020 00200240 		.word	1073881088
 225              		.cfi_endproc
 226              	.LFE65:
 228              		.section	.text.HAL_IncTick,"ax",%progbits
 229              		.align	1
 230              		.weak	HAL_IncTick
 231              		.syntax unified
 232              		.thumb
 233              		.thumb_func
 234              		.fpu softvfp
 236              	HAL_IncTick:
 237              	.LFB70:
 256:Drivers/STM32F1xx_HAL_Driver/Src/stm32f1xx_hal.c **** 
 257:Drivers/STM32F1xx_HAL_Driver/Src/stm32f1xx_hal.c **** /**
 258:Drivers/STM32F1xx_HAL_Driver/Src/stm32f1xx_hal.c ****   * @}
 259:Drivers/STM32F1xx_HAL_Driver/Src/stm32f1xx_hal.c ****   */
 260:Drivers/STM32F1xx_HAL_Driver/Src/stm32f1xx_hal.c **** 
 261:Drivers/STM32F1xx_HAL_Driver/Src/stm32f1xx_hal.c **** /** @defgroup HAL_Exported_Functions_Group2 HAL Control functions
 262:Drivers/STM32F1xx_HAL_Driver/Src/stm32f1xx_hal.c ****   *  @brief    HAL Control functions
 263:Drivers/STM32F1xx_HAL_Driver/Src/stm32f1xx_hal.c ****   *
 264:Drivers/STM32F1xx_HAL_Driver/Src/stm32f1xx_hal.c **** @verbatim
 265:Drivers/STM32F1xx_HAL_Driver/Src/stm32f1xx_hal.c ****  ===============================================================================
 266:Drivers/STM32F1xx_HAL_Driver/Src/stm32f1xx_hal.c ****                       ##### HAL Control functions #####
ARM GAS  C:\Users\HARTO_~1\AppData\Local\Temp\ccK5QW7w.s 			page 10


 267:Drivers/STM32F1xx_HAL_Driver/Src/stm32f1xx_hal.c ****  ===============================================================================
 268:Drivers/STM32F1xx_HAL_Driver/Src/stm32f1xx_hal.c ****     [..]  This section provides functions allowing to:
 269:Drivers/STM32F1xx_HAL_Driver/Src/stm32f1xx_hal.c ****       (+) Provide a tick value in millisecond
 270:Drivers/STM32F1xx_HAL_Driver/Src/stm32f1xx_hal.c ****       (+) Provide a blocking delay in millisecond
 271:Drivers/STM32F1xx_HAL_Driver/Src/stm32f1xx_hal.c ****       (+) Suspend the time base source interrupt
 272:Drivers/STM32F1xx_HAL_Driver/Src/stm32f1xx_hal.c ****       (+) Resume the time base source interrupt
 273:Drivers/STM32F1xx_HAL_Driver/Src/stm32f1xx_hal.c ****       (+) Get the HAL API driver version
 274:Drivers/STM32F1xx_HAL_Driver/Src/stm32f1xx_hal.c ****       (+) Get the device identifier
 275:Drivers/STM32F1xx_HAL_Driver/Src/stm32f1xx_hal.c ****       (+) Get the device revision identifier
 276:Drivers/STM32F1xx_HAL_Driver/Src/stm32f1xx_hal.c ****       (+) Enable/Disable Debug module during SLEEP mode
 277:Drivers/STM32F1xx_HAL_Driver/Src/stm32f1xx_hal.c ****       (+) Enable/Disable Debug module during STOP mode
 278:Drivers/STM32F1xx_HAL_Driver/Src/stm32f1xx_hal.c ****       (+) Enable/Disable Debug module during STANDBY mode
 279:Drivers/STM32F1xx_HAL_Driver/Src/stm32f1xx_hal.c **** 
 280:Drivers/STM32F1xx_HAL_Driver/Src/stm32f1xx_hal.c **** @endverbatim
 281:Drivers/STM32F1xx_HAL_Driver/Src/stm32f1xx_hal.c ****   * @{
 282:Drivers/STM32F1xx_HAL_Driver/Src/stm32f1xx_hal.c ****   */
 283:Drivers/STM32F1xx_HAL_Driver/Src/stm32f1xx_hal.c **** 
 284:Drivers/STM32F1xx_HAL_Driver/Src/stm32f1xx_hal.c **** /**
 285:Drivers/STM32F1xx_HAL_Driver/Src/stm32f1xx_hal.c ****   * @brief This function is called to increment  a global variable "uwTick"
 286:Drivers/STM32F1xx_HAL_Driver/Src/stm32f1xx_hal.c ****   *        used as application time base.
 287:Drivers/STM32F1xx_HAL_Driver/Src/stm32f1xx_hal.c ****   * @note In the default implementation, this variable is incremented each 1ms
 288:Drivers/STM32F1xx_HAL_Driver/Src/stm32f1xx_hal.c ****   *       in SysTick ISR.
 289:Drivers/STM32F1xx_HAL_Driver/Src/stm32f1xx_hal.c ****   * @note This function is declared as __weak to be overwritten in case of other
 290:Drivers/STM32F1xx_HAL_Driver/Src/stm32f1xx_hal.c ****   *      implementations in user file.
 291:Drivers/STM32F1xx_HAL_Driver/Src/stm32f1xx_hal.c ****   * @retval None
 292:Drivers/STM32F1xx_HAL_Driver/Src/stm32f1xx_hal.c ****   */
 293:Drivers/STM32F1xx_HAL_Driver/Src/stm32f1xx_hal.c **** __weak void HAL_IncTick(void)
 294:Drivers/STM32F1xx_HAL_Driver/Src/stm32f1xx_hal.c **** {
 238              		.loc 1 294 1 is_stmt 1 view -0
 239              		.cfi_startproc
 240              		@ args = 0, pretend = 0, frame = 0
 241              		@ frame_needed = 0, uses_anonymous_args = 0
 242              		@ link register save eliminated.
 295:Drivers/STM32F1xx_HAL_Driver/Src/stm32f1xx_hal.c ****   uwTick += uwTickFreq;
 243              		.loc 1 295 3 view .LVU40
 244              		.loc 1 295 10 is_stmt 0 view .LVU41
 245 0000 034A     		ldr	r2, .L20
 246 0002 1168     		ldr	r1, [r2]
 247 0004 034B     		ldr	r3, .L20+4
 248 0006 1B78     		ldrb	r3, [r3]	@ zero_extendqisi2
 249 0008 0B44     		add	r3, r3, r1
 250 000a 1360     		str	r3, [r2]
 296:Drivers/STM32F1xx_HAL_Driver/Src/stm32f1xx_hal.c **** }
 251              		.loc 1 296 1 view .LVU42
 252 000c 7047     		bx	lr
 253              	.L21:
 254 000e 00BF     		.align	2
 255              	.L20:
 256 0010 00000000 		.word	uwTick
 257 0014 00000000 		.word	.LANCHOR0
 258              		.cfi_endproc
 259              	.LFE70:
 261              		.section	.text.HAL_GetTick,"ax",%progbits
 262              		.align	1
 263              		.weak	HAL_GetTick
 264              		.syntax unified
 265              		.thumb
ARM GAS  C:\Users\HARTO_~1\AppData\Local\Temp\ccK5QW7w.s 			page 11


 266              		.thumb_func
 267              		.fpu softvfp
 269              	HAL_GetTick:
 270              	.LFB71:
 297:Drivers/STM32F1xx_HAL_Driver/Src/stm32f1xx_hal.c **** 
 298:Drivers/STM32F1xx_HAL_Driver/Src/stm32f1xx_hal.c **** /**
 299:Drivers/STM32F1xx_HAL_Driver/Src/stm32f1xx_hal.c ****   * @brief Provides a tick value in millisecond.
 300:Drivers/STM32F1xx_HAL_Driver/Src/stm32f1xx_hal.c ****   * @note  This function is declared as __weak to be overwritten in case of other
 301:Drivers/STM32F1xx_HAL_Driver/Src/stm32f1xx_hal.c ****   *       implementations in user file.
 302:Drivers/STM32F1xx_HAL_Driver/Src/stm32f1xx_hal.c ****   * @retval tick value
 303:Drivers/STM32F1xx_HAL_Driver/Src/stm32f1xx_hal.c ****   */
 304:Drivers/STM32F1xx_HAL_Driver/Src/stm32f1xx_hal.c **** __weak uint32_t HAL_GetTick(void)
 305:Drivers/STM32F1xx_HAL_Driver/Src/stm32f1xx_hal.c **** {
 271              		.loc 1 305 1 is_stmt 1 view -0
 272              		.cfi_startproc
 273              		@ args = 0, pretend = 0, frame = 0
 274              		@ frame_needed = 0, uses_anonymous_args = 0
 275              		@ link register save eliminated.
 306:Drivers/STM32F1xx_HAL_Driver/Src/stm32f1xx_hal.c ****   return uwTick;
 276              		.loc 1 306 3 view .LVU44
 277              		.loc 1 306 10 is_stmt 0 view .LVU45
 278 0000 014B     		ldr	r3, .L23
 279 0002 1868     		ldr	r0, [r3]
 307:Drivers/STM32F1xx_HAL_Driver/Src/stm32f1xx_hal.c **** }
 280              		.loc 1 307 1 view .LVU46
 281 0004 7047     		bx	lr
 282              	.L24:
 283 0006 00BF     		.align	2
 284              	.L23:
 285 0008 00000000 		.word	uwTick
 286              		.cfi_endproc
 287              	.LFE71:
 289              		.section	.text.HAL_GetTickPrio,"ax",%progbits
 290              		.align	1
 291              		.global	HAL_GetTickPrio
 292              		.syntax unified
 293              		.thumb
 294              		.thumb_func
 295              		.fpu softvfp
 297              	HAL_GetTickPrio:
 298              	.LFB72:
 308:Drivers/STM32F1xx_HAL_Driver/Src/stm32f1xx_hal.c **** 
 309:Drivers/STM32F1xx_HAL_Driver/Src/stm32f1xx_hal.c **** /**
 310:Drivers/STM32F1xx_HAL_Driver/Src/stm32f1xx_hal.c ****   * @brief This function returns a tick priority.
 311:Drivers/STM32F1xx_HAL_Driver/Src/stm32f1xx_hal.c ****   * @retval tick priority
 312:Drivers/STM32F1xx_HAL_Driver/Src/stm32f1xx_hal.c ****   */
 313:Drivers/STM32F1xx_HAL_Driver/Src/stm32f1xx_hal.c **** uint32_t HAL_GetTickPrio(void)
 314:Drivers/STM32F1xx_HAL_Driver/Src/stm32f1xx_hal.c **** {
 299              		.loc 1 314 1 is_stmt 1 view -0
 300              		.cfi_startproc
 301              		@ args = 0, pretend = 0, frame = 0
 302              		@ frame_needed = 0, uses_anonymous_args = 0
 303              		@ link register save eliminated.
 315:Drivers/STM32F1xx_HAL_Driver/Src/stm32f1xx_hal.c ****   return uwTickPrio;
 304              		.loc 1 315 3 view .LVU48
 316:Drivers/STM32F1xx_HAL_Driver/Src/stm32f1xx_hal.c **** }
 305              		.loc 1 316 1 is_stmt 0 view .LVU49
ARM GAS  C:\Users\HARTO_~1\AppData\Local\Temp\ccK5QW7w.s 			page 12


 306 0000 014B     		ldr	r3, .L26
 307 0002 1868     		ldr	r0, [r3]
 308 0004 7047     		bx	lr
 309              	.L27:
 310 0006 00BF     		.align	2
 311              	.L26:
 312 0008 00000000 		.word	.LANCHOR1
 313              		.cfi_endproc
 314              	.LFE72:
 316              		.section	.text.HAL_SetTickFreq,"ax",%progbits
 317              		.align	1
 318              		.global	HAL_SetTickFreq
 319              		.syntax unified
 320              		.thumb
 321              		.thumb_func
 322              		.fpu softvfp
 324              	HAL_SetTickFreq:
 325              	.LVL9:
 326              	.LFB73:
 317:Drivers/STM32F1xx_HAL_Driver/Src/stm32f1xx_hal.c **** 
 318:Drivers/STM32F1xx_HAL_Driver/Src/stm32f1xx_hal.c **** /**
 319:Drivers/STM32F1xx_HAL_Driver/Src/stm32f1xx_hal.c ****   * @brief Set new tick Freq.
 320:Drivers/STM32F1xx_HAL_Driver/Src/stm32f1xx_hal.c ****   * @retval status
 321:Drivers/STM32F1xx_HAL_Driver/Src/stm32f1xx_hal.c ****   */
 322:Drivers/STM32F1xx_HAL_Driver/Src/stm32f1xx_hal.c **** HAL_StatusTypeDef HAL_SetTickFreq(HAL_TickFreqTypeDef Freq)
 323:Drivers/STM32F1xx_HAL_Driver/Src/stm32f1xx_hal.c **** {
 327              		.loc 1 323 1 is_stmt 1 view -0
 328              		.cfi_startproc
 329              		@ args = 0, pretend = 0, frame = 0
 330              		@ frame_needed = 0, uses_anonymous_args = 0
 324:Drivers/STM32F1xx_HAL_Driver/Src/stm32f1xx_hal.c ****   HAL_StatusTypeDef status  = HAL_OK;
 331              		.loc 1 324 3 view .LVU51
 325:Drivers/STM32F1xx_HAL_Driver/Src/stm32f1xx_hal.c ****   assert_param(IS_TICKFREQ(Freq));
 332              		.loc 1 325 3 view .LVU52
 326:Drivers/STM32F1xx_HAL_Driver/Src/stm32f1xx_hal.c **** 
 327:Drivers/STM32F1xx_HAL_Driver/Src/stm32f1xx_hal.c ****   if (uwTickFreq != Freq)
 333              		.loc 1 327 3 view .LVU53
 334              		.loc 1 327 18 is_stmt 0 view .LVU54
 335 0000 094B     		ldr	r3, .L36
 336 0002 1B78     		ldrb	r3, [r3]	@ zero_extendqisi2
 337              		.loc 1 327 6 view .LVU55
 338 0004 8342     		cmp	r3, r0
 339 0006 02D1     		bne	.L35
 324:Drivers/STM32F1xx_HAL_Driver/Src/stm32f1xx_hal.c ****   assert_param(IS_TICKFREQ(Freq));
 340              		.loc 1 324 21 view .LVU56
 341 0008 0023     		movs	r3, #0
 342              	.LVL10:
 328:Drivers/STM32F1xx_HAL_Driver/Src/stm32f1xx_hal.c ****   {
 329:Drivers/STM32F1xx_HAL_Driver/Src/stm32f1xx_hal.c ****     /* Apply the new tick Freq  */
 330:Drivers/STM32F1xx_HAL_Driver/Src/stm32f1xx_hal.c ****     status = HAL_InitTick(uwTickPrio);
 331:Drivers/STM32F1xx_HAL_Driver/Src/stm32f1xx_hal.c ****     if (status == HAL_OK)
 332:Drivers/STM32F1xx_HAL_Driver/Src/stm32f1xx_hal.c ****     {
 333:Drivers/STM32F1xx_HAL_Driver/Src/stm32f1xx_hal.c ****       uwTickFreq = Freq;
 334:Drivers/STM32F1xx_HAL_Driver/Src/stm32f1xx_hal.c ****     }
 335:Drivers/STM32F1xx_HAL_Driver/Src/stm32f1xx_hal.c ****   }
 336:Drivers/STM32F1xx_HAL_Driver/Src/stm32f1xx_hal.c **** 
 337:Drivers/STM32F1xx_HAL_Driver/Src/stm32f1xx_hal.c ****   return status;
ARM GAS  C:\Users\HARTO_~1\AppData\Local\Temp\ccK5QW7w.s 			page 13


 343              		.loc 1 337 3 is_stmt 1 view .LVU57
 338:Drivers/STM32F1xx_HAL_Driver/Src/stm32f1xx_hal.c **** }
 344              		.loc 1 338 1 is_stmt 0 view .LVU58
 345 000a 1846     		mov	r0, r3
 346              	.LVL11:
 347              		.loc 1 338 1 view .LVU59
 348 000c 7047     		bx	lr
 349              	.LVL12:
 350              	.L35:
 323:Drivers/STM32F1xx_HAL_Driver/Src/stm32f1xx_hal.c ****   HAL_StatusTypeDef status  = HAL_OK;
 351              		.loc 1 323 1 view .LVU60
 352 000e 10B5     		push	{r4, lr}
 353              	.LCFI3:
 354              		.cfi_def_cfa_offset 8
 355              		.cfi_offset 4, -8
 356              		.cfi_offset 14, -4
 357 0010 0446     		mov	r4, r0
 330:Drivers/STM32F1xx_HAL_Driver/Src/stm32f1xx_hal.c ****     if (status == HAL_OK)
 358              		.loc 1 330 5 is_stmt 1 view .LVU61
 330:Drivers/STM32F1xx_HAL_Driver/Src/stm32f1xx_hal.c ****     if (status == HAL_OK)
 359              		.loc 1 330 14 is_stmt 0 view .LVU62
 360 0012 064B     		ldr	r3, .L36+4
 361 0014 1868     		ldr	r0, [r3]
 362              	.LVL13:
 330:Drivers/STM32F1xx_HAL_Driver/Src/stm32f1xx_hal.c ****     if (status == HAL_OK)
 363              		.loc 1 330 14 view .LVU63
 364 0016 FFF7FEFF 		bl	HAL_InitTick
 365              	.LVL14:
 331:Drivers/STM32F1xx_HAL_Driver/Src/stm32f1xx_hal.c ****     {
 366              		.loc 1 331 5 is_stmt 1 view .LVU64
 331:Drivers/STM32F1xx_HAL_Driver/Src/stm32f1xx_hal.c ****     {
 367              		.loc 1 331 8 is_stmt 0 view .LVU65
 368 001a 0346     		mov	r3, r0
 369 001c 08B9     		cbnz	r0, .L29
 333:Drivers/STM32F1xx_HAL_Driver/Src/stm32f1xx_hal.c ****     }
 370              		.loc 1 333 7 is_stmt 1 view .LVU66
 333:Drivers/STM32F1xx_HAL_Driver/Src/stm32f1xx_hal.c ****     }
 371              		.loc 1 333 18 is_stmt 0 view .LVU67
 372 001e 024A     		ldr	r2, .L36
 373 0020 1470     		strb	r4, [r2]
 374              	.L29:
 375              	.LVL15:
 337:Drivers/STM32F1xx_HAL_Driver/Src/stm32f1xx_hal.c **** }
 376              		.loc 1 337 3 is_stmt 1 view .LVU68
 377              		.loc 1 338 1 is_stmt 0 view .LVU69
 378 0022 1846     		mov	r0, r3
 379 0024 10BD     		pop	{r4, pc}
 380              	.L37:
 381 0026 00BF     		.align	2
 382              	.L36:
 383 0028 00000000 		.word	.LANCHOR0
 384 002c 00000000 		.word	.LANCHOR1
 385              		.cfi_endproc
 386              	.LFE73:
 388              		.section	.text.HAL_GetTickFreq,"ax",%progbits
 389              		.align	1
 390              		.global	HAL_GetTickFreq
ARM GAS  C:\Users\HARTO_~1\AppData\Local\Temp\ccK5QW7w.s 			page 14


 391              		.syntax unified
 392              		.thumb
 393              		.thumb_func
 394              		.fpu softvfp
 396              	HAL_GetTickFreq:
 397              	.LFB74:
 339:Drivers/STM32F1xx_HAL_Driver/Src/stm32f1xx_hal.c **** 
 340:Drivers/STM32F1xx_HAL_Driver/Src/stm32f1xx_hal.c **** /**
 341:Drivers/STM32F1xx_HAL_Driver/Src/stm32f1xx_hal.c ****   * @brief Return tick frequency.
 342:Drivers/STM32F1xx_HAL_Driver/Src/stm32f1xx_hal.c ****   * @retval tick period in Hz
 343:Drivers/STM32F1xx_HAL_Driver/Src/stm32f1xx_hal.c ****   */
 344:Drivers/STM32F1xx_HAL_Driver/Src/stm32f1xx_hal.c **** HAL_TickFreqTypeDef HAL_GetTickFreq(void)
 345:Drivers/STM32F1xx_HAL_Driver/Src/stm32f1xx_hal.c **** {
 398              		.loc 1 345 1 is_stmt 1 view -0
 399              		.cfi_startproc
 400              		@ args = 0, pretend = 0, frame = 0
 401              		@ frame_needed = 0, uses_anonymous_args = 0
 402              		@ link register save eliminated.
 346:Drivers/STM32F1xx_HAL_Driver/Src/stm32f1xx_hal.c ****   return uwTickFreq;
 403              		.loc 1 346 3 view .LVU71
 347:Drivers/STM32F1xx_HAL_Driver/Src/stm32f1xx_hal.c **** }
 404              		.loc 1 347 1 is_stmt 0 view .LVU72
 405 0000 014B     		ldr	r3, .L39
 406 0002 1878     		ldrb	r0, [r3]	@ zero_extendqisi2
 407 0004 7047     		bx	lr
 408              	.L40:
 409 0006 00BF     		.align	2
 410              	.L39:
 411 0008 00000000 		.word	.LANCHOR0
 412              		.cfi_endproc
 413              	.LFE74:
 415              		.section	.text.HAL_Delay,"ax",%progbits
 416              		.align	1
 417              		.weak	HAL_Delay
 418              		.syntax unified
 419              		.thumb
 420              		.thumb_func
 421              		.fpu softvfp
 423              	HAL_Delay:
 424              	.LVL16:
 425              	.LFB75:
 348:Drivers/STM32F1xx_HAL_Driver/Src/stm32f1xx_hal.c **** 
 349:Drivers/STM32F1xx_HAL_Driver/Src/stm32f1xx_hal.c **** /**
 350:Drivers/STM32F1xx_HAL_Driver/Src/stm32f1xx_hal.c ****   * @brief This function provides minimum delay (in milliseconds) based
 351:Drivers/STM32F1xx_HAL_Driver/Src/stm32f1xx_hal.c ****   *        on variable incremented.
 352:Drivers/STM32F1xx_HAL_Driver/Src/stm32f1xx_hal.c ****   * @note In the default implementation , SysTick timer is the source of time base.
 353:Drivers/STM32F1xx_HAL_Driver/Src/stm32f1xx_hal.c ****   *       It is used to generate interrupts at regular time intervals where uwTick
 354:Drivers/STM32F1xx_HAL_Driver/Src/stm32f1xx_hal.c ****   *       is incremented.
 355:Drivers/STM32F1xx_HAL_Driver/Src/stm32f1xx_hal.c ****   * @note This function is declared as __weak to be overwritten in case of other
 356:Drivers/STM32F1xx_HAL_Driver/Src/stm32f1xx_hal.c ****   *       implementations in user file.
 357:Drivers/STM32F1xx_HAL_Driver/Src/stm32f1xx_hal.c ****   * @param Delay specifies the delay time length, in milliseconds.
 358:Drivers/STM32F1xx_HAL_Driver/Src/stm32f1xx_hal.c ****   * @retval None
 359:Drivers/STM32F1xx_HAL_Driver/Src/stm32f1xx_hal.c ****   */
 360:Drivers/STM32F1xx_HAL_Driver/Src/stm32f1xx_hal.c **** __weak void HAL_Delay(uint32_t Delay)
 361:Drivers/STM32F1xx_HAL_Driver/Src/stm32f1xx_hal.c **** {
 426              		.loc 1 361 1 is_stmt 1 view -0
 427              		.cfi_startproc
ARM GAS  C:\Users\HARTO_~1\AppData\Local\Temp\ccK5QW7w.s 			page 15


 428              		@ args = 0, pretend = 0, frame = 0
 429              		@ frame_needed = 0, uses_anonymous_args = 0
 430              		.loc 1 361 1 is_stmt 0 view .LVU74
 431 0000 38B5     		push	{r3, r4, r5, lr}
 432              	.LCFI4:
 433              		.cfi_def_cfa_offset 16
 434              		.cfi_offset 3, -16
 435              		.cfi_offset 4, -12
 436              		.cfi_offset 5, -8
 437              		.cfi_offset 14, -4
 438 0002 0446     		mov	r4, r0
 362:Drivers/STM32F1xx_HAL_Driver/Src/stm32f1xx_hal.c ****   uint32_t tickstart = HAL_GetTick();
 439              		.loc 1 362 3 is_stmt 1 view .LVU75
 440              		.loc 1 362 24 is_stmt 0 view .LVU76
 441 0004 FFF7FEFF 		bl	HAL_GetTick
 442              	.LVL17:
 443              		.loc 1 362 24 view .LVU77
 444 0008 0546     		mov	r5, r0
 445              	.LVL18:
 363:Drivers/STM32F1xx_HAL_Driver/Src/stm32f1xx_hal.c ****   uint32_t wait = Delay;
 446              		.loc 1 363 3 is_stmt 1 view .LVU78
 364:Drivers/STM32F1xx_HAL_Driver/Src/stm32f1xx_hal.c **** 
 365:Drivers/STM32F1xx_HAL_Driver/Src/stm32f1xx_hal.c ****   /* Add a freq to guarantee minimum wait */
 366:Drivers/STM32F1xx_HAL_Driver/Src/stm32f1xx_hal.c ****   if (wait < HAL_MAX_DELAY)
 447              		.loc 1 366 3 view .LVU79
 448              		.loc 1 366 6 is_stmt 0 view .LVU80
 449 000a B4F1FF3F 		cmp	r4, #-1
 450 000e 02D0     		beq	.L43
 367:Drivers/STM32F1xx_HAL_Driver/Src/stm32f1xx_hal.c ****   {
 368:Drivers/STM32F1xx_HAL_Driver/Src/stm32f1xx_hal.c ****     wait += (uint32_t)(uwTickFreq);
 451              		.loc 1 368 5 is_stmt 1 view .LVU81
 452              		.loc 1 368 13 is_stmt 0 view .LVU82
 453 0010 044B     		ldr	r3, .L45
 454 0012 1B78     		ldrb	r3, [r3]	@ zero_extendqisi2
 455              		.loc 1 368 10 view .LVU83
 456 0014 1C44     		add	r4, r4, r3
 457              	.LVL19:
 458              	.L43:
 369:Drivers/STM32F1xx_HAL_Driver/Src/stm32f1xx_hal.c ****   }
 370:Drivers/STM32F1xx_HAL_Driver/Src/stm32f1xx_hal.c **** 
 371:Drivers/STM32F1xx_HAL_Driver/Src/stm32f1xx_hal.c ****   while ((HAL_GetTick() - tickstart) < wait)
 372:Drivers/STM32F1xx_HAL_Driver/Src/stm32f1xx_hal.c ****   {
 373:Drivers/STM32F1xx_HAL_Driver/Src/stm32f1xx_hal.c ****   }
 459              		.loc 1 373 3 is_stmt 1 discriminator 1 view .LVU84
 371:Drivers/STM32F1xx_HAL_Driver/Src/stm32f1xx_hal.c ****   {
 460              		.loc 1 371 11 is_stmt 0 discriminator 1 view .LVU85
 461 0016 FFF7FEFF 		bl	HAL_GetTick
 462              	.LVL20:
 371:Drivers/STM32F1xx_HAL_Driver/Src/stm32f1xx_hal.c ****   {
 463              		.loc 1 371 25 discriminator 1 view .LVU86
 464 001a 401B     		subs	r0, r0, r5
 371:Drivers/STM32F1xx_HAL_Driver/Src/stm32f1xx_hal.c ****   {
 465              		.loc 1 371 9 discriminator 1 view .LVU87
 466 001c A042     		cmp	r0, r4
 467 001e FAD3     		bcc	.L43
 374:Drivers/STM32F1xx_HAL_Driver/Src/stm32f1xx_hal.c **** }
 468              		.loc 1 374 1 view .LVU88
ARM GAS  C:\Users\HARTO_~1\AppData\Local\Temp\ccK5QW7w.s 			page 16


 469 0020 38BD     		pop	{r3, r4, r5, pc}
 470              	.LVL21:
 471              	.L46:
 472              		.loc 1 374 1 view .LVU89
 473 0022 00BF     		.align	2
 474              	.L45:
 475 0024 00000000 		.word	.LANCHOR0
 476              		.cfi_endproc
 477              	.LFE75:
 479              		.section	.text.HAL_SuspendTick,"ax",%progbits
 480              		.align	1
 481              		.weak	HAL_SuspendTick
 482              		.syntax unified
 483              		.thumb
 484              		.thumb_func
 485              		.fpu softvfp
 487              	HAL_SuspendTick:
 488              	.LFB76:
 375:Drivers/STM32F1xx_HAL_Driver/Src/stm32f1xx_hal.c **** 
 376:Drivers/STM32F1xx_HAL_Driver/Src/stm32f1xx_hal.c **** /**
 377:Drivers/STM32F1xx_HAL_Driver/Src/stm32f1xx_hal.c ****   * @brief Suspend Tick increment.
 378:Drivers/STM32F1xx_HAL_Driver/Src/stm32f1xx_hal.c ****   * @note In the default implementation , SysTick timer is the source of time base. It is
 379:Drivers/STM32F1xx_HAL_Driver/Src/stm32f1xx_hal.c ****   *       used to generate interrupts at regular time intervals. Once HAL_SuspendTick()
 380:Drivers/STM32F1xx_HAL_Driver/Src/stm32f1xx_hal.c ****   *       is called, the SysTick interrupt will be disabled and so Tick increment
 381:Drivers/STM32F1xx_HAL_Driver/Src/stm32f1xx_hal.c ****   *       is suspended.
 382:Drivers/STM32F1xx_HAL_Driver/Src/stm32f1xx_hal.c ****   * @note This function is declared as __weak to be overwritten in case of other
 383:Drivers/STM32F1xx_HAL_Driver/Src/stm32f1xx_hal.c ****   *       implementations in user file.
 384:Drivers/STM32F1xx_HAL_Driver/Src/stm32f1xx_hal.c ****   * @retval None
 385:Drivers/STM32F1xx_HAL_Driver/Src/stm32f1xx_hal.c ****   */
 386:Drivers/STM32F1xx_HAL_Driver/Src/stm32f1xx_hal.c **** __weak void HAL_SuspendTick(void)
 387:Drivers/STM32F1xx_HAL_Driver/Src/stm32f1xx_hal.c **** {
 489              		.loc 1 387 1 is_stmt 1 view -0
 490              		.cfi_startproc
 491              		@ args = 0, pretend = 0, frame = 0
 492              		@ frame_needed = 0, uses_anonymous_args = 0
 493              		@ link register save eliminated.
 388:Drivers/STM32F1xx_HAL_Driver/Src/stm32f1xx_hal.c ****   /* Disable SysTick Interrupt */
 389:Drivers/STM32F1xx_HAL_Driver/Src/stm32f1xx_hal.c ****   CLEAR_BIT(SysTick->CTRL, SysTick_CTRL_TICKINT_Msk);
 494              		.loc 1 389 3 view .LVU91
 495 0000 024A     		ldr	r2, .L48
 496 0002 1368     		ldr	r3, [r2]
 497 0004 23F00203 		bic	r3, r3, #2
 498 0008 1360     		str	r3, [r2]
 390:Drivers/STM32F1xx_HAL_Driver/Src/stm32f1xx_hal.c **** }
 499              		.loc 1 390 1 is_stmt 0 view .LVU92
 500 000a 7047     		bx	lr
 501              	.L49:
 502              		.align	2
 503              	.L48:
 504 000c 10E000E0 		.word	-536813552
 505              		.cfi_endproc
 506              	.LFE76:
 508              		.section	.text.HAL_ResumeTick,"ax",%progbits
 509              		.align	1
 510              		.weak	HAL_ResumeTick
 511              		.syntax unified
 512              		.thumb
ARM GAS  C:\Users\HARTO_~1\AppData\Local\Temp\ccK5QW7w.s 			page 17


 513              		.thumb_func
 514              		.fpu softvfp
 516              	HAL_ResumeTick:
 517              	.LFB77:
 391:Drivers/STM32F1xx_HAL_Driver/Src/stm32f1xx_hal.c **** 
 392:Drivers/STM32F1xx_HAL_Driver/Src/stm32f1xx_hal.c **** /**
 393:Drivers/STM32F1xx_HAL_Driver/Src/stm32f1xx_hal.c ****   * @brief Resume Tick increment.
 394:Drivers/STM32F1xx_HAL_Driver/Src/stm32f1xx_hal.c ****   * @note In the default implementation , SysTick timer is the source of time base. It is
 395:Drivers/STM32F1xx_HAL_Driver/Src/stm32f1xx_hal.c ****   *       used to generate interrupts at regular time intervals. Once HAL_ResumeTick()
 396:Drivers/STM32F1xx_HAL_Driver/Src/stm32f1xx_hal.c ****   *       is called, the SysTick interrupt will be enabled and so Tick increment
 397:Drivers/STM32F1xx_HAL_Driver/Src/stm32f1xx_hal.c ****   *       is resumed.
 398:Drivers/STM32F1xx_HAL_Driver/Src/stm32f1xx_hal.c ****   * @note This function is declared as __weak to be overwritten in case of other
 399:Drivers/STM32F1xx_HAL_Driver/Src/stm32f1xx_hal.c ****   *       implementations in user file.
 400:Drivers/STM32F1xx_HAL_Driver/Src/stm32f1xx_hal.c ****   * @retval None
 401:Drivers/STM32F1xx_HAL_Driver/Src/stm32f1xx_hal.c ****   */
 402:Drivers/STM32F1xx_HAL_Driver/Src/stm32f1xx_hal.c **** __weak void HAL_ResumeTick(void)
 403:Drivers/STM32F1xx_HAL_Driver/Src/stm32f1xx_hal.c **** {
 518              		.loc 1 403 1 is_stmt 1 view -0
 519              		.cfi_startproc
 520              		@ args = 0, pretend = 0, frame = 0
 521              		@ frame_needed = 0, uses_anonymous_args = 0
 522              		@ link register save eliminated.
 404:Drivers/STM32F1xx_HAL_Driver/Src/stm32f1xx_hal.c ****   /* Enable SysTick Interrupt */
 405:Drivers/STM32F1xx_HAL_Driver/Src/stm32f1xx_hal.c ****   SET_BIT(SysTick->CTRL, SysTick_CTRL_TICKINT_Msk);
 523              		.loc 1 405 3 view .LVU94
 524 0000 024A     		ldr	r2, .L51
 525 0002 1368     		ldr	r3, [r2]
 526 0004 43F00203 		orr	r3, r3, #2
 527 0008 1360     		str	r3, [r2]
 406:Drivers/STM32F1xx_HAL_Driver/Src/stm32f1xx_hal.c **** }
 528              		.loc 1 406 1 is_stmt 0 view .LVU95
 529 000a 7047     		bx	lr
 530              	.L52:
 531              		.align	2
 532              	.L51:
 533 000c 10E000E0 		.word	-536813552
 534              		.cfi_endproc
 535              	.LFE77:
 537              		.section	.text.HAL_GetHalVersion,"ax",%progbits
 538              		.align	1
 539              		.global	HAL_GetHalVersion
 540              		.syntax unified
 541              		.thumb
 542              		.thumb_func
 543              		.fpu softvfp
 545              	HAL_GetHalVersion:
 546              	.LFB78:
 407:Drivers/STM32F1xx_HAL_Driver/Src/stm32f1xx_hal.c **** 
 408:Drivers/STM32F1xx_HAL_Driver/Src/stm32f1xx_hal.c **** /**
 409:Drivers/STM32F1xx_HAL_Driver/Src/stm32f1xx_hal.c ****   * @brief  Returns the HAL revision
 410:Drivers/STM32F1xx_HAL_Driver/Src/stm32f1xx_hal.c ****   * @retval version 0xXYZR (8bits for each decimal, R for RC)
 411:Drivers/STM32F1xx_HAL_Driver/Src/stm32f1xx_hal.c ****   */
 412:Drivers/STM32F1xx_HAL_Driver/Src/stm32f1xx_hal.c **** uint32_t HAL_GetHalVersion(void)
 413:Drivers/STM32F1xx_HAL_Driver/Src/stm32f1xx_hal.c **** {
 547              		.loc 1 413 1 is_stmt 1 view -0
 548              		.cfi_startproc
 549              		@ args = 0, pretend = 0, frame = 0
ARM GAS  C:\Users\HARTO_~1\AppData\Local\Temp\ccK5QW7w.s 			page 18


 550              		@ frame_needed = 0, uses_anonymous_args = 0
 551              		@ link register save eliminated.
 414:Drivers/STM32F1xx_HAL_Driver/Src/stm32f1xx_hal.c ****   return __STM32F1xx_HAL_VERSION;
 552              		.loc 1 414 3 view .LVU97
 415:Drivers/STM32F1xx_HAL_Driver/Src/stm32f1xx_hal.c **** }
 553              		.loc 1 415 1 is_stmt 0 view .LVU98
 554 0000 0048     		ldr	r0, .L54
 555 0002 7047     		bx	lr
 556              	.L55:
 557              		.align	2
 558              	.L54:
 559 0004 00040101 		.word	16843776
 560              		.cfi_endproc
 561              	.LFE78:
 563              		.section	.text.HAL_GetREVID,"ax",%progbits
 564              		.align	1
 565              		.global	HAL_GetREVID
 566              		.syntax unified
 567              		.thumb
 568              		.thumb_func
 569              		.fpu softvfp
 571              	HAL_GetREVID:
 572              	.LFB79:
 416:Drivers/STM32F1xx_HAL_Driver/Src/stm32f1xx_hal.c **** 
 417:Drivers/STM32F1xx_HAL_Driver/Src/stm32f1xx_hal.c **** /**
 418:Drivers/STM32F1xx_HAL_Driver/Src/stm32f1xx_hal.c ****   * @brief Returns the device revision identifier.
 419:Drivers/STM32F1xx_HAL_Driver/Src/stm32f1xx_hal.c ****   * Note: On devices STM32F10xx8 and STM32F10xxB,
 420:Drivers/STM32F1xx_HAL_Driver/Src/stm32f1xx_hal.c ****   *                  STM32F101xC/D/E and STM32F103xC/D/E,
 421:Drivers/STM32F1xx_HAL_Driver/Src/stm32f1xx_hal.c ****   *                  STM32F101xF/G and STM32F103xF/G
 422:Drivers/STM32F1xx_HAL_Driver/Src/stm32f1xx_hal.c ****   *                  STM32F10xx4 and STM32F10xx6
 423:Drivers/STM32F1xx_HAL_Driver/Src/stm32f1xx_hal.c ****   *       Debug registers DBGMCU_IDCODE and DBGMCU_CR are accessible only in
 424:Drivers/STM32F1xx_HAL_Driver/Src/stm32f1xx_hal.c ****   *       debug mode (not accessible by the user software in normal mode).
 425:Drivers/STM32F1xx_HAL_Driver/Src/stm32f1xx_hal.c ****   *       Refer to errata sheet of these devices for more details.
 426:Drivers/STM32F1xx_HAL_Driver/Src/stm32f1xx_hal.c ****   * @retval Device revision identifier
 427:Drivers/STM32F1xx_HAL_Driver/Src/stm32f1xx_hal.c ****   */
 428:Drivers/STM32F1xx_HAL_Driver/Src/stm32f1xx_hal.c **** uint32_t HAL_GetREVID(void)
 429:Drivers/STM32F1xx_HAL_Driver/Src/stm32f1xx_hal.c **** {
 573              		.loc 1 429 1 is_stmt 1 view -0
 574              		.cfi_startproc
 575              		@ args = 0, pretend = 0, frame = 0
 576              		@ frame_needed = 0, uses_anonymous_args = 0
 577              		@ link register save eliminated.
 430:Drivers/STM32F1xx_HAL_Driver/Src/stm32f1xx_hal.c ****   return ((DBGMCU->IDCODE) >> DBGMCU_IDCODE_REV_ID_Pos);
 578              		.loc 1 430 3 view .LVU100
 579              		.loc 1 430 18 is_stmt 0 view .LVU101
 580 0000 014B     		ldr	r3, .L57
 581 0002 1868     		ldr	r0, [r3]
 431:Drivers/STM32F1xx_HAL_Driver/Src/stm32f1xx_hal.c **** }
 582              		.loc 1 431 1 view .LVU102
 583 0004 000C     		lsrs	r0, r0, #16
 584 0006 7047     		bx	lr
 585              	.L58:
 586              		.align	2
 587              	.L57:
 588 0008 002004E0 		.word	-536600576
 589              		.cfi_endproc
 590              	.LFE79:
ARM GAS  C:\Users\HARTO_~1\AppData\Local\Temp\ccK5QW7w.s 			page 19


 592              		.section	.text.HAL_GetDEVID,"ax",%progbits
 593              		.align	1
 594              		.global	HAL_GetDEVID
 595              		.syntax unified
 596              		.thumb
 597              		.thumb_func
 598              		.fpu softvfp
 600              	HAL_GetDEVID:
 601              	.LFB80:
 432:Drivers/STM32F1xx_HAL_Driver/Src/stm32f1xx_hal.c **** 
 433:Drivers/STM32F1xx_HAL_Driver/Src/stm32f1xx_hal.c **** /**
 434:Drivers/STM32F1xx_HAL_Driver/Src/stm32f1xx_hal.c ****   * @brief  Returns the device identifier.
 435:Drivers/STM32F1xx_HAL_Driver/Src/stm32f1xx_hal.c ****   * Note: On devices STM32F10xx8 and STM32F10xxB,
 436:Drivers/STM32F1xx_HAL_Driver/Src/stm32f1xx_hal.c ****   *                  STM32F101xC/D/E and STM32F103xC/D/E,
 437:Drivers/STM32F1xx_HAL_Driver/Src/stm32f1xx_hal.c ****   *                  STM32F101xF/G and STM32F103xF/G
 438:Drivers/STM32F1xx_HAL_Driver/Src/stm32f1xx_hal.c ****   *                  STM32F10xx4 and STM32F10xx6
 439:Drivers/STM32F1xx_HAL_Driver/Src/stm32f1xx_hal.c ****   *       Debug registers DBGMCU_IDCODE and DBGMCU_CR are accessible only in
 440:Drivers/STM32F1xx_HAL_Driver/Src/stm32f1xx_hal.c ****   *       debug mode (not accessible by the user software in normal mode).
 441:Drivers/STM32F1xx_HAL_Driver/Src/stm32f1xx_hal.c ****   *       Refer to errata sheet of these devices for more details.
 442:Drivers/STM32F1xx_HAL_Driver/Src/stm32f1xx_hal.c ****   * @retval Device identifier
 443:Drivers/STM32F1xx_HAL_Driver/Src/stm32f1xx_hal.c ****   */
 444:Drivers/STM32F1xx_HAL_Driver/Src/stm32f1xx_hal.c **** uint32_t HAL_GetDEVID(void)
 445:Drivers/STM32F1xx_HAL_Driver/Src/stm32f1xx_hal.c **** {
 602              		.loc 1 445 1 is_stmt 1 view -0
 603              		.cfi_startproc
 604              		@ args = 0, pretend = 0, frame = 0
 605              		@ frame_needed = 0, uses_anonymous_args = 0
 606              		@ link register save eliminated.
 446:Drivers/STM32F1xx_HAL_Driver/Src/stm32f1xx_hal.c ****   return ((DBGMCU->IDCODE) & IDCODE_DEVID_MASK);
 607              		.loc 1 446 3 view .LVU104
 608              		.loc 1 446 18 is_stmt 0 view .LVU105
 609 0000 024B     		ldr	r3, .L60
 610 0002 1868     		ldr	r0, [r3]
 447:Drivers/STM32F1xx_HAL_Driver/Src/stm32f1xx_hal.c **** }
 611              		.loc 1 447 1 view .LVU106
 612 0004 C0F30B00 		ubfx	r0, r0, #0, #12
 613 0008 7047     		bx	lr
 614              	.L61:
 615 000a 00BF     		.align	2
 616              	.L60:
 617 000c 002004E0 		.word	-536600576
 618              		.cfi_endproc
 619              	.LFE80:
 621              		.section	.text.HAL_GetUIDw0,"ax",%progbits
 622              		.align	1
 623              		.global	HAL_GetUIDw0
 624              		.syntax unified
 625              		.thumb
 626              		.thumb_func
 627              		.fpu softvfp
 629              	HAL_GetUIDw0:
 630              	.LFB81:
 448:Drivers/STM32F1xx_HAL_Driver/Src/stm32f1xx_hal.c **** 
 449:Drivers/STM32F1xx_HAL_Driver/Src/stm32f1xx_hal.c **** /**
 450:Drivers/STM32F1xx_HAL_Driver/Src/stm32f1xx_hal.c ****   * @brief  Returns first word of the unique device identifier (UID based on 96 bits)
 451:Drivers/STM32F1xx_HAL_Driver/Src/stm32f1xx_hal.c ****   * @retval Device identifier
 452:Drivers/STM32F1xx_HAL_Driver/Src/stm32f1xx_hal.c ****   */
ARM GAS  C:\Users\HARTO_~1\AppData\Local\Temp\ccK5QW7w.s 			page 20


 453:Drivers/STM32F1xx_HAL_Driver/Src/stm32f1xx_hal.c **** uint32_t HAL_GetUIDw0(void)
 454:Drivers/STM32F1xx_HAL_Driver/Src/stm32f1xx_hal.c **** {
 631              		.loc 1 454 1 is_stmt 1 view -0
 632              		.cfi_startproc
 633              		@ args = 0, pretend = 0, frame = 0
 634              		@ frame_needed = 0, uses_anonymous_args = 0
 635              		@ link register save eliminated.
 455:Drivers/STM32F1xx_HAL_Driver/Src/stm32f1xx_hal.c ****    return(READ_REG(*((uint32_t *)UID_BASE)));
 636              		.loc 1 455 4 view .LVU108
 456:Drivers/STM32F1xx_HAL_Driver/Src/stm32f1xx_hal.c **** }
 637              		.loc 1 456 1 is_stmt 0 view .LVU109
 638 0000 014B     		ldr	r3, .L63
 639 0002 1868     		ldr	r0, [r3]
 640 0004 7047     		bx	lr
 641              	.L64:
 642 0006 00BF     		.align	2
 643              	.L63:
 644 0008 E8F7FF1F 		.word	536868840
 645              		.cfi_endproc
 646              	.LFE81:
 648              		.section	.text.HAL_GetUIDw1,"ax",%progbits
 649              		.align	1
 650              		.global	HAL_GetUIDw1
 651              		.syntax unified
 652              		.thumb
 653              		.thumb_func
 654              		.fpu softvfp
 656              	HAL_GetUIDw1:
 657              	.LFB82:
 457:Drivers/STM32F1xx_HAL_Driver/Src/stm32f1xx_hal.c **** 
 458:Drivers/STM32F1xx_HAL_Driver/Src/stm32f1xx_hal.c **** /**
 459:Drivers/STM32F1xx_HAL_Driver/Src/stm32f1xx_hal.c ****   * @brief  Returns second word of the unique device identifier (UID based on 96 bits)
 460:Drivers/STM32F1xx_HAL_Driver/Src/stm32f1xx_hal.c ****   * @retval Device identifier
 461:Drivers/STM32F1xx_HAL_Driver/Src/stm32f1xx_hal.c ****   */
 462:Drivers/STM32F1xx_HAL_Driver/Src/stm32f1xx_hal.c **** uint32_t HAL_GetUIDw1(void)
 463:Drivers/STM32F1xx_HAL_Driver/Src/stm32f1xx_hal.c **** {
 658              		.loc 1 463 1 is_stmt 1 view -0
 659              		.cfi_startproc
 660              		@ args = 0, pretend = 0, frame = 0
 661              		@ frame_needed = 0, uses_anonymous_args = 0
 662              		@ link register save eliminated.
 464:Drivers/STM32F1xx_HAL_Driver/Src/stm32f1xx_hal.c ****    return(READ_REG(*((uint32_t *)(UID_BASE + 4U))));
 663              		.loc 1 464 4 view .LVU111
 465:Drivers/STM32F1xx_HAL_Driver/Src/stm32f1xx_hal.c **** }
 664              		.loc 1 465 1 is_stmt 0 view .LVU112
 665 0000 014B     		ldr	r3, .L66
 666 0002 1868     		ldr	r0, [r3]
 667 0004 7047     		bx	lr
 668              	.L67:
 669 0006 00BF     		.align	2
 670              	.L66:
 671 0008 ECF7FF1F 		.word	536868844
 672              		.cfi_endproc
 673              	.LFE82:
 675              		.section	.text.HAL_GetUIDw2,"ax",%progbits
 676              		.align	1
 677              		.global	HAL_GetUIDw2
ARM GAS  C:\Users\HARTO_~1\AppData\Local\Temp\ccK5QW7w.s 			page 21


 678              		.syntax unified
 679              		.thumb
 680              		.thumb_func
 681              		.fpu softvfp
 683              	HAL_GetUIDw2:
 684              	.LFB83:
 466:Drivers/STM32F1xx_HAL_Driver/Src/stm32f1xx_hal.c **** 
 467:Drivers/STM32F1xx_HAL_Driver/Src/stm32f1xx_hal.c **** /**
 468:Drivers/STM32F1xx_HAL_Driver/Src/stm32f1xx_hal.c ****   * @brief  Returns third word of the unique device identifier (UID based on 96 bits)
 469:Drivers/STM32F1xx_HAL_Driver/Src/stm32f1xx_hal.c ****   * @retval Device identifier
 470:Drivers/STM32F1xx_HAL_Driver/Src/stm32f1xx_hal.c ****   */
 471:Drivers/STM32F1xx_HAL_Driver/Src/stm32f1xx_hal.c **** uint32_t HAL_GetUIDw2(void)
 472:Drivers/STM32F1xx_HAL_Driver/Src/stm32f1xx_hal.c **** {
 685              		.loc 1 472 1 is_stmt 1 view -0
 686              		.cfi_startproc
 687              		@ args = 0, pretend = 0, frame = 0
 688              		@ frame_needed = 0, uses_anonymous_args = 0
 689              		@ link register save eliminated.
 473:Drivers/STM32F1xx_HAL_Driver/Src/stm32f1xx_hal.c ****    return(READ_REG(*((uint32_t *)(UID_BASE + 8U))));
 690              		.loc 1 473 4 view .LVU114
 474:Drivers/STM32F1xx_HAL_Driver/Src/stm32f1xx_hal.c **** }
 691              		.loc 1 474 1 is_stmt 0 view .LVU115
 692 0000 014B     		ldr	r3, .L69
 693 0002 1868     		ldr	r0, [r3]
 694 0004 7047     		bx	lr
 695              	.L70:
 696 0006 00BF     		.align	2
 697              	.L69:
 698 0008 F0F7FF1F 		.word	536868848
 699              		.cfi_endproc
 700              	.LFE83:
 702              		.section	.text.HAL_DBGMCU_EnableDBGSleepMode,"ax",%progbits
 703              		.align	1
 704              		.global	HAL_DBGMCU_EnableDBGSleepMode
 705              		.syntax unified
 706              		.thumb
 707              		.thumb_func
 708              		.fpu softvfp
 710              	HAL_DBGMCU_EnableDBGSleepMode:
 711              	.LFB84:
 475:Drivers/STM32F1xx_HAL_Driver/Src/stm32f1xx_hal.c **** 
 476:Drivers/STM32F1xx_HAL_Driver/Src/stm32f1xx_hal.c **** /**
 477:Drivers/STM32F1xx_HAL_Driver/Src/stm32f1xx_hal.c ****   * @brief  Enable the Debug Module during SLEEP mode
 478:Drivers/STM32F1xx_HAL_Driver/Src/stm32f1xx_hal.c ****   * @retval None
 479:Drivers/STM32F1xx_HAL_Driver/Src/stm32f1xx_hal.c ****   */
 480:Drivers/STM32F1xx_HAL_Driver/Src/stm32f1xx_hal.c **** void HAL_DBGMCU_EnableDBGSleepMode(void)
 481:Drivers/STM32F1xx_HAL_Driver/Src/stm32f1xx_hal.c **** {
 712              		.loc 1 481 1 is_stmt 1 view -0
 713              		.cfi_startproc
 714              		@ args = 0, pretend = 0, frame = 0
 715              		@ frame_needed = 0, uses_anonymous_args = 0
 716              		@ link register save eliminated.
 482:Drivers/STM32F1xx_HAL_Driver/Src/stm32f1xx_hal.c ****   SET_BIT(DBGMCU->CR, DBGMCU_CR_DBG_SLEEP);
 717              		.loc 1 482 3 view .LVU117
 718 0000 024A     		ldr	r2, .L72
 719 0002 5368     		ldr	r3, [r2, #4]
 720 0004 43F00103 		orr	r3, r3, #1
ARM GAS  C:\Users\HARTO_~1\AppData\Local\Temp\ccK5QW7w.s 			page 22


 721 0008 5360     		str	r3, [r2, #4]
 483:Drivers/STM32F1xx_HAL_Driver/Src/stm32f1xx_hal.c **** }
 722              		.loc 1 483 1 is_stmt 0 view .LVU118
 723 000a 7047     		bx	lr
 724              	.L73:
 725              		.align	2
 726              	.L72:
 727 000c 002004E0 		.word	-536600576
 728              		.cfi_endproc
 729              	.LFE84:
 731              		.section	.text.HAL_DBGMCU_DisableDBGSleepMode,"ax",%progbits
 732              		.align	1
 733              		.global	HAL_DBGMCU_DisableDBGSleepMode
 734              		.syntax unified
 735              		.thumb
 736              		.thumb_func
 737              		.fpu softvfp
 739              	HAL_DBGMCU_DisableDBGSleepMode:
 740              	.LFB85:
 484:Drivers/STM32F1xx_HAL_Driver/Src/stm32f1xx_hal.c **** 
 485:Drivers/STM32F1xx_HAL_Driver/Src/stm32f1xx_hal.c **** /**
 486:Drivers/STM32F1xx_HAL_Driver/Src/stm32f1xx_hal.c ****   * @brief  Disable the Debug Module during SLEEP mode
 487:Drivers/STM32F1xx_HAL_Driver/Src/stm32f1xx_hal.c ****   * Note: On devices STM32F10xx8 and STM32F10xxB,
 488:Drivers/STM32F1xx_HAL_Driver/Src/stm32f1xx_hal.c ****   *                  STM32F101xC/D/E and STM32F103xC/D/E,
 489:Drivers/STM32F1xx_HAL_Driver/Src/stm32f1xx_hal.c ****   *                  STM32F101xF/G and STM32F103xF/G
 490:Drivers/STM32F1xx_HAL_Driver/Src/stm32f1xx_hal.c ****   *                  STM32F10xx4 and STM32F10xx6
 491:Drivers/STM32F1xx_HAL_Driver/Src/stm32f1xx_hal.c ****   *       Debug registers DBGMCU_IDCODE and DBGMCU_CR are accessible only in
 492:Drivers/STM32F1xx_HAL_Driver/Src/stm32f1xx_hal.c ****   *       debug mode (not accessible by the user software in normal mode).
 493:Drivers/STM32F1xx_HAL_Driver/Src/stm32f1xx_hal.c ****   *       Refer to errata sheet of these devices for more details.
 494:Drivers/STM32F1xx_HAL_Driver/Src/stm32f1xx_hal.c ****   * @retval None
 495:Drivers/STM32F1xx_HAL_Driver/Src/stm32f1xx_hal.c ****   */
 496:Drivers/STM32F1xx_HAL_Driver/Src/stm32f1xx_hal.c **** void HAL_DBGMCU_DisableDBGSleepMode(void)
 497:Drivers/STM32F1xx_HAL_Driver/Src/stm32f1xx_hal.c **** {
 741              		.loc 1 497 1 is_stmt 1 view -0
 742              		.cfi_startproc
 743              		@ args = 0, pretend = 0, frame = 0
 744              		@ frame_needed = 0, uses_anonymous_args = 0
 745              		@ link register save eliminated.
 498:Drivers/STM32F1xx_HAL_Driver/Src/stm32f1xx_hal.c ****   CLEAR_BIT(DBGMCU->CR, DBGMCU_CR_DBG_SLEEP);
 746              		.loc 1 498 3 view .LVU120
 747 0000 024A     		ldr	r2, .L75
 748 0002 5368     		ldr	r3, [r2, #4]
 749 0004 23F00103 		bic	r3, r3, #1
 750 0008 5360     		str	r3, [r2, #4]
 499:Drivers/STM32F1xx_HAL_Driver/Src/stm32f1xx_hal.c **** }
 751              		.loc 1 499 1 is_stmt 0 view .LVU121
 752 000a 7047     		bx	lr
 753              	.L76:
 754              		.align	2
 755              	.L75:
 756 000c 002004E0 		.word	-536600576
 757              		.cfi_endproc
 758              	.LFE85:
 760              		.section	.text.HAL_DBGMCU_EnableDBGStopMode,"ax",%progbits
 761              		.align	1
 762              		.global	HAL_DBGMCU_EnableDBGStopMode
 763              		.syntax unified
ARM GAS  C:\Users\HARTO_~1\AppData\Local\Temp\ccK5QW7w.s 			page 23


 764              		.thumb
 765              		.thumb_func
 766              		.fpu softvfp
 768              	HAL_DBGMCU_EnableDBGStopMode:
 769              	.LFB86:
 500:Drivers/STM32F1xx_HAL_Driver/Src/stm32f1xx_hal.c **** 
 501:Drivers/STM32F1xx_HAL_Driver/Src/stm32f1xx_hal.c **** /**
 502:Drivers/STM32F1xx_HAL_Driver/Src/stm32f1xx_hal.c ****   * @brief  Enable the Debug Module during STOP mode
 503:Drivers/STM32F1xx_HAL_Driver/Src/stm32f1xx_hal.c ****   * Note: On devices STM32F10xx8 and STM32F10xxB,
 504:Drivers/STM32F1xx_HAL_Driver/Src/stm32f1xx_hal.c ****   *                  STM32F101xC/D/E and STM32F103xC/D/E,
 505:Drivers/STM32F1xx_HAL_Driver/Src/stm32f1xx_hal.c ****   *                  STM32F101xF/G and STM32F103xF/G
 506:Drivers/STM32F1xx_HAL_Driver/Src/stm32f1xx_hal.c ****   *                  STM32F10xx4 and STM32F10xx6
 507:Drivers/STM32F1xx_HAL_Driver/Src/stm32f1xx_hal.c ****   *       Debug registers DBGMCU_IDCODE and DBGMCU_CR are accessible only in
 508:Drivers/STM32F1xx_HAL_Driver/Src/stm32f1xx_hal.c ****   *       debug mode (not accessible by the user software in normal mode).
 509:Drivers/STM32F1xx_HAL_Driver/Src/stm32f1xx_hal.c ****   *       Refer to errata sheet of these devices for more details.
 510:Drivers/STM32F1xx_HAL_Driver/Src/stm32f1xx_hal.c ****   * Note: On all STM32F1 devices:
 511:Drivers/STM32F1xx_HAL_Driver/Src/stm32f1xx_hal.c ****   *       If the system tick timer interrupt is enabled during the Stop mode
 512:Drivers/STM32F1xx_HAL_Driver/Src/stm32f1xx_hal.c ****   *       debug (DBG_STOP bit set in the DBGMCU_CR register ), it will wakeup
 513:Drivers/STM32F1xx_HAL_Driver/Src/stm32f1xx_hal.c ****   *       the system from Stop mode.
 514:Drivers/STM32F1xx_HAL_Driver/Src/stm32f1xx_hal.c ****   *       Workaround: To debug the Stop mode, disable the system tick timer
 515:Drivers/STM32F1xx_HAL_Driver/Src/stm32f1xx_hal.c ****   *       interrupt.
 516:Drivers/STM32F1xx_HAL_Driver/Src/stm32f1xx_hal.c ****   *       Refer to errata sheet of these devices for more details.
 517:Drivers/STM32F1xx_HAL_Driver/Src/stm32f1xx_hal.c ****   * Note: On all STM32F1 devices:
 518:Drivers/STM32F1xx_HAL_Driver/Src/stm32f1xx_hal.c ****   *       If the system tick timer interrupt is enabled during the Stop mode
 519:Drivers/STM32F1xx_HAL_Driver/Src/stm32f1xx_hal.c ****   *       debug (DBG_STOP bit set in the DBGMCU_CR register ), it will wakeup
 520:Drivers/STM32F1xx_HAL_Driver/Src/stm32f1xx_hal.c ****   *       the system from Stop mode.
 521:Drivers/STM32F1xx_HAL_Driver/Src/stm32f1xx_hal.c ****   *       Workaround: To debug the Stop mode, disable the system tick timer
 522:Drivers/STM32F1xx_HAL_Driver/Src/stm32f1xx_hal.c ****   *       interrupt.
 523:Drivers/STM32F1xx_HAL_Driver/Src/stm32f1xx_hal.c ****   *       Refer to errata sheet of these devices for more details.
 524:Drivers/STM32F1xx_HAL_Driver/Src/stm32f1xx_hal.c ****   * @retval None
 525:Drivers/STM32F1xx_HAL_Driver/Src/stm32f1xx_hal.c ****   */
 526:Drivers/STM32F1xx_HAL_Driver/Src/stm32f1xx_hal.c **** void HAL_DBGMCU_EnableDBGStopMode(void)
 527:Drivers/STM32F1xx_HAL_Driver/Src/stm32f1xx_hal.c **** {
 770              		.loc 1 527 1 is_stmt 1 view -0
 771              		.cfi_startproc
 772              		@ args = 0, pretend = 0, frame = 0
 773              		@ frame_needed = 0, uses_anonymous_args = 0
 774              		@ link register save eliminated.
 528:Drivers/STM32F1xx_HAL_Driver/Src/stm32f1xx_hal.c ****   SET_BIT(DBGMCU->CR, DBGMCU_CR_DBG_STOP);
 775              		.loc 1 528 3 view .LVU123
 776 0000 024A     		ldr	r2, .L78
 777 0002 5368     		ldr	r3, [r2, #4]
 778 0004 43F00203 		orr	r3, r3, #2
 779 0008 5360     		str	r3, [r2, #4]
 529:Drivers/STM32F1xx_HAL_Driver/Src/stm32f1xx_hal.c **** }
 780              		.loc 1 529 1 is_stmt 0 view .LVU124
 781 000a 7047     		bx	lr
 782              	.L79:
 783              		.align	2
 784              	.L78:
 785 000c 002004E0 		.word	-536600576
 786              		.cfi_endproc
 787              	.LFE86:
 789              		.section	.text.HAL_DBGMCU_DisableDBGStopMode,"ax",%progbits
 790              		.align	1
 791              		.global	HAL_DBGMCU_DisableDBGStopMode
 792              		.syntax unified
ARM GAS  C:\Users\HARTO_~1\AppData\Local\Temp\ccK5QW7w.s 			page 24


 793              		.thumb
 794              		.thumb_func
 795              		.fpu softvfp
 797              	HAL_DBGMCU_DisableDBGStopMode:
 798              	.LFB87:
 530:Drivers/STM32F1xx_HAL_Driver/Src/stm32f1xx_hal.c **** 
 531:Drivers/STM32F1xx_HAL_Driver/Src/stm32f1xx_hal.c **** /**
 532:Drivers/STM32F1xx_HAL_Driver/Src/stm32f1xx_hal.c ****   * @brief  Disable the Debug Module during STOP mode
 533:Drivers/STM32F1xx_HAL_Driver/Src/stm32f1xx_hal.c ****   * Note: On devices STM32F10xx8 and STM32F10xxB,
 534:Drivers/STM32F1xx_HAL_Driver/Src/stm32f1xx_hal.c ****   *                  STM32F101xC/D/E and STM32F103xC/D/E,
 535:Drivers/STM32F1xx_HAL_Driver/Src/stm32f1xx_hal.c ****   *                  STM32F101xF/G and STM32F103xF/G
 536:Drivers/STM32F1xx_HAL_Driver/Src/stm32f1xx_hal.c ****   *                  STM32F10xx4 and STM32F10xx6
 537:Drivers/STM32F1xx_HAL_Driver/Src/stm32f1xx_hal.c ****   *       Debug registers DBGMCU_IDCODE and DBGMCU_CR are accessible only in
 538:Drivers/STM32F1xx_HAL_Driver/Src/stm32f1xx_hal.c ****   *       debug mode (not accessible by the user software in normal mode).
 539:Drivers/STM32F1xx_HAL_Driver/Src/stm32f1xx_hal.c ****   *       Refer to errata sheet of these devices for more details.
 540:Drivers/STM32F1xx_HAL_Driver/Src/stm32f1xx_hal.c ****   * @retval None
 541:Drivers/STM32F1xx_HAL_Driver/Src/stm32f1xx_hal.c ****   */
 542:Drivers/STM32F1xx_HAL_Driver/Src/stm32f1xx_hal.c **** void HAL_DBGMCU_DisableDBGStopMode(void)
 543:Drivers/STM32F1xx_HAL_Driver/Src/stm32f1xx_hal.c **** {
 799              		.loc 1 543 1 is_stmt 1 view -0
 800              		.cfi_startproc
 801              		@ args = 0, pretend = 0, frame = 0
 802              		@ frame_needed = 0, uses_anonymous_args = 0
 803              		@ link register save eliminated.
 544:Drivers/STM32F1xx_HAL_Driver/Src/stm32f1xx_hal.c ****   CLEAR_BIT(DBGMCU->CR, DBGMCU_CR_DBG_STOP);
 804              		.loc 1 544 3 view .LVU126
 805 0000 024A     		ldr	r2, .L81
 806 0002 5368     		ldr	r3, [r2, #4]
 807 0004 23F00203 		bic	r3, r3, #2
 808 0008 5360     		str	r3, [r2, #4]
 545:Drivers/STM32F1xx_HAL_Driver/Src/stm32f1xx_hal.c **** }
 809              		.loc 1 545 1 is_stmt 0 view .LVU127
 810 000a 7047     		bx	lr
 811              	.L82:
 812              		.align	2
 813              	.L81:
 814 000c 002004E0 		.word	-536600576
 815              		.cfi_endproc
 816              	.LFE87:
 818              		.section	.text.HAL_DBGMCU_EnableDBGStandbyMode,"ax",%progbits
 819              		.align	1
 820              		.global	HAL_DBGMCU_EnableDBGStandbyMode
 821              		.syntax unified
 822              		.thumb
 823              		.thumb_func
 824              		.fpu softvfp
 826              	HAL_DBGMCU_EnableDBGStandbyMode:
 827              	.LFB88:
 546:Drivers/STM32F1xx_HAL_Driver/Src/stm32f1xx_hal.c **** 
 547:Drivers/STM32F1xx_HAL_Driver/Src/stm32f1xx_hal.c **** /**
 548:Drivers/STM32F1xx_HAL_Driver/Src/stm32f1xx_hal.c ****   * @brief  Enable the Debug Module during STANDBY mode
 549:Drivers/STM32F1xx_HAL_Driver/Src/stm32f1xx_hal.c ****   * Note: On devices STM32F10xx8 and STM32F10xxB,
 550:Drivers/STM32F1xx_HAL_Driver/Src/stm32f1xx_hal.c ****   *                  STM32F101xC/D/E and STM32F103xC/D/E,
 551:Drivers/STM32F1xx_HAL_Driver/Src/stm32f1xx_hal.c ****   *                  STM32F101xF/G and STM32F103xF/G
 552:Drivers/STM32F1xx_HAL_Driver/Src/stm32f1xx_hal.c ****   *                  STM32F10xx4 and STM32F10xx6
 553:Drivers/STM32F1xx_HAL_Driver/Src/stm32f1xx_hal.c ****   *       Debug registers DBGMCU_IDCODE and DBGMCU_CR are accessible only in
 554:Drivers/STM32F1xx_HAL_Driver/Src/stm32f1xx_hal.c ****   *       debug mode (not accessible by the user software in normal mode).
ARM GAS  C:\Users\HARTO_~1\AppData\Local\Temp\ccK5QW7w.s 			page 25


 555:Drivers/STM32F1xx_HAL_Driver/Src/stm32f1xx_hal.c ****   *       Refer to errata sheet of these devices for more details.
 556:Drivers/STM32F1xx_HAL_Driver/Src/stm32f1xx_hal.c ****   * @retval None
 557:Drivers/STM32F1xx_HAL_Driver/Src/stm32f1xx_hal.c ****   */
 558:Drivers/STM32F1xx_HAL_Driver/Src/stm32f1xx_hal.c **** void HAL_DBGMCU_EnableDBGStandbyMode(void)
 559:Drivers/STM32F1xx_HAL_Driver/Src/stm32f1xx_hal.c **** {
 828              		.loc 1 559 1 is_stmt 1 view -0
 829              		.cfi_startproc
 830              		@ args = 0, pretend = 0, frame = 0
 831              		@ frame_needed = 0, uses_anonymous_args = 0
 832              		@ link register save eliminated.
 560:Drivers/STM32F1xx_HAL_Driver/Src/stm32f1xx_hal.c ****   SET_BIT(DBGMCU->CR, DBGMCU_CR_DBG_STANDBY);
 833              		.loc 1 560 3 view .LVU129
 834 0000 024A     		ldr	r2, .L84
 835 0002 5368     		ldr	r3, [r2, #4]
 836 0004 43F00403 		orr	r3, r3, #4
 837 0008 5360     		str	r3, [r2, #4]
 561:Drivers/STM32F1xx_HAL_Driver/Src/stm32f1xx_hal.c **** }
 838              		.loc 1 561 1 is_stmt 0 view .LVU130
 839 000a 7047     		bx	lr
 840              	.L85:
 841              		.align	2
 842              	.L84:
 843 000c 002004E0 		.word	-536600576
 844              		.cfi_endproc
 845              	.LFE88:
 847              		.section	.text.HAL_DBGMCU_DisableDBGStandbyMode,"ax",%progbits
 848              		.align	1
 849              		.global	HAL_DBGMCU_DisableDBGStandbyMode
 850              		.syntax unified
 851              		.thumb
 852              		.thumb_func
 853              		.fpu softvfp
 855              	HAL_DBGMCU_DisableDBGStandbyMode:
 856              	.LFB89:
 562:Drivers/STM32F1xx_HAL_Driver/Src/stm32f1xx_hal.c **** 
 563:Drivers/STM32F1xx_HAL_Driver/Src/stm32f1xx_hal.c **** /**
 564:Drivers/STM32F1xx_HAL_Driver/Src/stm32f1xx_hal.c ****   * @brief  Disable the Debug Module during STANDBY mode
 565:Drivers/STM32F1xx_HAL_Driver/Src/stm32f1xx_hal.c ****   * Note: On devices STM32F10xx8 and STM32F10xxB,
 566:Drivers/STM32F1xx_HAL_Driver/Src/stm32f1xx_hal.c ****   *                  STM32F101xC/D/E and STM32F103xC/D/E,
 567:Drivers/STM32F1xx_HAL_Driver/Src/stm32f1xx_hal.c ****   *                  STM32F101xF/G and STM32F103xF/G
 568:Drivers/STM32F1xx_HAL_Driver/Src/stm32f1xx_hal.c ****   *                  STM32F10xx4 and STM32F10xx6
 569:Drivers/STM32F1xx_HAL_Driver/Src/stm32f1xx_hal.c ****   *       Debug registers DBGMCU_IDCODE and DBGMCU_CR are accessible only in
 570:Drivers/STM32F1xx_HAL_Driver/Src/stm32f1xx_hal.c ****   *       debug mode (not accessible by the user software in normal mode).
 571:Drivers/STM32F1xx_HAL_Driver/Src/stm32f1xx_hal.c ****   *       Refer to errata sheet of these devices for more details.
 572:Drivers/STM32F1xx_HAL_Driver/Src/stm32f1xx_hal.c ****   * @retval None
 573:Drivers/STM32F1xx_HAL_Driver/Src/stm32f1xx_hal.c ****   */
 574:Drivers/STM32F1xx_HAL_Driver/Src/stm32f1xx_hal.c **** void HAL_DBGMCU_DisableDBGStandbyMode(void)
 575:Drivers/STM32F1xx_HAL_Driver/Src/stm32f1xx_hal.c **** {
 857              		.loc 1 575 1 is_stmt 1 view -0
 858              		.cfi_startproc
 859              		@ args = 0, pretend = 0, frame = 0
 860              		@ frame_needed = 0, uses_anonymous_args = 0
 861              		@ link register save eliminated.
 576:Drivers/STM32F1xx_HAL_Driver/Src/stm32f1xx_hal.c ****   CLEAR_BIT(DBGMCU->CR, DBGMCU_CR_DBG_STANDBY);
 862              		.loc 1 576 3 view .LVU132
 863 0000 024A     		ldr	r2, .L87
 864 0002 5368     		ldr	r3, [r2, #4]
ARM GAS  C:\Users\HARTO_~1\AppData\Local\Temp\ccK5QW7w.s 			page 26


 865 0004 23F00403 		bic	r3, r3, #4
 866 0008 5360     		str	r3, [r2, #4]
 577:Drivers/STM32F1xx_HAL_Driver/Src/stm32f1xx_hal.c **** }
 867              		.loc 1 577 1 is_stmt 0 view .LVU133
 868 000a 7047     		bx	lr
 869              	.L88:
 870              		.align	2
 871              	.L87:
 872 000c 002004E0 		.word	-536600576
 873              		.cfi_endproc
 874              	.LFE89:
 876              		.global	uwTickFreq
 877              		.global	uwTickPrio
 878              		.comm	uwTick,4,4
 879              		.section	.data.uwTickFreq,"aw"
 880              		.set	.LANCHOR0,. + 0
 883              	uwTickFreq:
 884 0000 01       		.byte	1
 885              		.section	.data.uwTickPrio,"aw"
 886              		.align	2
 887              		.set	.LANCHOR1,. + 0
 890              	uwTickPrio:
 891 0000 10000000 		.word	16
 892              		.text
 893              	.Letext0:
 894              		.file 2 "c:\\software\\embeddedgcc\\arm_gcc\\arm-none-eabi\\include\\machine\\_default_types.h"
 895              		.file 3 "c:\\software\\embeddedgcc\\arm_gcc\\arm-none-eabi\\include\\sys\\_stdint.h"
 896              		.file 4 "Drivers/CMSIS/Include/core_cm3.h"
 897              		.file 5 "Drivers/CMSIS/Device/ST/STM32F1xx/Include/system_stm32f1xx.h"
 898              		.file 6 "Drivers/CMSIS/Device/ST/STM32F1xx/Include/stm32f105xc.h"
 899              		.file 7 "Drivers/STM32F1xx_HAL_Driver/Inc/stm32f1xx_hal_def.h"
 900              		.file 8 "Drivers/STM32F1xx_HAL_Driver/Inc/stm32f1xx_hal.h"
 901              		.file 9 "Drivers/STM32F1xx_HAL_Driver/Inc/stm32f1xx_hal_cortex.h"
ARM GAS  C:\Users\HARTO_~1\AppData\Local\Temp\ccK5QW7w.s 			page 27


DEFINED SYMBOLS
                            *ABS*:0000000000000000 stm32f1xx_hal.c
C:\Users\HARTO_~1\AppData\Local\Temp\ccK5QW7w.s:16     .text.HAL_MspInit:0000000000000000 $t
C:\Users\HARTO_~1\AppData\Local\Temp\ccK5QW7w.s:24     .text.HAL_MspInit:0000000000000000 HAL_MspInit
C:\Users\HARTO_~1\AppData\Local\Temp\ccK5QW7w.s:38     .text.HAL_MspDeInit:0000000000000000 $t
C:\Users\HARTO_~1\AppData\Local\Temp\ccK5QW7w.s:45     .text.HAL_MspDeInit:0000000000000000 HAL_MspDeInit
C:\Users\HARTO_~1\AppData\Local\Temp\ccK5QW7w.s:58     .text.HAL_DeInit:0000000000000000 $t
C:\Users\HARTO_~1\AppData\Local\Temp\ccK5QW7w.s:65     .text.HAL_DeInit:0000000000000000 HAL_DeInit
C:\Users\HARTO_~1\AppData\Local\Temp\ccK5QW7w.s:101    .text.HAL_DeInit:0000000000000020 $d
C:\Users\HARTO_~1\AppData\Local\Temp\ccK5QW7w.s:106    .text.HAL_InitTick:0000000000000000 $t
C:\Users\HARTO_~1\AppData\Local\Temp\ccK5QW7w.s:113    .text.HAL_InitTick:0000000000000000 HAL_InitTick
C:\Users\HARTO_~1\AppData\Local\Temp\ccK5QW7w.s:176    .text.HAL_InitTick:0000000000000040 $d
C:\Users\HARTO_~1\AppData\Local\Temp\ccK5QW7w.s:183    .text.HAL_Init:0000000000000000 $t
C:\Users\HARTO_~1\AppData\Local\Temp\ccK5QW7w.s:190    .text.HAL_Init:0000000000000000 HAL_Init
C:\Users\HARTO_~1\AppData\Local\Temp\ccK5QW7w.s:224    .text.HAL_Init:0000000000000020 $d
C:\Users\HARTO_~1\AppData\Local\Temp\ccK5QW7w.s:229    .text.HAL_IncTick:0000000000000000 $t
C:\Users\HARTO_~1\AppData\Local\Temp\ccK5QW7w.s:236    .text.HAL_IncTick:0000000000000000 HAL_IncTick
C:\Users\HARTO_~1\AppData\Local\Temp\ccK5QW7w.s:256    .text.HAL_IncTick:0000000000000010 $d
                            *COM*:0000000000000004 uwTick
C:\Users\HARTO_~1\AppData\Local\Temp\ccK5QW7w.s:262    .text.HAL_GetTick:0000000000000000 $t
C:\Users\HARTO_~1\AppData\Local\Temp\ccK5QW7w.s:269    .text.HAL_GetTick:0000000000000000 HAL_GetTick
C:\Users\HARTO_~1\AppData\Local\Temp\ccK5QW7w.s:285    .text.HAL_GetTick:0000000000000008 $d
C:\Users\HARTO_~1\AppData\Local\Temp\ccK5QW7w.s:290    .text.HAL_GetTickPrio:0000000000000000 $t
C:\Users\HARTO_~1\AppData\Local\Temp\ccK5QW7w.s:297    .text.HAL_GetTickPrio:0000000000000000 HAL_GetTickPrio
C:\Users\HARTO_~1\AppData\Local\Temp\ccK5QW7w.s:312    .text.HAL_GetTickPrio:0000000000000008 $d
C:\Users\HARTO_~1\AppData\Local\Temp\ccK5QW7w.s:317    .text.HAL_SetTickFreq:0000000000000000 $t
C:\Users\HARTO_~1\AppData\Local\Temp\ccK5QW7w.s:324    .text.HAL_SetTickFreq:0000000000000000 HAL_SetTickFreq
C:\Users\HARTO_~1\AppData\Local\Temp\ccK5QW7w.s:383    .text.HAL_SetTickFreq:0000000000000028 $d
C:\Users\HARTO_~1\AppData\Local\Temp\ccK5QW7w.s:389    .text.HAL_GetTickFreq:0000000000000000 $t
C:\Users\HARTO_~1\AppData\Local\Temp\ccK5QW7w.s:396    .text.HAL_GetTickFreq:0000000000000000 HAL_GetTickFreq
C:\Users\HARTO_~1\AppData\Local\Temp\ccK5QW7w.s:411    .text.HAL_GetTickFreq:0000000000000008 $d
C:\Users\HARTO_~1\AppData\Local\Temp\ccK5QW7w.s:416    .text.HAL_Delay:0000000000000000 $t
C:\Users\HARTO_~1\AppData\Local\Temp\ccK5QW7w.s:423    .text.HAL_Delay:0000000000000000 HAL_Delay
C:\Users\HARTO_~1\AppData\Local\Temp\ccK5QW7w.s:475    .text.HAL_Delay:0000000000000024 $d
C:\Users\HARTO_~1\AppData\Local\Temp\ccK5QW7w.s:480    .text.HAL_SuspendTick:0000000000000000 $t
C:\Users\HARTO_~1\AppData\Local\Temp\ccK5QW7w.s:487    .text.HAL_SuspendTick:0000000000000000 HAL_SuspendTick
C:\Users\HARTO_~1\AppData\Local\Temp\ccK5QW7w.s:504    .text.HAL_SuspendTick:000000000000000c $d
C:\Users\HARTO_~1\AppData\Local\Temp\ccK5QW7w.s:509    .text.HAL_ResumeTick:0000000000000000 $t
C:\Users\HARTO_~1\AppData\Local\Temp\ccK5QW7w.s:516    .text.HAL_ResumeTick:0000000000000000 HAL_ResumeTick
C:\Users\HARTO_~1\AppData\Local\Temp\ccK5QW7w.s:533    .text.HAL_ResumeTick:000000000000000c $d
C:\Users\HARTO_~1\AppData\Local\Temp\ccK5QW7w.s:538    .text.HAL_GetHalVersion:0000000000000000 $t
C:\Users\HARTO_~1\AppData\Local\Temp\ccK5QW7w.s:545    .text.HAL_GetHalVersion:0000000000000000 HAL_GetHalVersion
C:\Users\HARTO_~1\AppData\Local\Temp\ccK5QW7w.s:559    .text.HAL_GetHalVersion:0000000000000004 $d
C:\Users\HARTO_~1\AppData\Local\Temp\ccK5QW7w.s:564    .text.HAL_GetREVID:0000000000000000 $t
C:\Users\HARTO_~1\AppData\Local\Temp\ccK5QW7w.s:571    .text.HAL_GetREVID:0000000000000000 HAL_GetREVID
C:\Users\HARTO_~1\AppData\Local\Temp\ccK5QW7w.s:588    .text.HAL_GetREVID:0000000000000008 $d
C:\Users\HARTO_~1\AppData\Local\Temp\ccK5QW7w.s:593    .text.HAL_GetDEVID:0000000000000000 $t
C:\Users\HARTO_~1\AppData\Local\Temp\ccK5QW7w.s:600    .text.HAL_GetDEVID:0000000000000000 HAL_GetDEVID
C:\Users\HARTO_~1\AppData\Local\Temp\ccK5QW7w.s:617    .text.HAL_GetDEVID:000000000000000c $d
C:\Users\HARTO_~1\AppData\Local\Temp\ccK5QW7w.s:622    .text.HAL_GetUIDw0:0000000000000000 $t
C:\Users\HARTO_~1\AppData\Local\Temp\ccK5QW7w.s:629    .text.HAL_GetUIDw0:0000000000000000 HAL_GetUIDw0
C:\Users\HARTO_~1\AppData\Local\Temp\ccK5QW7w.s:644    .text.HAL_GetUIDw0:0000000000000008 $d
C:\Users\HARTO_~1\AppData\Local\Temp\ccK5QW7w.s:649    .text.HAL_GetUIDw1:0000000000000000 $t
C:\Users\HARTO_~1\AppData\Local\Temp\ccK5QW7w.s:656    .text.HAL_GetUIDw1:0000000000000000 HAL_GetUIDw1
C:\Users\HARTO_~1\AppData\Local\Temp\ccK5QW7w.s:671    .text.HAL_GetUIDw1:0000000000000008 $d
C:\Users\HARTO_~1\AppData\Local\Temp\ccK5QW7w.s:676    .text.HAL_GetUIDw2:0000000000000000 $t
C:\Users\HARTO_~1\AppData\Local\Temp\ccK5QW7w.s:683    .text.HAL_GetUIDw2:0000000000000000 HAL_GetUIDw2
ARM GAS  C:\Users\HARTO_~1\AppData\Local\Temp\ccK5QW7w.s 			page 28


C:\Users\HARTO_~1\AppData\Local\Temp\ccK5QW7w.s:698    .text.HAL_GetUIDw2:0000000000000008 $d
C:\Users\HARTO_~1\AppData\Local\Temp\ccK5QW7w.s:703    .text.HAL_DBGMCU_EnableDBGSleepMode:0000000000000000 $t
C:\Users\HARTO_~1\AppData\Local\Temp\ccK5QW7w.s:710    .text.HAL_DBGMCU_EnableDBGSleepMode:0000000000000000 HAL_DBGMCU_EnableDBGSleepMode
C:\Users\HARTO_~1\AppData\Local\Temp\ccK5QW7w.s:727    .text.HAL_DBGMCU_EnableDBGSleepMode:000000000000000c $d
C:\Users\HARTO_~1\AppData\Local\Temp\ccK5QW7w.s:732    .text.HAL_DBGMCU_DisableDBGSleepMode:0000000000000000 $t
C:\Users\HARTO_~1\AppData\Local\Temp\ccK5QW7w.s:739    .text.HAL_DBGMCU_DisableDBGSleepMode:0000000000000000 HAL_DBGMCU_DisableDBGSleepMode
C:\Users\HARTO_~1\AppData\Local\Temp\ccK5QW7w.s:756    .text.HAL_DBGMCU_DisableDBGSleepMode:000000000000000c $d
C:\Users\HARTO_~1\AppData\Local\Temp\ccK5QW7w.s:761    .text.HAL_DBGMCU_EnableDBGStopMode:0000000000000000 $t
C:\Users\HARTO_~1\AppData\Local\Temp\ccK5QW7w.s:768    .text.HAL_DBGMCU_EnableDBGStopMode:0000000000000000 HAL_DBGMCU_EnableDBGStopMode
C:\Users\HARTO_~1\AppData\Local\Temp\ccK5QW7w.s:785    .text.HAL_DBGMCU_EnableDBGStopMode:000000000000000c $d
C:\Users\HARTO_~1\AppData\Local\Temp\ccK5QW7w.s:790    .text.HAL_DBGMCU_DisableDBGStopMode:0000000000000000 $t
C:\Users\HARTO_~1\AppData\Local\Temp\ccK5QW7w.s:797    .text.HAL_DBGMCU_DisableDBGStopMode:0000000000000000 HAL_DBGMCU_DisableDBGStopMode
C:\Users\HARTO_~1\AppData\Local\Temp\ccK5QW7w.s:814    .text.HAL_DBGMCU_DisableDBGStopMode:000000000000000c $d
C:\Users\HARTO_~1\AppData\Local\Temp\ccK5QW7w.s:819    .text.HAL_DBGMCU_EnableDBGStandbyMode:0000000000000000 $t
C:\Users\HARTO_~1\AppData\Local\Temp\ccK5QW7w.s:826    .text.HAL_DBGMCU_EnableDBGStandbyMode:0000000000000000 HAL_DBGMCU_EnableDBGStandbyMode
C:\Users\HARTO_~1\AppData\Local\Temp\ccK5QW7w.s:843    .text.HAL_DBGMCU_EnableDBGStandbyMode:000000000000000c $d
C:\Users\HARTO_~1\AppData\Local\Temp\ccK5QW7w.s:848    .text.HAL_DBGMCU_DisableDBGStandbyMode:0000000000000000 $t
C:\Users\HARTO_~1\AppData\Local\Temp\ccK5QW7w.s:855    .text.HAL_DBGMCU_DisableDBGStandbyMode:0000000000000000 HAL_DBGMCU_DisableDBGStandbyMode
C:\Users\HARTO_~1\AppData\Local\Temp\ccK5QW7w.s:872    .text.HAL_DBGMCU_DisableDBGStandbyMode:000000000000000c $d
C:\Users\HARTO_~1\AppData\Local\Temp\ccK5QW7w.s:883    .data.uwTickFreq:0000000000000000 uwTickFreq
C:\Users\HARTO_~1\AppData\Local\Temp\ccK5QW7w.s:890    .data.uwTickPrio:0000000000000000 uwTickPrio
C:\Users\HARTO_~1\AppData\Local\Temp\ccK5QW7w.s:886    .data.uwTickPrio:0000000000000000 $d

UNDEFINED SYMBOLS
HAL_SYSTICK_Config
HAL_NVIC_SetPriority
SystemCoreClock
HAL_NVIC_SetPriorityGrouping
