ARM GAS  C:\Users\HARTO_~1\AppData\Local\Temp\ccV9Hvrh.s 			page 1


   1              		.cpu cortex-m3
   2              		.eabi_attribute 20, 1
   3              		.eabi_attribute 21, 1
   4              		.eabi_attribute 23, 3
   5              		.eabi_attribute 24, 1
   6              		.eabi_attribute 25, 1
   7              		.eabi_attribute 26, 1
   8              		.eabi_attribute 30, 1
   9              		.eabi_attribute 34, 1
  10              		.eabi_attribute 18, 4
  11              		.file	"adcLib.c"
  12              		.text
  13              	.Ltext0:
  14              		.cfi_sections	.debug_frame
  15              		.section	.text.adcInit,"ax",%progbits
  16              		.align	1
  17              		.global	adcInit
  18              		.arch armv7-m
  19              		.syntax unified
  20              		.thumb
  21              		.thumb_func
  22              		.fpu softvfp
  24              	adcInit:
  25              	.LFB65:
  26              		.file 1 "Code/src/adcLib.c"
   1:Code/src/adcLib.c **** /***************************Library*******************************/
   2:Code/src/adcLib.c **** 
   3:Code/src/adcLib.c **** #include "adcLib.h"
   4:Code/src/adcLib.c **** 
   5:Code/src/adcLib.c **** /*************************Functions*******************************/
   6:Code/src/adcLib.c **** 
   7:Code/src/adcLib.c **** void adcInit(void)
   8:Code/src/adcLib.c **** {
  27              		.loc 1 8 1 view -0
  28              		.cfi_startproc
  29              		@ args = 0, pretend = 0, frame = 0
  30              		@ frame_needed = 0, uses_anonymous_args = 0
  31              		@ link register save eliminated.
   9:Code/src/adcLib.c **** 	//PA0 - net ADC5
  10:Code/src/adcLib.c **** 
  11:Code/src/adcLib.c **** 	RCC->APB2ENR |= RCC_APB2ENR_IOPAEN;   	//Takt Port A
  32              		.loc 1 11 2 view .LVU1
  33              		.loc 1 11 15 is_stmt 0 view .LVU2
  34 0000 1E4B     		ldr	r3, .L3
  35 0002 9A69     		ldr	r2, [r3, #24]
  36 0004 42F00402 		orr	r2, r2, #4
  37 0008 9A61     		str	r2, [r3, #24]
  12:Code/src/adcLib.c **** 	RCC->APB2ENR |= RCC_APB2ENR_AFIOEN;	  	//Alt function EN
  38              		.loc 1 12 2 is_stmt 1 view .LVU3
  39              		.loc 1 12 15 is_stmt 0 view .LVU4
  40 000a 9A69     		ldr	r2, [r3, #24]
  41 000c 42F00102 		orr	r2, r2, #1
  42 0010 9A61     		str	r2, [r3, #24]
  13:Code/src/adcLib.c **** 
  14:Code/src/adcLib.c **** 	GPIOA->CRL &= ~GPIO_CRL_CNF0;			//Analog Input
  43              		.loc 1 14 2 is_stmt 1 view .LVU5
  44              		.loc 1 14 13 is_stmt 0 view .LVU6
ARM GAS  C:\Users\HARTO_~1\AppData\Local\Temp\ccV9Hvrh.s 			page 2


  45 0012 1B4A     		ldr	r2, .L3+4
  46 0014 1168     		ldr	r1, [r2]
  47 0016 21F00C01 		bic	r1, r1, #12
  48 001a 1160     		str	r1, [r2]
  15:Code/src/adcLib.c **** 	GPIOA->CRL &= ~GPIO_CRL_MODE0;			//Analog Input
  49              		.loc 1 15 2 is_stmt 1 view .LVU7
  50              		.loc 1 15 13 is_stmt 0 view .LVU8
  51 001c 1168     		ldr	r1, [r2]
  52 001e 21F00301 		bic	r1, r1, #3
  53 0022 1160     		str	r1, [r2]
  16:Code/src/adcLib.c **** 
  17:Code/src/adcLib.c **** 	RCC->APB2ENR |= RCC_APB2ENR_ADC1EN;		//ADC1 EN
  54              		.loc 1 17 2 is_stmt 1 view .LVU9
  55              		.loc 1 17 15 is_stmt 0 view .LVU10
  56 0024 9A69     		ldr	r2, [r3, #24]
  57 0026 42F40072 		orr	r2, r2, #512
  58 002a 9A61     		str	r2, [r3, #24]
  18:Code/src/adcLib.c **** 	RCC->CFGR |= RCC_CFGR_ADCPRE_DIV4;		//Prescaler ADC /4
  59              		.loc 1 18 2 is_stmt 1 view .LVU11
  60              		.loc 1 18 12 is_stmt 0 view .LVU12
  61 002c 5A68     		ldr	r2, [r3, #4]
  62 002e 42F48042 		orr	r2, r2, #16384
  63 0032 5A60     		str	r2, [r3, #4]
  19:Code/src/adcLib.c **** 
  20:Code/src/adcLib.c **** 	ADC1->CR2 |= ADC_CR2_CAL; 				//Start calibration
  64              		.loc 1 20 2 is_stmt 1 view .LVU13
  65              		.loc 1 20 12 is_stmt 0 view .LVU14
  66 0034 134A     		ldr	r2, .L3+8
  67 0036 9368     		ldr	r3, [r2, #8]
  68 0038 43F00403 		orr	r3, r3, #4
  69 003c 9360     		str	r3, [r2, #8]
  21:Code/src/adcLib.c **** 	while (!(ADC1->CR2 & ADC_CR2_CAL));		//Waiting for calibration
  70              		.loc 1 21 2 is_stmt 1 view .LVU15
  71              	.L2:
  72              		.loc 1 21 36 discriminator 1 view .LVU16
  73              		.loc 1 21 15 is_stmt 0 discriminator 1 view .LVU17
  74 003e 114B     		ldr	r3, .L3+8
  75 0040 9B68     		ldr	r3, [r3, #8]
  76              		.loc 1 21 8 discriminator 1 view .LVU18
  77 0042 13F0040F 		tst	r3, #4
  78 0046 FAD0     		beq	.L2
  22:Code/src/adcLib.c **** 
  23:Code/src/adcLib.c **** 	ADC1->CR2 |= ADC_CR2_ADON;     			// enable ADC
  79              		.loc 1 23 2 is_stmt 1 view .LVU19
  80              		.loc 1 23 12 is_stmt 0 view .LVU20
  81 0048 0E4B     		ldr	r3, .L3+8
  82 004a 9A68     		ldr	r2, [r3, #8]
  83 004c 42F00102 		orr	r2, r2, #1
  84 0050 9A60     		str	r2, [r3, #8]
  24:Code/src/adcLib.c **** 	ADC1->CR2 &= ~ADC_CR2_CONT;				// 0 - single conversion, 1 - continuous conversion	
  85              		.loc 1 24 2 is_stmt 1 view .LVU21
  86              		.loc 1 24 12 is_stmt 0 view .LVU22
  87 0052 9A68     		ldr	r2, [r3, #8]
  88 0054 22F00202 		bic	r2, r2, #2
  89 0058 9A60     		str	r2, [r3, #8]
  25:Code/src/adcLib.c **** 	ADC1->CR2 |= ADC_CR2_EXTSEL;      		// event start conversion SWSTART
  90              		.loc 1 25 2 is_stmt 1 view .LVU23
ARM GAS  C:\Users\HARTO_~1\AppData\Local\Temp\ccV9Hvrh.s 			page 3


  91              		.loc 1 25 12 is_stmt 0 view .LVU24
  92 005a 9A68     		ldr	r2, [r3, #8]
  93 005c 42F46022 		orr	r2, r2, #917504
  94 0060 9A60     		str	r2, [r3, #8]
  26:Code/src/adcLib.c **** 	ADC1->CR2 |= ADC_CR2_EXTTRIG;           // enable start conversion external signal
  95              		.loc 1 26 2 is_stmt 1 view .LVU25
  96              		.loc 1 26 12 is_stmt 0 view .LVU26
  97 0062 9A68     		ldr	r2, [r3, #8]
  98 0064 42F48012 		orr	r2, r2, #1048576
  99 0068 9A60     		str	r2, [r3, #8]
  27:Code/src/adcLib.c **** 	ADC1->SMPR1 |= ADC_SMPR1_SMP16; 		// sempling 239.5 cycle
 100              		.loc 1 27 2 is_stmt 1 view .LVU27
 101              		.loc 1 27 14 is_stmt 0 view .LVU28
 102 006a DA68     		ldr	r2, [r3, #12]
 103 006c 42F4E012 		orr	r2, r2, #1835008
 104 0070 DA60     		str	r2, [r3, #12]
  28:Code/src/adcLib.c **** 	ADC1->SQR3 &= ~ADC_SQR3_SQ1;    		// selection channel
 105              		.loc 1 28 2 is_stmt 1 view .LVU29
 106              		.loc 1 28 13 is_stmt 0 view .LVU30
 107 0072 5A6B     		ldr	r2, [r3, #52]
 108 0074 22F01F02 		bic	r2, r2, #31
 109 0078 5A63     		str	r2, [r3, #52]
  29:Code/src/adcLib.c **** 
  30:Code/src/adcLib.c **** 
  31:Code/src/adcLib.c **** }
 110              		.loc 1 31 1 view .LVU31
 111 007a 7047     		bx	lr
 112              	.L4:
 113              		.align	2
 114              	.L3:
 115 007c 00100240 		.word	1073876992
 116 0080 00080140 		.word	1073809408
 117 0084 00240140 		.word	1073816576
 118              		.cfi_endproc
 119              	.LFE65:
 121              		.section	.text.adcConvert,"ax",%progbits
 122              		.align	1
 123              		.global	adcConvert
 124              		.syntax unified
 125              		.thumb
 126              		.thumb_func
 127              		.fpu softvfp
 129              	adcConvert:
 130              	.LFB66:
  32:Code/src/adcLib.c **** 
  33:Code/src/adcLib.c **** uint16_t adcConvert (void)
  34:Code/src/adcLib.c **** {
 131              		.loc 1 34 1 is_stmt 1 view -0
 132              		.cfi_startproc
 133              		@ args = 0, pretend = 0, frame = 0
 134              		@ frame_needed = 0, uses_anonymous_args = 0
 135              		@ link register save eliminated.
  35:Code/src/adcLib.c **** 	ADC1->CR2 |= ADC_CR2_SWSTART;
 136              		.loc 1 35 2 view .LVU33
 137              		.loc 1 35 12 is_stmt 0 view .LVU34
 138 0000 064A     		ldr	r2, .L7
 139 0002 9368     		ldr	r3, [r2, #8]
ARM GAS  C:\Users\HARTO_~1\AppData\Local\Temp\ccV9Hvrh.s 			page 4


 140 0004 43F48003 		orr	r3, r3, #4194304
 141 0008 9360     		str	r3, [r2, #8]
  36:Code/src/adcLib.c **** 		
  37:Code/src/adcLib.c **** 	while (!(ADC1->SR & ADC_SR_EOC));
 142              		.loc 1 37 2 is_stmt 1 view .LVU35
 143              	.L6:
 144              		.loc 1 37 34 discriminator 1 view .LVU36
 145              		.loc 1 37 15 is_stmt 0 discriminator 1 view .LVU37
 146 000a 044B     		ldr	r3, .L7
 147 000c 1B68     		ldr	r3, [r3]
 148              		.loc 1 37 8 discriminator 1 view .LVU38
 149 000e 13F0020F 		tst	r3, #2
 150 0012 FAD0     		beq	.L6
  38:Code/src/adcLib.c **** 	return (ADC1->DR);
 151              		.loc 1 38 2 is_stmt 1 view .LVU39
 152              		.loc 1 38 14 is_stmt 0 view .LVU40
 153 0014 014B     		ldr	r3, .L7
 154 0016 D86C     		ldr	r0, [r3, #76]
  39:Code/src/adcLib.c **** }
 155              		.loc 1 39 1 view .LVU41
 156 0018 80B2     		uxth	r0, r0
 157 001a 7047     		bx	lr
 158              	.L8:
 159              		.align	2
 160              	.L7:
 161 001c 00240140 		.word	1073816576
 162              		.cfi_endproc
 163              	.LFE66:
 165              		.text
 166              	.Letext0:
 167              		.file 2 "FreeRTOS/inc/stdint.h"
 168              		.file 3 "CMSIS/inc/core_cm3.h"
 169              		.file 4 "CMSIS/inc/system_stm32f1xx.h"
 170              		.file 5 "CMSIS/inc/stm32f105xc.h"
ARM GAS  C:\Users\HARTO_~1\AppData\Local\Temp\ccV9Hvrh.s 			page 5


DEFINED SYMBOLS
                            *ABS*:0000000000000000 adcLib.c
C:\Users\HARTO_~1\AppData\Local\Temp\ccV9Hvrh.s:16     .text.adcInit:0000000000000000 $t
C:\Users\HARTO_~1\AppData\Local\Temp\ccV9Hvrh.s:24     .text.adcInit:0000000000000000 adcInit
C:\Users\HARTO_~1\AppData\Local\Temp\ccV9Hvrh.s:115    .text.adcInit:000000000000007c $d
C:\Users\HARTO_~1\AppData\Local\Temp\ccV9Hvrh.s:122    .text.adcConvert:0000000000000000 $t
C:\Users\HARTO_~1\AppData\Local\Temp\ccV9Hvrh.s:129    .text.adcConvert:0000000000000000 adcConvert
C:\Users\HARTO_~1\AppData\Local\Temp\ccV9Hvrh.s:161    .text.adcConvert:000000000000001c $d

NO UNDEFINED SYMBOLS
