ARM GAS  C:\Users\HARTO_~1\AppData\Local\Temp\ccADJ7ep.s 			page 1


   1              		.cpu cortex-m3
   2              		.eabi_attribute 20, 1
   3              		.eabi_attribute 21, 1
   4              		.eabi_attribute 23, 3
   5              		.eabi_attribute 24, 1
   6              		.eabi_attribute 25, 1
   7              		.eabi_attribute 26, 1
   8              		.eabi_attribute 30, 1
   9              		.eabi_attribute 34, 1
  10              		.eabi_attribute 18, 4
  11              		.file	"main.c"
  12              		.text
  13              	.Ltext0:
  14              		.cfi_sections	.debug_frame
  15              		.section	.text.vTaskOutDAC,"ax",%progbits
  16              		.align	1
  17              		.global	vTaskOutDAC
  18              		.arch armv7-m
  19              		.syntax unified
  20              		.thumb
  21              		.thumb_func
  22              		.fpu softvfp
  24              	vTaskOutDAC:
  25              	.LVL0:
  26              	.LFB70:
  27              		.file 1 "Code/src/main.c"
   1:Code/src/main.c **** /***************************Library*******************************/
   2:Code/src/main.c **** 
   3:Code/src/main.c **** #include "main.h"
   4:Code/src/main.c **** 
   5:Code/src/main.c **** /*****************************Main*******************************/
   6:Code/src/main.c **** 
   7:Code/src/main.c **** int main(void)
   8:Code/src/main.c **** {
   9:Code/src/main.c ****     RCC_Init();
  10:Code/src/main.c ****     GPIO_Init();
  11:Code/src/main.c **** 	dacInit();
  12:Code/src/main.c **** 	
  13:Code/src/main.c **** 	xTaskCreate(vTaskOutDAC, "DAC", 32, NULL, 1, NULL);
  14:Code/src/main.c **** 	
  15:Code/src/main.c **** 	vTaskStartScheduler();
  16:Code/src/main.c **** 
  17:Code/src/main.c ****     while (1)
  18:Code/src/main.c ****     {
  19:Code/src/main.c **** 
  20:Code/src/main.c ****     }
  21:Code/src/main.c ****   
  22:Code/src/main.c **** }
  23:Code/src/main.c **** 
  24:Code/src/main.c **** /*****************************Tasks*******************************/
  25:Code/src/main.c **** 
  26:Code/src/main.c **** void vTaskOutDAC(void *argument)
  27:Code/src/main.c **** {
  28              		.loc 1 27 1 view -0
  29              		.cfi_startproc
  30              		@ args = 0, pretend = 0, frame = 0
  31              		@ frame_needed = 0, uses_anonymous_args = 0
ARM GAS  C:\Users\HARTO_~1\AppData\Local\Temp\ccADJ7ep.s 			page 2


  32              		.loc 1 27 1 is_stmt 0 view .LVU1
  33 0000 10B5     		push	{r4, lr}
  34              	.LCFI0:
  35              		.cfi_def_cfa_offset 8
  36              		.cfi_offset 4, -8
  37              		.cfi_offset 14, -4
  28:Code/src/main.c **** 	uint16_t i = 0;
  38              		.loc 1 28 2 is_stmt 1 view .LVU2
  39              	.LVL1:
  40              		.loc 1 28 11 is_stmt 0 view .LVU3
  41 0002 0024     		movs	r4, #0
  42 0004 02E0     		b	.L3
  43              	.LVL2:
  44              	.L2:
  29:Code/src/main.c **** 	while(1)
  30:Code/src/main.c **** 	{
  31:Code/src/main.c **** 		writeDAC(i);
  32:Code/src/main.c **** 		i++;
  33:Code/src/main.c **** 		if (i==4095)
  34:Code/src/main.c **** 		{
  35:Code/src/main.c **** 			i = 0;
  36:Code/src/main.c **** 		}
  37:Code/src/main.c **** 		vTaskDelay(10);
  45              		.loc 1 37 3 is_stmt 1 view .LVU4
  46 0006 0A20     		movs	r0, #10
  47 0008 FFF7FEFF 		bl	vTaskDelay
  48              	.LVL3:
  49              	.L3:
  29:Code/src/main.c **** 	while(1)
  50              		.loc 1 29 2 view .LVU5
  31:Code/src/main.c **** 		i++;
  51              		.loc 1 31 3 view .LVU6
  52 000c 2046     		mov	r0, r4
  53 000e FFF7FEFF 		bl	writeDAC
  54              	.LVL4:
  32:Code/src/main.c **** 		if (i==4095)
  55              		.loc 1 32 3 view .LVU7
  32:Code/src/main.c **** 		if (i==4095)
  56              		.loc 1 32 4 is_stmt 0 view .LVU8
  57 0012 0134     		adds	r4, r4, #1
  58              	.LVL5:
  32:Code/src/main.c **** 		if (i==4095)
  59              		.loc 1 32 4 view .LVU9
  60 0014 A4B2     		uxth	r4, r4
  61              	.LVL6:
  33:Code/src/main.c **** 		{
  62              		.loc 1 33 3 is_stmt 1 view .LVU10
  33:Code/src/main.c **** 		{
  63              		.loc 1 33 6 is_stmt 0 view .LVU11
  64 0016 40F6FF73 		movw	r3, #4095
  65 001a 9C42     		cmp	r4, r3
  66 001c F3D1     		bne	.L2
  35:Code/src/main.c **** 		}
  67              		.loc 1 35 6 view .LVU12
  68 001e 0024     		movs	r4, #0
  69              	.LVL7:
  35:Code/src/main.c **** 		}
ARM GAS  C:\Users\HARTO_~1\AppData\Local\Temp\ccADJ7ep.s 			page 3


  70              		.loc 1 35 6 view .LVU13
  71 0020 F1E7     		b	.L2
  72              		.cfi_endproc
  73              	.LFE70:
  75              		.section	.text.main,"ax",%progbits
  76              		.align	1
  77              		.global	main
  78              		.syntax unified
  79              		.thumb
  80              		.thumb_func
  81              		.fpu softvfp
  83              	main:
  84              	.LFB69:
   8:Code/src/main.c ****     RCC_Init();
  85              		.loc 1 8 1 is_stmt 1 view -0
  86              		.cfi_startproc
  87              		@ Volatile: function does not return.
  88              		@ args = 0, pretend = 0, frame = 0
  89              		@ frame_needed = 0, uses_anonymous_args = 0
  90 0000 00B5     		push	{lr}
  91              	.LCFI1:
  92              		.cfi_def_cfa_offset 4
  93              		.cfi_offset 14, -4
  94 0002 83B0     		sub	sp, sp, #12
  95              	.LCFI2:
  96              		.cfi_def_cfa_offset 16
   9:Code/src/main.c ****     GPIO_Init();
  97              		.loc 1 9 5 view .LVU15
  98 0004 FFF7FEFF 		bl	RCC_Init
  99              	.LVL8:
  10:Code/src/main.c **** 	dacInit();
 100              		.loc 1 10 5 view .LVU16
 101 0008 FFF7FEFF 		bl	GPIO_Init
 102              	.LVL9:
  11:Code/src/main.c **** 	
 103              		.loc 1 11 2 view .LVU17
 104 000c FFF7FEFF 		bl	dacInit
 105              	.LVL10:
  13:Code/src/main.c **** 	
 106              		.loc 1 13 2 view .LVU18
 107 0010 0023     		movs	r3, #0
 108 0012 0193     		str	r3, [sp, #4]
 109 0014 0122     		movs	r2, #1
 110 0016 0092     		str	r2, [sp]
 111 0018 2022     		movs	r2, #32
 112 001a 0349     		ldr	r1, .L9
 113 001c 0348     		ldr	r0, .L9+4
 114 001e FFF7FEFF 		bl	xTaskCreate
 115              	.LVL11:
  15:Code/src/main.c **** 
 116              		.loc 1 15 2 view .LVU19
 117 0022 FFF7FEFF 		bl	vTaskStartScheduler
 118              	.LVL12:
 119              	.L7:
  17:Code/src/main.c ****     {
 120              		.loc 1 17 5 discriminator 1 view .LVU20
  20:Code/src/main.c ****   
ARM GAS  C:\Users\HARTO_~1\AppData\Local\Temp\ccADJ7ep.s 			page 4


 121              		.loc 1 20 5 discriminator 1 view .LVU21
 122 0026 FEE7     		b	.L7
 123              	.L10:
 124              		.align	2
 125              	.L9:
 126 0028 00000000 		.word	.LC0
 127 002c 00000000 		.word	vTaskOutDAC
 128              		.cfi_endproc
 129              	.LFE69:
 131              		.section	.rodata.main.str1.4,"aMS",%progbits,1
 132              		.align	2
 133              	.LC0:
 134 0000 44414300 		.ascii	"DAC\000"
 135              		.text
 136              	.Letext0:
 137              		.file 2 "FreeRTOS/inc/stdint.h"
 138              		.file 3 "CMSIS/inc/core_cm3.h"
 139              		.file 4 "CMSIS/inc/system_stm32f1xx.h"
 140              		.file 5 "FreeRTOS/inc/task.h"
 141              		.file 6 "Code/inc/dacLib.h"
 142              		.file 7 "Code/inc/sysInit.h"
ARM GAS  C:\Users\HARTO_~1\AppData\Local\Temp\ccADJ7ep.s 			page 5


DEFINED SYMBOLS
                            *ABS*:0000000000000000 main.c
C:\Users\HARTO_~1\AppData\Local\Temp\ccADJ7ep.s:16     .text.vTaskOutDAC:0000000000000000 $t
C:\Users\HARTO_~1\AppData\Local\Temp\ccADJ7ep.s:24     .text.vTaskOutDAC:0000000000000000 vTaskOutDAC
C:\Users\HARTO_~1\AppData\Local\Temp\ccADJ7ep.s:76     .text.main:0000000000000000 $t
C:\Users\HARTO_~1\AppData\Local\Temp\ccADJ7ep.s:83     .text.main:0000000000000000 main
C:\Users\HARTO_~1\AppData\Local\Temp\ccADJ7ep.s:126    .text.main:0000000000000028 $d
C:\Users\HARTO_~1\AppData\Local\Temp\ccADJ7ep.s:132    .rodata.main.str1.4:0000000000000000 $d

UNDEFINED SYMBOLS
vTaskDelay
writeDAC
RCC_Init
GPIO_Init
dacInit
xTaskCreate
vTaskStartScheduler
