ARM GAS  C:\Users\DEVELO~1\AppData\Local\Temp\ccBx3DKC.s 			page 1


   1              		.cpu cortex-m4
   2              		.eabi_attribute 27, 1
   3              		.eabi_attribute 28, 1
   4              		.eabi_attribute 20, 1
   5              		.eabi_attribute 21, 1
   6              		.eabi_attribute 23, 3
   7              		.eabi_attribute 24, 1
   8              		.eabi_attribute 25, 1
   9              		.eabi_attribute 26, 1
  10              		.eabi_attribute 30, 1
  11              		.eabi_attribute 34, 1
  12              		.eabi_attribute 18, 4
  13              		.file	"main.c"
  14              		.text
  15              	.Ltext0:
  16              		.cfi_sections	.debug_frame
  17              		.section	.text.main,"ax",%progbits
  18              		.align	1
  19              		.global	main
  20              		.arch armv7e-m
  21              		.syntax unified
  22              		.thumb
  23              		.thumb_func
  24              		.fpu fpv4-sp-d16
  26              	main:
  27              	.LFB134:
  28              		.file 1 "Code/src/main.c"
   1:Code/src/main.c **** #include "main.h"
   2:Code/src/main.c **** 
   3:Code/src/main.c **** /*void RCC_Init(void);
   4:Code/src/main.c **** void GPIO_Init(void);
   5:Code/src/main.c **** void USART3_Init(void);
   6:Code/src/main.c **** void USART3_Send(char chr);
   7:Code/src/main.c **** void USART3_Send_String(char* str);
   8:Code/src/main.c **** //void USART3_IRQHandler(void);
   9:Code/src/main.c **** //void MCO_out(void);
  10:Code/src/main.c **** 
  11:Code/src/main.c **** 
  12:Code/src/main.c **** //void vTaskLed1(void *argument);
  13:Code/src/main.c **** //void vTaskLed2(void *argument);
  14:Code/src/main.c **** void vTaskButtonUser(void *argument);
  15:Code/src/main.c **** */
  16:Code/src/main.c **** int main(void)
  17:Code/src/main.c **** {
  29              		.loc 1 17 1 view -0
  30              		.cfi_startproc
  31              		@ Volatile: function does not return.
  32              		@ args = 0, pretend = 0, frame = 0
  33              		@ frame_needed = 0, uses_anonymous_args = 0
  34              		@ link register save eliminated.
  18:Code/src/main.c ****     /*RCC_Init();
  19:Code/src/main.c ****     GPIO_Init();
  20:Code/src/main.c **** 	USART3_Init();
  21:Code/src/main.c **** 	//USART3_IRQHandler();
  22:Code/src/main.c **** 	//MCO_out();
  23:Code/src/main.c **** 
  24:Code/src/main.c **** 	//xTaskCreate(vTaskLed1, "LED1", 32, NULL, 2, NULL);
ARM GAS  C:\Users\DEVELO~1\AppData\Local\Temp\ccBx3DKC.s 			page 2


  25:Code/src/main.c **** 	//xTaskCreate(vTaskLed2, "LED2", 32, NULL, 1, NULL);
  26:Code/src/main.c **** 	xTaskCreate(vTaskButtonUser, "LED1", 32, NULL, 1, NULL);
  27:Code/src/main.c **** 	
  28:Code/src/main.c **** 	vTaskStartScheduler();
  29:Code/src/main.c **** */
  30:Code/src/main.c **** 
  31:Code/src/main.c **** 	RCC->AHB1ENR |= RCC_AHB1ENR_GPIOBEN;
  35              		.loc 1 31 2 view .LVU1
  36              		.loc 1 31 15 is_stmt 0 view .LVU2
  37 0000 0E4B     		ldr	r3, .L3
  38 0002 1A6B     		ldr	r2, [r3, #48]
  39 0004 42F00202 		orr	r2, r2, #2
  40 0008 1A63     		str	r2, [r3, #48]
  32:Code/src/main.c **** 	RCC->AHB1ENR |= RCC_AHB1ENR_GPIOAEN;
  41              		.loc 1 32 2 is_stmt 1 view .LVU3
  42              		.loc 1 32 15 is_stmt 0 view .LVU4
  43 000a 1A6B     		ldr	r2, [r3, #48]
  44 000c 42F00102 		orr	r2, r2, #1
  45 0010 1A63     		str	r2, [r3, #48]
  33:Code/src/main.c **** 	GPIOB->MODER |= GPIO_MODER_MODER5_0;
  46              		.loc 1 33 2 is_stmt 1 view .LVU5
  47              		.loc 1 33 15 is_stmt 0 view .LVU6
  48 0012 A3F55053 		sub	r3, r3, #13312
  49 0016 1A68     		ldr	r2, [r3]
  50 0018 42F48062 		orr	r2, r2, #1024
  51 001c 1A60     		str	r2, [r3]
  34:Code/src/main.c **** 	GPIOB->BSRR |= GPIO_BSRR_BS_5;		
  52              		.loc 1 34 2 is_stmt 1 view .LVU7
  53              		.loc 1 34 14 is_stmt 0 view .LVU8
  54 001e 9A69     		ldr	r2, [r3, #24]
  55 0020 42F02002 		orr	r2, r2, #32
  56 0024 9A61     		str	r2, [r3, #24]
  35:Code/src/main.c ****    GPIOA->MODER |= GPIO_MODER_MODER0_0;
  57              		.loc 1 35 4 is_stmt 1 view .LVU9
  58              		.loc 1 35 17 is_stmt 0 view .LVU10
  59 0026 A3F58063 		sub	r3, r3, #1024
  60 002a 1A68     		ldr	r2, [r3]
  61 002c 42F00102 		orr	r2, r2, #1
  62 0030 1A60     		str	r2, [r3]
  36:Code/src/main.c **** 	GPIOA->BSRR |= GPIO_BSRR_BS_0;							
  63              		.loc 1 36 2 is_stmt 1 view .LVU11
  64              		.loc 1 36 14 is_stmt 0 view .LVU12
  65 0032 9A69     		ldr	r2, [r3, #24]
  66 0034 42F00102 		orr	r2, r2, #1
  67 0038 9A61     		str	r2, [r3, #24]
  68              	.L2:
  37:Code/src/main.c **** 
  38:Code/src/main.c ****     while (1)
  69              		.loc 1 38 5 is_stmt 1 discriminator 1 view .LVU13
  39:Code/src/main.c ****     {
  40:Code/src/main.c **** 		
  41:Code/src/main.c ****     }
  70              		.loc 1 41 5 discriminator 1 view .LVU14
  71 003a FEE7     		b	.L2
  72              	.L4:
  73              		.align	2
  74              	.L3:
ARM GAS  C:\Users\DEVELO~1\AppData\Local\Temp\ccBx3DKC.s 			page 3


  75 003c 00380240 		.word	1073887232
  76              		.cfi_endproc
  77              	.LFE134:
  79              		.text
  80              	.Letext0:
  81              		.file 2 "c:\\software\\embeddedgcc\\arm_gcc\\arm-none-eabi\\include\\machine\\_default_types.h"
  82              		.file 3 "c:\\software\\embeddedgcc\\arm_gcc\\arm-none-eabi\\include\\sys\\_stdint.h"
  83              		.file 4 "CMSIS/inc/core_cm4.h"
  84              		.file 5 "CMSIS/inc/system_stm32f4xx.h"
  85              		.file 6 "CMSIS/inc/stm32f405xx.h"
ARM GAS  C:\Users\DEVELO~1\AppData\Local\Temp\ccBx3DKC.s 			page 4


DEFINED SYMBOLS
                            *ABS*:0000000000000000 main.c
C:\Users\DEVELO~1\AppData\Local\Temp\ccBx3DKC.s:18     .text.main:0000000000000000 $t
C:\Users\DEVELO~1\AppData\Local\Temp\ccBx3DKC.s:26     .text.main:0000000000000000 main
C:\Users\DEVELO~1\AppData\Local\Temp\ccBx3DKC.s:75     .text.main:000000000000003c $d

NO UNDEFINED SYMBOLS
